LOGIN:tenuki OK
BEGIN Game_Summary
Protocol_Version:1.2
Protocol_Mode:Server
Format:Shogi 1.0
Declaration:Jishogi 1.1
Game_ID:WCSC31_L5_CGP_TEN
Name+:CGP
Name-:tenuki
Your_Turn:-
Rematch_On_Draw:NO
To_Move:+
Max_Moves:320
BEGIN Time
Time_Unit:1sec
Total_Time:900
Increment:5
END Time
BEGIN Position
P1-KY-KE-GI-KI-OU-KI-GI-KE-KY
P2 * -HI *  *  *  *  * -KA * 
P3-FU-FU-FU-FU-FU-FU-FU-FU-FU
P4 *  *  *  *  *  *  *  *  * 
P5 *  *  *  *  *  *  *  *  * 
P6 *  *  *  *  *  *  *  *  * 
P7+FU+FU+FU+FU+FU+FU+FU+FU+FU
P8 * +KA *  *  *  *  * +HI * 
P9+KY+KE+GI+KI+OU+KI+GI+KE+KY
P+
P-
+
END Position
END Game_Summary
START:WCSC31_L5_CGP_TEN
+7776FU,T0
-8384FU,T0
+7968GI,T0
-3334FU,T0
+6877GI,T0
-7162GI,T0
+2726FU,T0
-3142GI,T20
+3948GI,T0
-7374FU,T20
+2625FU,T23
-4233GI,T20
+5756FU,T18
-4132KI,T20
+6766FU,T32
-5141OU,T20
+4958KI,T20
-6152KI,T20
+5968OU,T31
-6364FU,T20
+6878OU,T18
-8173KE,T20
+5867KI,T28
-5354FU,T20
+3736FU,T36
-3344GI,T20
+4746FU,T23
-5455FU,T20
+4847GI,T19
-6263GI,T20
+5655FU,T28
-1314FU,T20
+2937KE,T22
-8485FU,T20
+4645FU,T19
-4453GI,T20
+4756GI,T19
-2213KA,T20
+8879KA,T37
-1379UM,T20
+6979KI,T36
-7475FU,T20
+7675FU,T19
-6465FU,T20
+2524FU,T21
-6566FU,T20
+2423TO,T19
-6667TO,T20
+5667GI,T36
-0039KA,T20
+2332TO,T19
-4132OU,T20
+0041KA,T25
-3241OU,T20
+2821RY,T29
-0031KI,T20
+0032KI,T31
-4151OU,T20
+2131RY,T36
-5162OU,T20
+3191RY,T36
-8284HI,T20
+0074KE,T36
-6374GI,T20
+7574FU,T36
-8474HI,T20
+9182RY,T36
-0072FU,T20
+0083GI,T27
-0063KA,T20
+8374GI,T31
-6374KA,T20
+0091HI,T36
-0083GI,T20
+0064KY,T0
-5364GI,T20
+9171RY,T0
-6253OU,T20
+0054KI,T0
%TORYO,T0
#RESIGN
#LOSE
