LOGIN:tenuki OK
BEGIN Game_Summary
Protocol_Version:1.2
Protocol_Mode:Server
Format:Shogi 1.0
Declaration:Jishogi 1.1
Game_ID:WCSC31_L3_TEN_YUU
Name+:tenuki
Name-:MattariYuchan
Your_Turn:+
Rematch_On_Draw:NO
To_Move:+
Max_Moves:320
BEGIN Time
Time_Unit:1sec
Total_Time:900
Increment:5
END Time
BEGIN Position
P1-KY-KE-GI-KI-OU-KI-GI-KE-KY
P2 * -HI *  *  *  *  * -KA * 
P3-FU-FU-FU-FU-FU-FU-FU-FU-FU
P4 *  *  *  *  *  *  *  *  * 
P5 *  *  *  *  *  *  *  *  * 
P6 *  *  *  *  *  *  *  *  * 
P7+FU+FU+FU+FU+FU+FU+FU+FU+FU
P8 * +KA *  *  *  *  * +HI * 
P9+KY+KE+GI+KI+OU+KI+GI+KE+KY
P+
P-
+
END Position
END Game_Summary
START:WCSC31_L3_TEN_YUU
+5756FU,T0
-5354FU,T0
+2726FU,T20
-3334FU,T0
+2625FU,T20
-7162GI,T17
+2524FU,T20
-2324FU,T17
+2824HI,T20
-6152KI,T18
+2423RY,T20
-8292HI,T30
+2325RY,T20
-5161OU,T16
+0024FU,T20
-3435FU,T32
+2423TO,T20
-2244KA,T19
+2324TO,T20
-9394FU,T45
+2434TO,T20
-4422KA,T38
+2535RY,T20
-1314FU,T32
+0023FU,T20
-2213KA,T22
+3424TO,T20
-3122GI,T49
+2413TO,T20
-2213GI,T30
+7776FU,T20
-0033FU,T15
+7978GI,T20
-6172OU,T21
+3526RY,T20
-4131KI,T40
+9796FU,T20
-3132KI,T14
+8866KA,T20
-0024FU,T50
+8977KE,T20
-5253KI,T37
+3948GI,T20
-9282HI,T52
+2646RY,T20
-3223KI,T24
+7765KE,T20
-5364KI,T52
+4643RY,T20
-6465KI,T14
+6644KA,T20
-0053KE,T36
+4352RY,T20
-1415FU,T60
+4453UM,T20
-8193KE,T0
+5262RY,T20
-7281OU,T0
+5363UM,T20
-8192OU,T0
+0081GI,T20
%TORYO,T0
#RESIGN
#WIN
