LOGIN:tenuki OK
BEGIN Game_Summary
Protocol_Version:1.2
Protocol_Mode:Server
Format:Shogi 1.0
Declaration:Jishogi 1.1
Game_ID:WCSC31_L4_ICB_TEN_1
Name+:ichibin
Name-:tenuki
Your_Turn:-
Rematch_On_Draw:NO
To_Move:+
Max_Moves:320
BEGIN Time
Time_Unit:1sec
Total_Time:900
Increment:5
END Time
BEGIN Position
P1-KY-KE-GI-KI-OU-KI-GI-KE-KY
P2 * -HI *  *  *  *  * -KA * 
P3-FU-FU-FU-FU-FU-FU-FU-FU-FU
P4 *  *  *  *  *  *  *  *  * 
P5 *  *  *  *  *  *  *  *  * 
P6 *  *  *  *  *  *  *  *  * 
P7+FU+FU+FU+FU+FU+FU+FU+FU+FU
P8 * +KA *  *  *  *  * +HI * 
P9+KY+KE+GI+KI+OU+KI+GI+KE+KY
P+
P-
+
END Position
END Game_Summary
START:WCSC31_L4_ICB_TEN_1
+7776FU,T0
-3334FU,T0
+2726FU,T0
-8384FU,T0
+2625FU,T0
-8485FU,T0
+5958OU,T0
-8586FU,T20
+8786FU,T0
-4132KI,T20
+2524FU,T0
-2324FU,T20
+2824HI,T0
-8286HI,T0
+8822UM,T0
-3122GI,T0
+0077KA,T0
-8682HI,T0
+0083FU,T0
-8252HI,T0
+7978GI,T0
-5354FU,T20
+3948GI,T0
-0023FU,T20
+2425HI,T0
-0055KA,T20
+5756FU,T11
-5577UM,T20
+8977KE,T5
-0088KA,T20
+2585HI,T1
-8899UM,T20
+0082KA,T1
-7182GI,T20
+8382TO,T9
-0094KA,T20
+8584HI,T6
-0087FU,T20
+0089FU,T1
-5455FU,T20
+8281TO,T1
-0083KY,T20
+8494HI,T6
-9394FU,T20
+7765KE,T1
-3242KI,T20
+6573NK,T9
-5556FU,T20
+8171TO,T1
-6171KI,T20
+7363NK,T1
-5255HI,T20
+0053FU,T18
-5141OU,T20
+5352TO,T1
-4252KI,T20
+6352NK,T1
-4152OU,T20
+0064GI,T1
-0065KE,T20
+0074KA,T8
-5242OU,T20
+6455GI,T1
-5657TO,T20
+4857GI,T1
-0028HI,T20
+5748GI,T1
-0057FU,T20
+5859OU,T1
-0063FU,T20
+7463UM,T8
-4233OU,T20
+6364UM,T1
-8788TO,T20
+0052HI,T5
-2231GI,T20
+6431UM,T0
-3324OU,T20
+3142UM,T0
-2133KE,T20
+0015GI,T0
-2415OU,T20
+4233UM,T0
-0024GI,T20
+1716FU,T0
-1525OU,T20
+0036KI,T0
-2514OU,T20
+1615FU,T0
-2415GI,T20
+3315UM,T0
%TORYO,T0
#RESIGN
#LOSE
