LOGIN:tenuki OK
BEGIN Game_Summary
Protocol_Version:1.2
Protocol_Mode:Server
Format:Shogi 1.0
Declaration:Jishogi 1.1
Game_ID:dr4prd+buoy_blackbid300_dr4y-2-top_4_shibaurashogi_tenuki-600-2F+shibaurashogi+tenuki+20231202110024
Name+:shibaurashogi
Name-:tenuki
Your_Turn:-
Rematch_On_Draw:NO
To_Move:+
Max_Moves:512
BEGIN Time
Time_Unit:1sec
Total_Time:600
Byoyomi:0
Increment:2
Least_Time_Per_Move:0
END Time
BEGIN Position
P1-KY-KE-GI-KI-OU-KI-GI-KE-KY
P2 * -HI *  *  *  *  * -KA * 
P3-FU-FU-FU-FU-FU-FU-FU-FU-FU
P4 *  *  *  *  *  *  *  *  * 
P5 *  *  *  *  *  *  *  *  * 
P6 *  *  *  *  *  *  *  *  * 
P7+FU+FU+FU+FU+FU+FU+FU+FU+FU
P8 * +KA *  *  *  *  * +HI * 
P9+KY+KE+GI+KI+OU+KI+GI+KE+KY
+
+5958OU,T302
-5152OU,T2
+5859OU,T2
-5251OU,T2
END Position
END Game_Summary
START:dr4prd+buoy_blackbid300_dr4y-2-top_4_shibaurashogi_tenuki-600-2F+shibaurashogi+tenuki+20231202110024
+2726FU,T6
-8384FU,T0
+7776FU,T5
-3334FU,T0
+2625FU,T3
-8485FU,T0
+2524FU,T14
-2324FU,T0
+2824HI,T6
-4132KI,T0
+5958OU,T9
-8586FU,T0
+8786FU,T3
-8286HI,T0
+6978KI,T3
-8682HI,T34
+3938GI,T9
-5142OU,T37
+2434HI,T4
-0028FU,T20
+3424HI,T3
-2829TO,T20
+2429HI,T3
-0023FU,T20
+0087FU,T3
-7172GI,T20
+4948KI,T4
-7283GI,T33
+3736FU,T6
-8374GI,T20
+7968GI,T3
-2288UM,T20
+7888KI,T3
-7485GI,T34
+6877GI,T8
-0054KA,T20
+6766FU,T6
-8576GI,T20
+0024FU,T9
-2324FU,T20
+0056KA,T19
-0044KE,T20
+7776GI,T4
-4456KE,T20
+5756FU,T3
-5476KA,T20
+5857OU,T3
-7687UM,T20
+8887KI,T16
-8287RY,T20
+0077GI,T4
-0037FU,T20
+3837GI,T3
-2133KE,T38
+4746FU,T4
-3325KE,T20
+3726GI,T9
-0028GI,T37
+2928HI,T3
-8789RY,T20
+2625GI,T13
-2425FU,T20
+0045KE,T27
-0039GI,T25
+2825HI,T4
-3948GI,T20
+5748OU,T3
-0059KA,T20
+4838OU,T30
-0037KI,T20
+3829OU,T3
-5977UM,T3
+2918OU,T3
-0041KE,T2
+2521RY,T22
-8988RY,T2
+0078FU,T17
-4252OU,T2
+0028GI,T22
-8878RY,T2
+0064KE,T2
-6364FU,T2
+0096KA,T2
-5251OU,T2
+9678KA,T2
-0029GI,T2
+1829OU,T3
-0038KI,T2
+2918OU,T3
-3828KI,T2
+2128RY,T3
-3728KI,T2
+1828OU,T3
-0027FU,T2
+2827OU,T2
-0015KE,T2
+2716OU,T4
-0028HI,T2
+0037GI,T9
-2827RY,T2
%TORYO
#RESIGN
#WIN
