LOGIN:tenuki OK
BEGIN Game_Summary
Protocol_Version:1.2
Protocol_Mode:Server
Format:Shogi 1.0
Declaration:Jishogi 1.1
Game_ID:dr4prd+buoy_blackbid300_dr4c-4-top_4_nanashogi_tenuki-600-2F+nanashogi+tenuki+20231203130031
Name+:nanashogi
Name-:tenuki
Your_Turn:-
Rematch_On_Draw:NO
To_Move:+
Max_Moves:512
BEGIN Time
Time_Unit:1sec
Total_Time:600
Byoyomi:0
Increment:2
Least_Time_Per_Move:0
END Time
BEGIN Position
P1-KY-KE-GI-KI-OU-KI-GI-KE-KY
P2 * -HI *  *  *  *  * -KA * 
P3-FU-FU-FU-FU-FU-FU-FU-FU-FU
P4 *  *  *  *  *  *  *  *  * 
P5 *  *  *  *  *  *  *  *  * 
P6 *  *  *  *  *  *  *  *  * 
P7+FU+FU+FU+FU+FU+FU+FU+FU+FU
P8 * +KA *  *  *  *  * +HI * 
P9+KY+KE+GI+KI+OU+KI+GI+KE+KY
+
+5958OU,T302
-5152OU,T2
+5859OU,T2
-5251OU,T2
END Position
END Game_Summary
START:dr4prd+buoy_blackbid300_dr4c-4-top_4_nanashogi_tenuki-600-2F+nanashogi+tenuki+20231203130031
+2726FU,T13
-3334FU,T0
+7776FU,T8
-8242HI,T0
+2625FU,T10
-2288UM,T0
+7988GI,T8
-3122GI,T0
+8877GI,T19
-2233GI,T18
+3736FU,T14
-5162OU,T18
+3948GI,T13
-9394FU,T18
+2937KE,T10
-6272OU,T26
+4938KI,T8
-9495FU,T20
+2829HI,T7
-7162GI,T26
+5958OU,T6
-0054KA,T19
+5868OU,T11
-5436KA,T18
+5756FU,T0
-4344FU,T18
+2926HI,T6
-3654KA,T18
+5655FU,T0
-5443KA,T18
+6879OU,T0
-7282OU,T18
+7988OU,T16
-4152KI,T18
+4746FU,T11
-6364FU,T21
+4857GI,T19
-7374FU,T18
+6978KI,T7
-6172KI,T18
+5756GI,T0
-5263KI,T18
+1918KY,T18
-6273GI,T19
+3847KI,T14
-7384GI,T18
+6766FU,T0
-7475FU,T18
+5667GI,T0
-7576FU,T18
+6776GI,T0
-8173KE,T38
+8786FU,T18
-5354FU,T18
+2524FU,T6
-2324FU,T18
+0025FU,T12
-0075FU,T21
+7687GI,T11
-5455FU,T29
+2524FU,T1
-0022FU,T26
+0074FU,T1
-6374KI,T18
+3725KE,T0
-3324GI,T19
+0051KA,T0
-2425GI,T18
+2625HI,T0
-4252HI,T18
+5115UM,T0
-7576FU,T18
+7776GI,T0
-0077FU,T18
+8877OU,T0
-0075FU,T5
+7667GI,T2
-6465FU,T2
+0061GI,T15
-6566FU,T2
+6766GI,T5
-5262HI,T2
+6172NG,T12
-6272HI,T2
+1548UM,T8
-2133KE,T2
+2555HI,T5
-0054FU,T2
+5559HI,T6
-0065FU,T2
+6657GI,T1
-0076GI,T2
+7788OU,T10
-7687GI,T2
+7887KI,T6
-6566FU,T2
+5766GI,T4
-0067FU,T2
+0063GI,T5
-6768TO,T2
+6372NG,T6
-8272OU,T2
+0042HI,T3
-0052GI,T2
+0053KI,T7
-0076KE,T2
+8776KI,T4
-9596FU,T2
+5343KI,T2
-0051GI,T2
+5954HI,T5
-9697TO,T2
+8877OU,T5
-7576FU,T2
+7768OU,T0
-0067FU,T2
+6867OU,T5
-7677TO,T2
+8977KE,T3
-0062KI,T2
+4352KI,T1
-5152GI,T2
+5452RY,T0
-0076KI,T2
+6758OU,T5
-6252KI,T2
+4252RY,T5
-0062HI,T2
+0061GI,T0
-7282OU,T2
+0071KA,T0
-8271OU,T2
+0072KI,T0
-6272HI,T2
+6172NG,T0
%TORYO
#RESIGN
#LOSE
