LOGIN:tenuki OK
BEGIN Game_Summary
Protocol_Version:1.2
Protocol_Mode:Server
Format:Shogi 1.0
Declaration:Jishogi 1.1
Game_ID:dr4prd+buoy_blackbid300_dr4y-7-top_4_tenuki_irohamahoro-600-2F+tenuki+irohamahoro+20231202170017
Name+:tenuki
Name-:irohamahoro
Your_Turn:+
Rematch_On_Draw:NO
To_Move:+
Max_Moves:512
BEGIN Time
Time_Unit:1sec
Total_Time:600
Byoyomi:0
Increment:2
Least_Time_Per_Move:0
END Time
BEGIN Position
P1-KY-KE-GI-KI-OU-KI-GI-KE-KY
P2 * -HI *  *  *  *  * -KA * 
P3-FU-FU-FU-FU-FU-FU-FU-FU-FU
P4 *  *  *  *  *  *  *  *  * 
P5 *  *  *  *  *  *  *  *  * 
P6 *  *  *  *  *  *  *  *  * 
P7+FU+FU+FU+FU+FU+FU+FU+FU+FU
P8 * +KA *  *  *  *  * +HI * 
P9+KY+KE+GI+KI+OU+KI+GI+KE+KY
+
+5958OU,T302
-5152OU,T2
+5859OU,T2
-5251OU,T2
END Position
END Game_Summary
START:dr4prd+buoy_blackbid300_dr4y-7-top_4_tenuki_irohamahoro-600-2F+tenuki+irohamahoro+20231202170017
+7776FU,T0
-8384FU,T0
+2726FU,T0
-4132KI,T0
+2625FU,T0
-3334FU,T0
+6978KI,T0
-8485FU,T0
+2524FU,T0
-2324FU,T0
+2824HI,T0
-8586FU,T0
+8786FU,T0
-8286HI,T0
+2434HI,T0
-2233KA,T0
+5958OU,T0
-5152OU,T0
+3736FU,T0
-8676HI,T10
+8877KA,T0
-3377UM,T17
+8977KE,T13
-0055KA,T3
+0022FU,T9
-2133KE,T17
+2221TO,T9
-3142GI,T2
+0023FU,T14
-3223KI,T2
+3484HI,T9
-0082FU,T16
+7968GI,T15
-5519UM,T4
+0024FU,T9
-0083KY,T2
+8483RY,T9
-8283FU,T5
+2423TO,T9
-1929UM,T2
+2332TO,T10
-0037KE,T16
+3242TO,T9
-5262OU,T2
+4938KI,T12
-3749NK,T9
+0051KI,T10
-2938UM,T5
+5161KI,T9
-6261OU,T2
+0052KA,T9
-6172OU,T5
+3938GI,T11
-0048HI,T1
+5869OU,T9
-0058KI,T0
+6979OU,T9
-5868KI,T0
+7868KI,T9
-7677RY,T0
+6877KI,T9
-0088GI,T0
+7969OU,T9
-0059KI,T0
%TORYO
#RESIGN
#LOSE
