LOGIN:tenuki OK
BEGIN Game_Summary
Protocol_Version:1.2
Protocol_Mode:Server
Format:Shogi 1.0
Declaration:Jishogi 1.1
Game_ID:dr4prd+buoy_blackbid300_dr4c-4-bottom_4_tenuki_nanashogi-600-2F+tenuki+nanashogi+20231203133518
Name+:tenuki
Name-:nanashogi
Your_Turn:+
Rematch_On_Draw:NO
To_Move:+
Max_Moves:512
BEGIN Time
Time_Unit:1sec
Total_Time:600
Byoyomi:0
Increment:2
Least_Time_Per_Move:0
END Time
BEGIN Position
P1-KY-KE-GI-KI-OU-KI-GI-KE-KY
P2 * -HI *  *  *  *  * -KA * 
P3-FU-FU-FU-FU-FU-FU-FU-FU-FU
P4 *  *  *  *  *  *  *  *  * 
P5 *  *  *  *  *  *  *  *  * 
P6 *  *  *  *  *  *  *  *  * 
P7+FU+FU+FU+FU+FU+FU+FU+FU+FU
P8 * +KA *  *  *  *  * +HI * 
P9+KY+KE+GI+KI+OU+KI+GI+KE+KY
+
+5958OU,T302
-5152OU,T2
+5859OU,T2
-5251OU,T2
END Position
END Game_Summary
START:dr4prd+buoy_blackbid300_dr4c-4-bottom_4_tenuki_nanashogi-600-2F+tenuki+nanashogi+20231203133518
+7776FU,T0
-3334FU,T13
+2726FU,T0
-4132KI,T41
+2625FU,T0
-8384FU,T19
+5958OU,T0
-8485FU,T21
+2524FU,T0
-2324FU,T16
+2824HI,T0
-5152OU,T38
+6978KI,T16
-8284HI,T25
+2428HI,T17
-0023FU,T11
+8877KA,T15
-2277UM,T0
+7877KI,T17
-3122GI,T19
+3938GI,T11
-7172GI,T5
+3736FU,T12
-7374FU,T30
+3837GI,T9
-8173KE,T11
+3746GI,T12
-6364FU,T1
+2937KE,T13
-6162KI,T15
+4948KI,T9
-8481HI,T13
+2829HI,T9
-7263GI,T1
+0056KA,T9
-2233GI,T10
+6766FU,T9
-5354FU,T15
+9796FU,T16
-5242OU,T10
+3635FU,T9
-3435FU,T22
+4635GI,T11
-0036FU,T3
+3745KE,T9
-3344GI,T1
+0033FU,T16
-3222KI,T16
+0024FU,T9
-2324FU,T18
+3524GI,T16
-0037KA,T3
+0023FU,T15
-2212KI,T1
+3332TO,T9
-4232OU,T6
+4837KI,T9
-3637TO,T0
+5868OU,T9
-0028FU,T15
+2939HI,T9
-0038FU,T20
+3949HI,T13
-5455FU,T0
+5667KA,T14
-0025KI,T16
+2413GI,T18
-1223KI,T13
+0022FU,T9
-2113KE,T1
+0021KA,T12
-3242OU,T0
+4553NK,T2
-4253OU,T6
+6723UM,T2
-0048GI,T12
+4948HI,T2
-3748TO,T15
+7778KI,T2
-0065KE,T10
+6665FU,T2
-7365KE,T6
+0045KE,T2
-4445GI,T2
+0042GI,T2
-5342OU,T1
+0033KI,T2
-4251OU,T0
+6867OU,T2
-0056GI,T9
+6766OU,T2
-5657GI,T0
+6655OU,T2
-6354GI,T0
+5564OU,T2
-6263KI,T0
%TORYO
#RESIGN
#LOSE
