LOGIN:tenuki OK
BEGIN Game_Summary
Protocol_Version:1.2
Protocol_Mode:Server
Format:Shogi 1.0
Declaration:Jishogi 1.1
Game_ID:WCSC31_L8_TEN_SSS
Name+:tenuki
Name-:SIT50Smax
Your_Turn:+
Rematch_On_Draw:NO
To_Move:+
Max_Moves:320
BEGIN Time
Time_Unit:1sec
Total_Time:900
Increment:5
END Time
BEGIN Position
P1-KY-KE-GI-KI-OU-KI-GI-KE-KY
P2 * -HI *  *  *  *  * -KA * 
P3-FU-FU-FU-FU-FU-FU-FU-FU-FU
P4 *  *  *  *  *  *  *  *  * 
P5 *  *  *  *  *  *  *  *  * 
P6 *  *  *  *  *  *  *  *  * 
P7+FU+FU+FU+FU+FU+FU+FU+FU+FU
P8 * +KA *  *  *  *  * +HI * 
P9+KY+KE+GI+KI+OU+KI+GI+KE+KY
P+
P-
+
END Position
END Game_Summary
START:WCSC31_L8_TEN_SSS
+2726FU,T0
-8384FU,T0
+2625FU,T0
-8485FU,T0
+7776FU,T0
-4132KI,T0
+8877KA,T0
-3334FU,T0
+7978GI,T0
-2277UM,T0
+7877GI,T0
-3122GI,T0
+6978KI,T0
-2233GI,T0
+3948GI,T0
-6364FU,T0
+0063KA,T20
-0072KA,T10
+6336UM,T20
-7236KA,T11
+3736FU,T20
-7162GI,T9
+5968OU,T20
-6263GI,T12
+9796FU,T20
-7374FU,T22
+4746FU,T20
-8173KE,T14
+2937KE,T20
-5142OU,T12
+4847GI,T20
-8281HI,T14
+4938KI,T20
-6162KI,T13
+9695FU,T20
-1314FU,T14
+1716FU,T20
-6354GI,T14
+2829HI,T20
-4344FU,T15
+3848KI,T20
-4231OU,T20
+4756GI,T20
-3142OU,T18
+6766FU,T20
-4231OU,T13
+6879OU,T20
-3142OU,T15
+4645FU,T20
-4445FU,T12
+5645GI,T20
-0047FU,T29
+4554GI,T20
-4748TO,T12
+5463NG,T20
-0051KI,T35
+3745KE,T20
-3344GI,T43
+6362NG,T20
-5162KI,T13
+0063GI,T20
-6261KI,T12
+0072KI,T20
-6172KI,T14
+6372NG,T20
-8183HI,T14
+7988OU,T20
-0047KA,T14
+2928HI,T20
-4838TO,T17
+0043FU,T20
-4243OU,T15
+0046KI,T20
-3828TO,T26
+4647KI,T20
-8586FU,T30
+7786GI,T20
-4445GI,T83
+0063KA,T20
-0054KE,T28
+6374UM,T20
-8386HI,T20
+8786FU,T20
-5466KE,T14
+7273NG,T20
-6678NK,T26
+8878OU,T20
-0065GI,T14
+0044FU,T20
-4333OU,T16
+7441UM,T20
-0031KI,T152
+4132UM,T20
-3332OU,T11
+0043KA,T20
-3222OU,T10
+0051HI,T20
-0041FU,T46
+2524FU,T20
-0059HI,T74
+2423TO,T20
-2223OU,T9
+0035KE,T20
-3435FU,T10
+0024FU,T20
-2324OU,T9
+0025FU,T20
-2433OU,T21
+4365UM,T20
-5958RY,T10
+0068KI,T20
-0069KA,T12
+7877OU,T20
-0087KI,T13
+7766OU,T20
-5868RY,T20
+0067KE,T20
-6465FU,T18
+6675OU,T20
-6947UM,T18
+5153RY,T20
-3334OU,T20
+0026GI,T20
-4546GI,T20
+4443TO,T20
-3445OU,T14
+2635GI,T20
-4536OU,T9
+3546GI,T20
-4746UM,T9
+0055GI,T20
-4657UM,T6
+7564OU,T20
-3627OU,T9
+0032FU,T20
-3122KI,T5
+5362RY,T20
-2223KI,T6
+6463OU,T20
-6859RY,T5
+0053FU,T5
-2113KE,T5
+6372OU,T5
-2738OU,T5
+7271OU,T5
-3829OU,T5
+4352TO,T5
-2919OU,T5
+6775KE,T5
-0017GI,T5
+6265RY,T5
-0027KA,T5
+5262TO,T5
-1325KE,T5
+5564GI,T5
-5758UM,T5
+7372NG,T5
-0048KI,T5
+9996KY,T5
-2738UM,T5
+6545RY,T5
-5989RY,T5
+8685FU,T5
-2827TO,T5
+3231TO,T5
-9394FU,T5
+6473GI,T5
-0056GI,T5
+4535RY,T5
-2537NK,T5
+9594FU,T5
-5647NG,T5
+6251TO,T5
-0097KI,T5
+7181OU,T5
%KACHI,T0
#JISHOGI
#LOSE
