LOGIN:tenuki OK
BEGIN Game_Summary
Protocol_Version:1.2
Protocol_Mode:Server
Format:Shogi 1.0
Declaration:Jishogi 1.1
Game_ID:WCSC31_L6_YAM_TEN
Name+:yamadashogi
Name-:tenuki
Your_Turn:-
Rematch_On_Draw:NO
To_Move:+
Max_Moves:320
BEGIN Time
Time_Unit:1sec
Total_Time:900
Increment:5
END Time
BEGIN Position
P1-KY-KE-GI-KI-OU-KI-GI-KE-KY
P2 * -HI *  *  *  *  * -KA * 
P3-FU-FU-FU-FU-FU-FU-FU-FU-FU
P4 *  *  *  *  *  *  *  *  * 
P5 *  *  *  *  *  *  *  *  * 
P6 *  *  *  *  *  *  *  *  * 
P7+FU+FU+FU+FU+FU+FU+FU+FU+FU
P8 * +KA *  *  *  *  * +HI * 
P9+KY+KE+GI+KI+OU+KI+GI+KE+KY
P+
P-
+
END Position
END Game_Summary
START:WCSC31_L6_YAM_TEN
+7776FU,T1
-8384FU,T0
+2878HI,T0
-8485FU,T20
+8877KA,T0
-7162GI,T20
+5948OU,T0
-3334FU,T20
+6766FU,T0
-1314FU,T20
+3938GI,T7
-1415FU,T20
+6958KI,T2
-5142OU,T20
+7968GI,T3
-3132GI,T20
+4839OU,T8
-4231OU,T20
+4746FU,T4
-6152KI,T20
+3928OU,T16
-6364FU,T20
+6867GI,T6
-6263GI,T20
+3736FU,T8
-7374FU,T20
+2937KE,T13
-6354GI,T20
+7868HI,T16
-8272HI,T20
+6888HI,T6
-7475FU,T20
+7675FU,T5
-7275HI,T20
+0076FU,T6
-7574HI,T20
+8786FU,T3
-3435FU,T20
+5847KI,T13
-6465FU,T20
+3635FU,T8
-6566FU,T20
+7766KA,T0
-5455GI,T20
+6677KA,T21
-0066FU,T20
+6778GI,T15
-0036FU,T20
+4736KI,T8
-8173KE,T20
+8685FU,T28
-7365KE,T20
+7786KA,T13
-6557NK,T20
+0068FU,T13
-5556GI,T20
+7877GI,T27
-7454HI,T20
+3745KE,T23
-5647GI,T20
+4553NK,T16
-5253KI,T20
+3645KI,T10
-0064KE,T20
+4554KI,T12
-5354KI,T20
+0061HI,T33
-2255KA,T20
+8664KA,T24
-5564KA,T20
+6164RY,T18
-5464KI,T20
+0034KE,T34
-0044KA,T20
+3847GI,T41
-5747NK,T20
+0053KA,T34
-0042GI,T20
+5342UM,T20
-4142KI,T20
+0038GI,T15
-0057HI,T20
+0048GI,T24
-4748NK,T20
+4948KI,T62
-5754RY,T20
+3442NK,T41
-3142OU,T20
+4847KI,T23
-0055KE,T20
+0034KE,T41
-4233OU,T20
+4736KI,T36
-0048KI,T20
+0029KI,T47
-5547NK,T20
+0055FU,T20
-6455KI,T20
+3847GI,T31
-4847KI,T20
+0025KE,T31
-3324OU,T20
+0056FU,T11
-5546KI,T20
+3646KI,T1
-0037KA,T20
+2818OU,T1
-3746UM,T20
+0038KI,T12
-5456RY,T20
+3828KI,T22
-1516FU,T20
+1716FU,T0
-2425OU,T20
+2726FU,T2
-2524OU,T20
+2625FU,T1
-2433OU,T20
+2827KI,T0
-0036GI,T20
+2736KI,T0
-4636UM,T15
%TORYO,T0
#RESIGN
#WIN
