LOGIN:tenuki OK
BEGIN Game_Summary
Protocol_Version:1.2
Protocol_Mode:Server
Format:Shogi 1.0
Declaration:Jishogi 1.1
Game_ID:WCSC31_L7_TEN_QUG
Name+:tenuki
Name-:qugiy
Your_Turn:+
Rematch_On_Draw:NO
To_Move:+
Max_Moves:320
BEGIN Time
Time_Unit:1sec
Total_Time:900
Increment:5
END Time
BEGIN Position
P1-KY-KE-GI-KI-OU-KI-GI-KE-KY
P2 * -HI *  *  *  *  * -KA * 
P3-FU-FU-FU-FU-FU-FU-FU-FU-FU
P4 *  *  *  *  *  *  *  *  * 
P5 *  *  *  *  *  *  *  *  * 
P6 *  *  *  *  *  *  *  *  * 
P7+FU+FU+FU+FU+FU+FU+FU+FU+FU
P8 * +KA *  *  *  *  * +HI * 
P9+KY+KE+GI+KI+OU+KI+GI+KE+KY
P+
P-
+
END Position
END Game_Summary
START:WCSC31_L7_TEN_QUG
+5756FU,T0
-8384FU,T0
+7776FU,T0
-7162GI,T0
+2858HI,T0
-7374FU,T0
+5948OU,T20
-5142OU,T0
+1716FU,T20
-1314FU,T0
+3938GI,T20
-4232OU,T17
+4839OU,T20
-6152KI,T1
+3928OU,T20
-3334FU,T28
+5655FU,T20
-3142GI,T1
+7968GI,T20
-6273GI,T1
+6857GI,T20
-7364GI,T1
+5766GI,T20
-2233KA,T1
+4746FU,T20
-4344FU,T1
+5554FU,T20
-5354FU,T5
+5854HI,T20
-8485FU,T2
+8877KA,T20
-5243KI,T1
+5459HI,T20
-9394FU,T1
+6655GI,T20
-6455GI,T24
+7755KA,T20
-0064GI,T1
+5577KA,T20
-8586FU,T17
+8786FU,T20
-3222OU,T1
+0054GI,T20
-4354KI,T5
+5954HI,T20
-8173KE,T1
+7744KA,T20
-3344KA,T5
+5444HI,T20
-0033GI,T9
+4454HI,T20
-0055FU,T1
+0053FU,T20
-4243GI,T11
+5352TO,T20
-4352GI,T1
+0071KA,T20
-8286HI,T5
+7162UM,T20
-5243GI,T1
+6263UM,T20
-4354GI,T1
+6341UM,T20
-0032KA,T1
+0031KI,T20
-3241KA,T9
+3141KI,T20
-2232OU,T1
+0072KA,T20
-0063FU,T9
+0031KI,T20
-3222OU,T1
+8977KE,T20
-0062HI,T10
+3121KI,T20
-2221OU,T8
+0087FU,T20
-8687RY,T4
+0088FU,T20
-8788RY,T7
+6978KI,T20
-8878RY,T35
+7283UM,T20
-0048FU,T17
+4939KI,T20
-0049KI,T1
+0025KE,T20
-4939KI,T10
+2533KE,T20
-2112OU,T1
+3847GI,T20
-3929KI,T6
+2829OU,T20
-0028KI,T1
+2928OU,T20
-0039KA,T0
+2839OU,T20
-4849TO,T0
+3949OU,T20
-0048KI,T0
%TORYO,T0
#RESIGN
#LOSE
