LOGIN:tenuki OK
BEGIN Game_Summary
Protocol_Version:1.2
Protocol_Mode:Server
Format:Shogi 1.0
Declaration:Jishogi 1.1
Game_ID:WCSC31_L2_KIN_TEN
Name+:qinoa
Name-:tenuki
Your_Turn:-
Rematch_On_Draw:NO
To_Move:+
Max_Moves:320
BEGIN Time
Time_Unit:1sec
Total_Time:900
Increment:5
END Time
BEGIN Position
P1-KY-KE-GI-KI-OU-KI-GI-KE-KY
P2 * -HI *  *  *  *  * -KA * 
P3-FU-FU-FU-FU-FU-FU-FU-FU-FU
P4 *  *  *  *  *  *  *  *  * 
P5 *  *  *  *  *  *  *  *  * 
P6 *  *  *  *  *  *  *  *  * 
P7+FU+FU+FU+FU+FU+FU+FU+FU+FU
P8 * +KA *  *  *  *  * +HI * 
P9+KY+KE+GI+KI+OU+KI+GI+KE+KY
P+
P-
+
END Position
END Game_Summary
START:WCSC31_L2_KIN_TEN
+2726FU,T15
-8384FU,T0
+7776FU,T0
-4132KI,T0
+6978KI,T16
-8485FU,T0
+8877KA,T16
-3334FU,T0
+7988GI,T0
-2277UM,T20
+8877GI,T0
-3122GI,T0
+3948GI,T15
-2233GI,T20
+4746FU,T0
-7162GI,T20
+4847GI,T0
-6364FU,T20
+5968OU,T0
-7374FU,T20
+4958KI,T16
-5142OU,T20
+4756GI,T16
-6263GI,T20
+6879OU,T16
-8173KE,T20
+6766FU,T16
-9394FU,T20
+9796FU,T16
-1314FU,T20
+7988OU,T16
-1415FU,T20
+9998KY,T16
-6354GI,T20
+2625FU,T16
-4344FU,T20
+5667GI,T16
-6162KI,T20
+1918KY,T16
-8281HI,T20
+6756GI,T16
-4231OU,T20
+5867KI,T16
-3122OU,T20
+6768KI,T16
-6465FU,T20
+6665FU,T16
-5465GI,T20
+0063FU,T16
-6272KI,T20
+5665GI,T16
-7365KE,T20
+7766GI,T16
-0054GI,T20
+0064GI,T16
-8586FU,T20
+8786FU,T16
-8186HI,T20
+0087FU,T16
-8676HI,T20
+6867KI,T15
-7666HI,T20
+6766KI,T15
-0039KA,T20
+0041KA,T16
-3242KI,T20
+2524FU,T16
-3324GI,T20
+0052HI,T16
-4252KI,T20
+2824HI,T16
-0032GI,T20
+4152UM,T16
-2324FU,T20
+5253UM,T16
-3957UM,T20
+5344UM,T16
-3233GI,T20
+0023FU,T16
-2223OU,T20
+0032GI,T16
-2332OU,T20
+4454UM,T16
-0043FU,T20
+6665KI,T16
-0028HI,T20
+0069KI,T15
-0086FU,T20
+0055KE,T14
-8687TO,T20
+8887OU,T13
-0086FU,T20
+8797OU,T13
-3342GI,T20
+0058FU,T12
-0076GI,T20
+9786OU,T10
-7665GI,T20
+0041GI,T11
-3241OU,T20
+5465UM,T10
-0066HI,T20
+6566UM,T10
-5766UM,T20
+0081HI,T9
-4132OU,T20
+8697OU,T9
-2829RY,T20
+0031GI,T8
-4231GI,T20
+5543NK,T8
-3243OU,T20
+6362TO,T7
-0042KA,T20
+6272TO,T7
-4264KA,T20
+0086FU,T7
-2969RY,T20
+0079KI,T6
-6979RY,T20
+8183RY,T6
-0073KE,T20
+8373RY,T6
-6473KA,T20
+0035KE,T4
-3435FU,T20
+7273TO,T2
-0088GI,T20
+7888KI,T0
-6688UM,T20
%TORYO,T0
#RESIGN
#WIN
