LOGIN:tenuki OK
BEGIN Game_Summary
Protocol_Version:1.2
Protocol_Mode:Server
Format:Shogi 1.0
Declaration:Jishogi 1.1
Game_ID:WCSO1_P3_ABZ_TEN
Name+:AobaZero
Name-:tenuki
Your_Turn:-
Rematch_On_Draw:NO
To_Move:+
Max_Moves:320
BEGIN Time
Time_Unit:1sec
Total_Time:900
Increment:5
END Time
BEGIN Position
P1-KY-KE-GI-KI-OU-KI-GI-KE-KY
P2 * -HI *  *  *  *  * -KA * 
P3-FU-FU-FU-FU-FU-FU-FU-FU-FU
P4 *  *  *  *  *  *  *  *  * 
P5 *  *  *  *  *  *  *  *  * 
P6 *  *  *  *  *  *  *  *  * 
P7+FU+FU+FU+FU+FU+FU+FU+FU+FU
P8 * +KA *  *  *  *  * +HI * 
P9+KY+KE+GI+KI+OU+KI+GI+KE+KY
P+
P-
+
END Position
END Game_Summary
START:WCSO1_P3_ABZ_TEN
+2726FU,T10
-8384FU,T0
+2625FU,T10
-8485FU,T0
+6978KI,T11
-4132KI,T0
+9796FU,T9
-8586FU,T20
+8786FU,T0
-8286HI,T20
+0087FU,T0
-8684HI,T20
+3938GI,T20
-7172GI,T20
+4746FU,T0
-9394FU,T20
+3847GI,T20
-3334FU,T20
+2524FU,T0
-2324FU,T20
+2824HI,T0
-0023FU,T20
+2428HI,T0
-3435FU,T20
+5968OU,T20
-8424HI,T20
+0025FU,T0
-2474HI,T20
+8786FU,T0
-5162OU,T20
+7887KI,T0
-6271OU,T20
+4958KI,T20
-7434HI,T20
+6878OU,T20
-2244KA,T20
+7776FU,T20
-2133KE,T20
+8977KE,T0
-3142GI,T20
+5756FU,T0
-5354FU,T20
+7968GI,T0
-0083FU,T20
+6857GI,T20
-7182OU,T20
+8879KA,T0
-3325KE,T20
+2825HI,T20
-3424HI,T20
+2524HI,T0
-2324FU,T20
+4738GI,T0
-0028HI,T20
+5848KI,T0
-2826RY,T20
+4645FU,T0
-4433KA,T20
+9695FU,T0
-9495FU,T20
+9995KY,T0
-0094FU,T20
+9594KY,T20
-9194KY,T20
+0095FU,T0
-9495KY,T20
+0096FU,T0
-9596KY,T20
+8796KI,T0
-0092KY,T20
+9685KI,T20
-0091FU,T20
+0034KY,T20
-3377UM,T20
+7877OU,T0
-0065KE,T20
+7778OU,T20
-6557NK,T20
+7957KA,T0
-3223KI,T20
+3432NY,T0
-4253GI,T20
+0021HI,T0
-2656RY,T20
+2123RY,T20
-5362GI,T20
+0068KE,T20
-0087GI,T20
+7877OU,T20
-5657RY,T20
+4857KI,T0
-8796GI,T20
+8575KI,T20
-0099KA,T20
+7778OU,T0
-7374FU,T20
+7574KI,T20
-0073FU,T20
+7475KI,T20
-7374FU,T20
+7574KI,T21
-0077FU,T20
+7869OU,T20
-7778TO,T20
+6978OU,T20
-9955UM,T20
+7869OU,T20
-5565UM,T20
+0047KA,T20
-6547UM,T20
+3847GI,T20
-0073FU,T20
+7475KI,T20
-9687GI,T20
+6958OU,T20
-8778NG,T20
+0059KI,T20
-7868NG,T20
+5968KI,T20
-0055KE,T20
+4756GI,T20
-0014KA,T20
+2314RY,T0
-1314FU,T20
+0041HI,T20
-0028HI,T20
+0048KE,T0
-2829RY,T15
+0065KA,T4
-6364FU,T5
+7564KI,T20
-2919RY,T5
+6454KI,T20
-3536FU,T5
+3736FU,T20
-0063KY,T5
+5463KI,T20
-6263GI,T5
+5655GI,T20
-1939RY,T5
+6766FU,T20
-0053KE,T5
+6556KA,T20
-0038KI,T5
+5867OU,T20
-3948RY,T5
+5758KI,T20
-4837RY,T5
+5847KI,T20
-0064KE,T5
+4737KI,T14
-6456KE,T5
+6756OU,T20
-3837KI,T5
+5667OU,T14
-5345KE,T5
+0058FU,T20
-3747KI,T5
+0048FU,T20
-0037KA,T5
+4847FU,T20
-3755UM,T5
+0046KI,T15
-5546UM,T5
+4746FU,T20
-0065FU,T5
+6665FU,T20
-0055GI,T5
+6778OU,T20
-5566GI,T5
+0077GI,T14
-6352GI,T5
+4111RY,T20
-6677NG,T5
+6877KI,T20
-0057GI,T5
+5857FU,T20
-4557NK,T5
+0068GI,T14
-5768NK,T5
+7868OU,T20
-0088GI,T5
+7767KI,T20
-0077KI,T5
+6777KI,T20
-8877NG,T5
+6857OU,T20
-7776NG,T5
+5747OU,T20
-7666NG,T5
+4737OU,T20
-0025KI,T5
+0026FU,T20
-0035FU,T5
+2625FU,T20
-2425FU,T5
+3635FU,T20
-0026KI,T5
+3738OU,T14
-6657NG,T5
+0027FU,T20
-0037FU,T5
+3828OU,T15
-3738TO,T5
+2838OU,T10
-0037FU,T5
+3828OU,T4
-2636KI,T5
+0045KA,T10
-3738TO,T5
+2838OU,T10
-5747NG,T5
+3829OU,T10
-3646KI,T5
+4572UM,T4
-6172KI,T5
+0064KE,T0
-0038KA,T5
+2919OU,T10
-3827UM,T5
+6472NK,T4
-2772UM,T5
+0071GI,T0
-7271UM,T5
+1171RY,T4
-8271OU,T5
+0072FU,T4
-7172OU,T5
+0064KE,T4
-7263OU,T5
+0072KA,T4
-6374OU,T5
+0085GI,T4
-7465OU,T5
+0076KA,T4
-6566OU,T5
+0067KI,T4
-6675OU,T5
+0065HI,T10
-7586OU,T5
+0087KI,T4
-8695OU,T5
+0096KI,T5
%TORYO,T0
#RESIGN
#LOSE
