LOGIN:tenuki OK
BEGIN Game_Summary
Protocol_Version:1.2
Protocol_Mode:Server
Format:Shogi 1.0
Declaration:Jishogi 1.1
Game_ID:dr2prod+dr2prdb-15_tenuki_katsudon-600-2F+tenuki+katsudon+20211121183521
Name+:tenuki
Name-:katsudon
Your_Turn:+
Rematch_On_Draw:NO
To_Move:+
Max_Moves:512
BEGIN Time
Time_Unit:1sec
Total_Time:600
Byoyomi:0
Increment:2
Least_Time_Per_Move:0
END Time
BEGIN Position
P1-KY-KE-GI-KI-OU-KI-GI-KE-KY
P2 * -HI *  *  *  *  * -KA * 
P3-FU-FU-FU-FU-FU-FU-FU-FU-FU
P4 *  *  *  *  *  *  *  *  * 
P5 *  *  *  *  *  *  *  *  * 
P6 *  *  *  *  *  *  *  *  * 
P7+FU+FU+FU+FU+FU+FU+FU+FU+FU
P8 * +KA *  *  *  *  * +HI * 
P9+KY+KE+GI+KI+OU+KI+GI+KE+KY
+
END Position
END Game_Summary
START:dr2prod+dr2prdb-15_tenuki_katsudon-600-2F+tenuki+katsudon+20211121183521
+5756FU,T0
-8252HI,T2
+2726FU,T12
-9394FU,T2
+2625FU,T12
-4132KI,T2
+9796FU,T12
-3334FU,T0
+5968OU,T12
-5282HI,T0
+2524FU,T12
-2324FU,T0
+2824HI,T12
-8384FU,T0
+6978KI,T12
-8485FU,T0
+2428HI,T12
-0023FU,T0
+0024FU,T12
-2324FU,T0
+3938GI,T12
-8586FU,T0
+8786FU,T12
-8286HI,T0
+0087FU,T12
-8656HI,T0
+2824HI,T12
-5162OU,T0
+2428HI,T12
-1314FU,T0
+4746FU,T12
-5646HI,T0
+4958KI,T12
-4645HI,T0
+6869OU,T12
-2113KE,T0
+7968GI,T12
-7172GI,T0
+1716FU,T12
-2244KA,T0
+3847GI,T12
-0026FU,T0
+6857GI,T12
-2627TO,T0
+2827HI,T12
-4525HI,T0
+0026FU,T12
-2526HI,T0
+2726HI,T12
-4426KA,T0
+7776FU,T12
-0039HI,T0
+0059FU,T12
-3929RY,T0
+8811UM,T12
-1325KE,T0
+0033KY,T12
-2537NK,T0
+4756GI,T12
-0046KE,T0
+5746GI,T12
-3748NK,T0
+5848KI,T12
-2648UM,T0
+6979OU,T12
-4859UM,T0
+0084KE,T12
-5969UM,T0
+7988OU,T12
-0079KI,T0
+8472NK,T12
-6272OU,T0
+0083GI,T12
-7283OU,T0
+0075KE,T12
-8372OU,T0
+7563NK,T12
-7263OU,T0
+0065HI,T12
-0064FU,T0
+6564HI,T12
-6364OU,T0
+5665GI,T12
-6465OU,T0
+3332NY,T12
-6978UM,T0
+8897OU,T12
-0085KE,T0
+9786OU,T12
-7887UM,T0
+8687OU,T12
-0078GI,T0
+8786OU,T12
-0087HI,T0
%TORYO
#RESIGN
#LOSE
