LOGIN:tenuki OK
BEGIN Game_Summary
Protocol_Version:1.2
Protocol_Mode:Server
Format:Shogi 1.0
Declaration:Jishogi 1.1
Game_ID:dr2prod+dr2prdb-9_koron_tenuki-600-2F+koron+tenuki+20211121143506
Name+:koron
Name-:tenuki
Your_Turn:-
Rematch_On_Draw:NO
To_Move:+
Max_Moves:512
BEGIN Time
Time_Unit:1sec
Total_Time:600
Byoyomi:0
Increment:2
Least_Time_Per_Move:0
END Time
BEGIN Position
P1-KY-KE-GI-KI-OU-KI-GI-KE-KY
P2 * -HI *  *  *  *  * -KA * 
P3-FU-FU-FU-FU-FU-FU-FU-FU-FU
P4 *  *  *  *  *  *  *  *  * 
P5 *  *  *  *  *  *  *  *  * 
P6 *  *  *  *  *  *  *  *  * 
P7+FU+FU+FU+FU+FU+FU+FU+FU+FU
P8 * +KA *  *  *  *  * +HI * 
P9+KY+KE+GI+KI+OU+KI+GI+KE+KY
+
END Position
END Game_Summary
START:dr2prod+dr2prdb-9_koron_tenuki-600-2F+koron+tenuki+20211121143506
+7776FU,T0
-8232HI,T0
+2726FU,T0
-3142GI,T0
+9796FU,T9
-3334FU,T12
+5968OU,T9
-5162OU,T12
+9695FU,T8
-3435FU,T12
+4938KI,T11
-2288UM,T12
+7988GI,T4
-6272OU,T12
+3948GI,T10
-3536FU,T12
+6878OU,T15
-0064KA,T12
+0046KA,T4
-3637TO,T12
+3837KI,T10
-3222HI,T12
+4664KA,T4
-6364FU,T12
+0077KA,T2
-4233GI,T12
+4746FU,T2
-2212HI,T12
+2625FU,T6
-6162KI,T12
+2524FU,T4
-2324FU,T12
+0034FU,T2
-3322GI,T12
+3736KI,T2
-4132KI,T12
+3635KI,T2
-2223GI,T12
+8786FU,T2
-0036FU,T12
+8887GI,T4
-7374FU,T12
+6959KI,T7
-8384FU,T12
+3536KI,T9
-2334GI,T12
+2824HI,T2
-3223KI,T12
+2428HI,T7
-0024FU,T12
+0035FU,T2
-3425GI,T12
+3625KI,T2
-2425FU,T12
+0034GI,T2
-2334KI,T12
+3534FU,T2
-0036KA,T12
+0037KI,T4
-3654KA,T12
+0022FU,T2
-7475FU,T12
+2221TO,T6
-0036FU,T12
+3747KI,T5
-3637TO,T12
+4737KI,T4
-7576FU,T12
+7733UM,T2
-8173KE,T12
+2111TO,T14
-0044GI,T12
+1112TO,T9
-4433GI,T12
+3433TO,T2
-0077KI,T12
+8977KE,T5
-0036FU,T12
+3747KI,T5
-7677TO,T12
+7877OU,T2
-0085KE,T12
+8685FU,T7
-7385KE,T12
+7768OU,T2
-5487UM,T12
+6858OU,T2
-8577NK,T12
+0074GI,T5
-0083GI,T12
+0073FU,T5
-7282OU,T12
+0081KI,T8
-8281OU,T12
+7483NG,T10
-0082KI,T12
+0074KE,T7
-8283KI,T12
+7462NK,T4
-7767NK,T12
+5849OU,T5
-0058GI,T12
+4939OU,T1
-8192OU,T12
+0081GI,T0
-9281OU,T12
+6271NK,T0
-8192OU,T12
+0081GI,T0
-9282OU,T12
+7172NK,T0
%TORYO
#RESIGN
#LOSE
