LOGIN:tenuki OK
BEGIN Game_Summary
Protocol_Version:1.2
Protocol_Mode:Server
Format:Shogi 1.0
Declaration:Jishogi 1.1
Game_ID:dr2prod+dr2prdb-16_tmoq_tenuki-600-2F+tmoq+tenuki+20211121191511
Name+:tmoq
Name-:tenuki
Your_Turn:-
Rematch_On_Draw:NO
To_Move:+
Max_Moves:512
BEGIN Time
Time_Unit:1sec
Total_Time:600
Byoyomi:0
Increment:2
Least_Time_Per_Move:0
END Time
BEGIN Position
P1-KY-KE-GI-KI-OU-KI-GI-KE-KY
P2 * -HI *  *  *  *  * -KA * 
P3-FU-FU-FU-FU-FU-FU-FU-FU-FU
P4 *  *  *  *  *  *  *  *  * 
P5 *  *  *  *  *  *  *  *  * 
P6 *  *  *  *  *  *  *  *  * 
P7+FU+FU+FU+FU+FU+FU+FU+FU+FU
P8 * +KA *  *  *  *  * +HI * 
P9+KY+KE+GI+KI+OU+KI+GI+KE+KY
+
END Position
END Game_Summary
START:dr2prod+dr2prdb-16_tmoq_tenuki-600-2F+tmoq+tenuki+20211121191511
+7776FU,T0
-8232HI,T0
+2726FU,T0
-3142GI,T0
+2625FU,T0
-3334FU,T0
+5968OU,T0
-2288UM,T12
+7988GI,T0
-3222HI,T12
+6878OU,T0
-9394FU,T12
+9796FU,T0
-4132KI,T12
+3948GI,T19
-5162OU,T12
+4958KI,T0
-4233GI,T12
+3736FU,T13
-2324FU,T12
+2524FU,T12
-3324GI,T12
+2937KE,T3
-3435FU,T12
+3635FU,T20
-0036FU,T12
+3745KE,T18
-0064KA,T12
+0046KA,T17
-6446KA,T12
+4746FU,T19
-4344FU,T12
+0023FU,T17
-2223HI,T12
+0041KA,T13
-0054KA,T12
+4132UM,T12
-5432KA,T12
+0034KI,T3
-2322HI,T12
+3424KI,T71
-4445FU,T12
+0031GI,T19
-2212HI,T12
+2423KI,T15
-3637TO,T12
+4837GI,T13
-0027FU,T12
+2827HI,T3
-4546FU,T12
+3746GI,T3
-0038KA,T12
+2724HI,T55
-3276KA,T12
+2312KI,T48
-1112KY,T12
+5756FU,T41
-0066KE,T12
+6766FU,T5
-3856UM,T12
+0067KE,T3
-0023FU,T12
+2426HI,T35
-0047KI,T12
+8877GI,T4
-4758KI,T12
+6958KI,T1
-7667UM,T12
+5867KI,T7
-0079KI,T12
+7868OU,T29
-7969KI,T12
+6869OU,T26
-5667UM,T12
+0045KA,T22
-0057KE,T12
+4657GI,T5
-0078KI,T12
+6959OU,T1
-6757UM,T12
+0058KI,T19
-0068GI,T12
+5949OU,T17
-7877KI,T12
+0075KE,T14
-5758UM,T12
+4958OU,T2
-7172GI,T12
+0034KA,T13
-6271OU,T12
+7563NK,T4
-0057KI,T12
+5849OU,T0
-0037GI,T12
+3461UM,T0
-7182OU,T12
+6172UM,T0
-8293OU,T12
+0082GI,T0
-9384OU,T12
+0086HI,T0
-8475OU,T12
+0076FU,T0
-7776KI,T12
+8676HI,T0
-7576OU,T12
+0086KI,T0
%TORYO
#RESIGN
#LOSE
