LOGIN:tenuki OK
BEGIN Game_Summary
Protocol_Version:1.2
Protocol_Mode:Server
Format:Shogi 1.0
Declaration:Jishogi 1.1
Game_ID:dr2prod+dr2prdb-14_tenuki_lightweight-600-2F+tenuki+lightweight+20211121175522
Name+:tenuki
Name-:lightweight
Your_Turn:+
Rematch_On_Draw:NO
To_Move:+
Max_Moves:512
BEGIN Time
Time_Unit:1sec
Total_Time:600
Byoyomi:0
Increment:2
Least_Time_Per_Move:0
END Time
BEGIN Position
P1-KY-KE-GI-KI-OU-KI-GI-KE-KY
P2 * -HI *  *  *  *  * -KA * 
P3-FU-FU-FU-FU-FU-FU-FU-FU-FU
P4 *  *  *  *  *  *  *  *  * 
P5 *  *  *  *  *  *  *  *  * 
P6 *  *  *  *  *  *  *  *  * 
P7+FU+FU+FU+FU+FU+FU+FU+FU+FU
P8 * +KA *  *  *  *  * +HI * 
P9+KY+KE+GI+KI+OU+KI+GI+KE+KY
+
END Position
END Game_Summary
START:dr2prod+dr2prdb-14_tenuki_lightweight-600-2F+tenuki+lightweight+20211121175522
+2726FU,T0
-8384FU,T0
+2625FU,T0
-8485FU,T0
+6978KI,T0
-4132KI,T0
+3938GI,T0
-7172GI,T0
+9796FU,T12
-5152OU,T0
+2524FU,T12
-2324FU,T4
+2824HI,T12
-1314FU,T22
+2425HI,T12
-0023FU,T14
+7776FU,T12
-8586FU,T19
+8786FU,T12
-8286HI,T2
+4746FU,T12
-3334FU,T15
+3847GI,T12
-8676HI,T14
+2585HI,T12
-2288UM,T15
+8588HI,T12
-0087FU,T3
+8898HI,T12
-0033KA,T4
+5968OU,T12
-7678RY,T20
+6878OU,T12
-0088KI,T4
+7988GI,T12
-8788TO,T18
+9888HI,T12
-0069GI,T3
+7879OU,T12
-3388UM,T17
+7988OU,T12
-0078HI,T7
+8887OU,T12
-7879RY,T15
+4738GI,T12
-7978RY,T11
+8786OU,T12
-0085FU,T9
+8685OU,T12
-6958GI,T11
+4958KI,T12
-7858RY,T4
+0097KA,T12
-5838RY,T21
+9753UM,T12
-5253OU,T14
+0075KA,T12
-0064GI,T38
+0055HI,T12
-5342OU,T16
+7564KA,T12
-6364FU,T5
+0053GI,T12
-4233OU,T2
+5344NG,T12
-4344FU,T28
+5553RY,T12
-0043KI,T38
+0024GI,T12
-2324FU,T4
+5343RY,T12
-3243KI,T2
+0084KI,T12
-0094KA,T0
+8595OU,T12
-0086GI,T0
+9586OU,T12
-0076HI,T0
+8695OU,T12
-0086KA,T0
%TORYO
#RESIGN
#LOSE
