LOGIN:tenuki OK
BEGIN Game_Summary
Protocol_Version:1.2
Protocol_Mode:Server
Format:Shogi 1.0
Declaration:Jishogi 1.1
Game_ID:dr2prod+dr2prdb-11_tenuki_godflygoooon-600-2F+tenuki+godflygoooon+20211121155518
Name+:tenuki
Name-:godflygoooon
Your_Turn:+
Rematch_On_Draw:NO
To_Move:+
Max_Moves:512
BEGIN Time
Time_Unit:1sec
Total_Time:600
Byoyomi:0
Increment:2
Least_Time_Per_Move:0
END Time
BEGIN Position
P1-KY-KE-GI-KI-OU-KI-GI-KE-KY
P2 * -HI *  *  *  *  * -KA * 
P3-FU-FU-FU-FU-FU-FU-FU-FU-FU
P4 *  *  *  *  *  *  *  *  * 
P5 *  *  *  *  *  *  *  *  * 
P6 *  *  *  *  *  *  *  *  * 
P7+FU+FU+FU+FU+FU+FU+FU+FU+FU
P8 * +KA *  *  *  *  * +HI * 
P9+KY+KE+GI+KI+OU+KI+GI+KE+KY
+
END Position
END Game_Summary
START:dr2prod+dr2prdb-11_tenuki_godflygoooon-600-2F+tenuki+godflygoooon+20211121155518
+7776FU,T0
-3334FU,T9
+2726FU,T0
-4344FU,T3
+3948GI,T0
-9394FU,T15
+5968OU,T12
-9495FU,T2
+7978GI,T12
-2233KA,T10
+3736FU,T12
-8232HI,T4
+2838HI,T12
-3322KA,T1
+8877KA,T12
-3142GI,T6
+4837GI,T12
-4243GI,T14
+3746GI,T12
-5162OU,T2
+3635FU,T12
-7172GI,T15
+3534FU,T12
-4334GI,T3
+2625FU,T12
-6271OU,T15
+4958KI,T12
-7182OU,T3
+9796FU,T12
-9596FU,T1
+0095FU,T12
-3425GI,T3
+3832RY,T12
-4132KI,T4
+9996KY,T12
-2534GI,T4
+0041HI,T12
-0031FU,T1
+9594FU,T12
-0092FU,T3
+7786KA,T12
-6152KI,T4
+4655GI,T12
-3242KI,T1
+4142RY,T12
-5242KI,T1
+0062KI,T12
-0032HI,T3
+6766FU,T12
-4243KI,T3
+6272KI,T12
-8272OU,T1
+0035FU,T12
-3435GI,T3
+6665FU,T12
-4445FU,T1
+8677KA,T12
-0039HI,T1
+6564FU,T12
-3929RY,T4
+6463TO,T12
-7263OU,T3
+9493TO,T12
-9293FU,T5
+0064FU,T12
-6352OU,T4
+9693NY,T12
-9193KY,T2
+6463TO,T12
-5263OU,T2
+0064FU,T12
-6352OU,T14
+1716FU,T12
-0062FU,T14
+1615FU,T12
-0085KE,T7
+7788KA,T12
-0065KY,T2
+7867GI,T12
-9398NY,T3
+0063GI,T12
-6263FU,T2
+6463TO,T12
-5251OU,T1
+5554GI,T12
-9888NY,T0
+6352TO,T12
-3252HI,T0
+6766GI,T12
-0079GI,T0
+6979KI,T12
-2979RY,T0
+6867OU,T12
-0078KA,T0
%TORYO
#RESIGN
#LOSE
