LOGIN:tenuki OK
BEGIN Game_Summary
Protocol_Version:1.2
Protocol_Mode:Server
Format:Shogi 1.0
Declaration:Jishogi 1.1
Game_ID:dr2prod+dr2prdb-17_tenuki_toarubaito-600-2F+tenuki+toarubaito+20211121195503
Name+:tenuki
Name-:toarubaito
Your_Turn:+
Rematch_On_Draw:NO
To_Move:+
Max_Moves:512
BEGIN Time
Time_Unit:1sec
Total_Time:600
Byoyomi:0
Increment:2
Least_Time_Per_Move:0
END Time
BEGIN Position
P1-KY-KE-GI-KI-OU-KI-GI-KE-KY
P2 * -HI *  *  *  *  * -KA * 
P3-FU-FU-FU-FU-FU-FU-FU-FU-FU
P4 *  *  *  *  *  *  *  *  * 
P5 *  *  *  *  *  *  *  *  * 
P6 *  *  *  *  *  *  *  *  * 
P7+FU+FU+FU+FU+FU+FU+FU+FU+FU
P8 * +KA *  *  *  *  * +HI * 
P9+KY+KE+GI+KI+OU+KI+GI+KE+KY
+
END Position
END Game_Summary
START:dr2prod+dr2prdb-17_tenuki_toarubaito-600-2F+tenuki+toarubaito+20211121195503
+2726FU,T0
-3334FU,T22
+7776FU,T0
-4344FU,T5
+3948GI,T0
-3132GI,T3
+5968OU,T0
-8252HI,T11
+7978GI,T12
-7172GI,T16
+4958KI,T12
-7374FU,T3
+4746FU,T12
-3243GI,T9
+4847GI,T12
-7273GI,T5
+4756GI,T12
-7475FU,T10
+7675FU,T12
-7364GI,T1
+2625FU,T12
-2233KA,T2
+4645FU,T12
-4132KI,T26
+4544FU,T12
-4344GI,T6
+2524FU,T12
-2324FU,T6
+6879OU,T12
-5242HI,T16
+7574FU,T12
-5354FU,T14
+0045FU,T12
-4445GI,T6
+8833UM,T12
-3233KI,T7
+5645GI,T12
-4245HI,T4
+0022KA,T12
-0044KA,T22
+6766FU,T12
-4549RY,T19
+2848HI,T12
-4948RY,T7
+5848KI,T12
-0028HI,T11
+0049FU,T12
-0047FU,T6
+0031HI,T12
-5162OU,T20
+4858KI,T12
-2829RY,T3
+2211UM,T12
-0077FU,T36
+8977KE,T12
-0076KE,T7
+7867GI,T12
-0088GI,T25
+7978OU,T12
-2949RY,T1
+0059GI,T12
-8889GI,T8
+7889OU,T12
-4958RY,T0
+3132RY,T12
-6152KI,T13
+0073GI,T12
-8173KE,T10
+7473TO,T12
-6473GI,T0
+3252RY,T12
-6252OU,T0
+0051KI,T12
-5251OU,T1
+1133UM,T12
-2133KE,T1
+0053KY,T12
-4453KA,T3
+0043KE,T12
-5162OU,T7
+0061KI,T12
-6261OU,T3
+4351NK,T12
-6151OU,T1
+6978KI,T12
-0088KI,T2
+7888KI,T12
-5888RY,T1
%TORYO
#RESIGN
#LOSE
