LOGIN:tenuki OK
BEGIN Game_Summary
Protocol_Version:1.2
Protocol_Mode:Server
Format:Shogi 1.0
Declaration:Jishogi 1.1
Game_ID:dr2prod+dr2prdy1-4_tenuki_arishogi-600-2F+tenuki+arishogi+20211120131646
Name+:tenuki
Name-:arishogi
Your_Turn:+
Rematch_On_Draw:NO
To_Move:+
Max_Moves:512
BEGIN Time
Time_Unit:1sec
Total_Time:600
Byoyomi:0
Increment:2
Least_Time_Per_Move:0
END Time
BEGIN Position
P1-KY-KE-GI-KI-OU-KI-GI-KE-KY
P2 * -HI *  *  *  *  * -KA * 
P3-FU-FU-FU-FU-FU-FU-FU-FU-FU
P4 *  *  *  *  *  *  *  *  * 
P5 *  *  *  *  *  *  *  *  * 
P6 *  *  *  *  *  *  *  *  * 
P7+FU+FU+FU+FU+FU+FU+FU+FU+FU
P8 * +KA *  *  *  *  * +HI * 
P9+KY+KE+GI+KI+OU+KI+GI+KE+KY
+
END Position
END Game_Summary
START:dr2prod+dr2prdy1-4_tenuki_arishogi-600-2F+tenuki+arishogi+20211120131646
+7776FU,T0
%TORYO
#RESIGN
#WIN
