LOGIN:tenuki OK
BEGIN Game_Summary
Protocol_Version:1.2
Protocol_Mode:Server
Format:Shogi 1.0
Declaration:Jishogi 1.1
Game_ID:dr2prod+dr2prdb-1_tenuki_pal-600-2F+tenuki+pal+20211121083022
Name+:tenuki
Name-:pal
Your_Turn:+
Rematch_On_Draw:NO
To_Move:+
Max_Moves:512
BEGIN Time
Time_Unit:1sec
Total_Time:600
Byoyomi:0
Increment:2
Least_Time_Per_Move:0
END Time
BEGIN Position
P1-KY-KE-GI-KI-OU-KI-GI-KE-KY
P2 * -HI *  *  *  *  * -KA * 
P3-FU-FU-FU-FU-FU-FU-FU-FU-FU
P4 *  *  *  *  *  *  *  *  * 
P5 *  *  *  *  *  *  *  *  * 
P6 *  *  *  *  *  *  *  *  * 
P7+FU+FU+FU+FU+FU+FU+FU+FU+FU
P8 * +KA *  *  *  *  * +HI * 
P9+KY+KE+GI+KI+OU+KI+GI+KE+KY
+
END Position
END Game_Summary
START:dr2prod+dr2prdb-1_tenuki_pal-600-2F+tenuki+pal+20211121083022
+7776FU,T0
-8384FU,T0
+2726FU,T0
-8485FU,T0
+8877KA,T0
-3334FU,T9
+7968GI,T0
-4344FU,T8
+3948GI,T12
-3142GI,T13
+4746FU,T12
-4132KI,T9
+4847GI,T12
-7162GI,T14
+6978KI,T12
-5354FU,T1
+5969OU,T12
-9394FU,T1
+2625FU,T12
-2233KA,T10
+6979OU,T12
-4243GI,T12
+4756GI,T12
-7374FU,T0
+2848HI,T12
-6253GI,T7
+3736FU,T12
-5364GI,T8
+4645FU,T12
-4445FU,T0
+5645GI,T12
-0044FU,T0
+4544GI,T12
-3344KA,T0
+7744KA,T12
-4344GI,T0
+4844HI,T12
-0033KA,T0
+4434HI,T12
-3399UM,T8
+0083GI,T12
-8242HI,T0
+0043FU,T12
-4243HI,T0
+3432RY,T12
-4349RY,T7
+0059KI,T12
-0058GI,T0
+3221RY,T12
-0041FU,T8
+0084KA,T12
-8173KE,T8
+0043KE,T12
-5142OU,T7
+2131RY,T12
-4253OU,T7
+7888KI,T12
-4959RY,T0
+6859GI,T12
-0069KI,T0
+7978OU,T12
-0079KI,T0
+7877OU,T12
-7365KE,T0
+7766OU,T12
-9988UM,T0
+6656OU,T12
-0055KI,T0
%TORYO
#RESIGN
#LOSE
