LOGIN:tenuki OK
BEGIN Game_Summary
Protocol_Version:1.2
Protocol_Mode:Server
Format:Shogi 1.0
Declaration:Jishogi 1.1
Game_ID:dr2prod+dr2prdb-10_tenuki_shotgun-600-2F+tenuki+shotgun+20211121151518
Name+:tenuki
Name-:shotgun
Your_Turn:+
Rematch_On_Draw:NO
To_Move:+
Max_Moves:512
BEGIN Time
Time_Unit:1sec
Total_Time:600
Byoyomi:0
Increment:2
Least_Time_Per_Move:0
END Time
BEGIN Position
P1-KY-KE-GI-KI-OU-KI-GI-KE-KY
P2 * -HI *  *  *  *  * -KA * 
P3-FU-FU-FU-FU-FU-FU-FU-FU-FU
P4 *  *  *  *  *  *  *  *  * 
P5 *  *  *  *  *  *  *  *  * 
P6 *  *  *  *  *  *  *  *  * 
P7+FU+FU+FU+FU+FU+FU+FU+FU+FU
P8 * +KA *  *  *  *  * +HI * 
P9+KY+KE+GI+KI+OU+KI+GI+KE+KY
+
END Position
END Game_Summary
START:dr2prod+dr2prdb-10_tenuki_shotgun-600-2F+tenuki+shotgun+20211121151518
+7776FU,T0
-8384FU,T0
+5756FU,T0
-3334FU,T0
+5655FU,T0
-8485FU,T0
+8877KA,T0
-7162GI,T0
+2858HI,T0
-5142OU,T0
+5948OU,T0
-4232OU,T0
+4838OU,T12
-3142GI,T0
+3828OU,T12
-7374FU,T0
+3938GI,T12
-6273GI,T15
+5554FU,T12
-2277UM,T0
+8977KE,T12
-5354FU,T2
+5854HI,T12
-7364GI,T0
+5434HI,T12
-4233GI,T0
+3436HI,T12
-8586FU,T0
+8786FU,T12
-8286HI,T3
+0054FU,T12
-1314FU,T0
+1716FU,T12
-6152KI,T0
+0071KA,T12
-0053FU,T0
+1615FU,T12
-1415FU,T0
+0013FU,T12
-1113KY,T0
+0012FU,T12
-0022KA,T0
+5453TO,T12
-6453GI,T0
+7675FU,T12
-8687RY,T0
+1211TO,T12
-2211KA,T0
+7968GI,T12
-7475FU,T0
+7765KE,T12
-5362GI,T0
+0053FU,T12
-5251KI,T0
+7162UM,T12
-5162KI,T0
+0012GI,T12
-1122KA,T0
+1221GI,T12
-3221OU,T0
+0025KE,T12
-3324GI,T13
+2513KE,T12
-2413GI,T0
+1915KY,T12
-0014FU,T15
+0026KY,T12
-0016KE,T2
+2818OU,T12
-0032GI,T0
+0017FU,T12
-8789RY,T0
+2623NY,T12
-3223GI,T14
+1716FU,T12
-8969RY,T0
+0033KE,T12
-2233KA,T16
+3633RY,T12
-0032KI,T2
+5352TO,T12
-6252KI,T8
+0066KA,T12
-6968RY,T9
+6553NK,T12
-5253KI,T12
+0054FU,T12
-5354KI,T0
+3323RY,T12
-3223KI,T0
+1514KY,T12
-0026KE,T0
+2726FU,T12
-0027GI,T0
+1827OU,T12
-0035KE,T0
+2717OU,T12
-0027HI,T0
+3827GI,T12
-0028KA,T0
+1718OU,T12
-2819UM,T0
+1819OU,T12
-3527KE,T0
%TORYO
#RESIGN
#LOSE
