LOGIN:tenuki OK
BEGIN Game_Summary
Protocol_Version:1.2
Protocol_Mode:Server
Format:Shogi 1.0
Declaration:Jishogi 1.1
Game_ID:dr1prd+sr2pb-4_tenuki_fluke-600-2F+tenuki+fluke+20201122131523
Name+:tenuki
Name-:fluke
Your_Turn:+
Rematch_On_Draw:NO
To_Move:+
Max_Moves:512
BEGIN Time
Time_Unit:1sec
Total_Time:600
Byoyomi:0
Increment:2
Least_Time_Per_Move:0
END Time
BEGIN Position
P1-KY-KE-GI-KI-OU-KI-GI-KE-KY
P2 * -HI *  *  *  *  * -KA * 
P3-FU-FU-FU-FU-FU-FU-FU-FU-FU
P4 *  *  *  *  *  *  *  *  * 
P5 *  *  *  *  *  *  *  *  * 
P6 *  *  *  *  *  *  *  *  * 
P7+FU+FU+FU+FU+FU+FU+FU+FU+FU
P8 * +KA *  *  *  *  * +HI * 
P9+KY+KE+GI+KI+OU+KI+GI+KE+KY
+
END Position
END Game_Summary
START:dr1prd+sr2pb-4_tenuki_fluke-600-2F+tenuki+fluke+20201122131523
+2726FU,T0
-4132KI,T0
+2625FU,T10
-9394FU,T0
+2524FU,T10
-2324FU,T3
+2824HI,T10
-0023FU,T1
+2428HI,T10
-5141OU,T10
+6978KI,T10
-6152KI,T1
+7776FU,T10
-3142GI,T44
+0024FU,T10
-2324FU,T4
+2824HI,T10
-0023FU,T1
+2428HI,T10
-4131OU,T41
+0024FU,T10
-2324FU,T4
+2824HI,T10
-0023FU,T1
+2428HI,T10
-6364FU,T28
+0024FU,T10
-2324FU,T4
+2824HI,T10
-0023FU,T1
+2464HI,T10
-7162GI,T5
+5958OU,T10
-6263GI,T6
+6465HI,T10
-5354FU,T3
+3736FU,T10
-4253GI,T9
+6525HI,T10
-8384FU,T36
+0024FU,T10
-2324FU,T3
+2524HI,T10
-0023FU,T1
+2425HI,T10
-6364GI,T34
+3635FU,T10
-8485FU,T22
+3938GI,T10
-8586FU,T22
+8786FU,T10
-8286HI,T29
+0087FU,T10
-8676HI,T2
+2937KE,T10
-0066FU,T17
+6766FU,T10
-0086FU,T27
+7877KI,T10
-7677RY,T9
+8877KA,T10
-8687TO,T3
+0071HI,T10
-0051KI,T17
+7759KA,T10
-0088FU,T16
+7181RY,T10
-8889TO,T1
+0015KE,T10
-0024KE,T4
+7968GI,T10
-1314FU,T14
+1523NK,T10
-3223KI,T4
+2526HI,T10
-0076KE,T22
+6867GI,T10
-5344GI,T21
+0025FU,T10
-2213KA,T19
+2524FU,T10
-1324KA,T16
+6776GI,T10
-4435GI,T17
+2629HI,T10
-8988TO,T16
+8191RY,T10
-0061FU,T3
+0025KY,T10
-0027FU,T16
+3827GI,T10
-8778TO,T15
+5986KA,T10
-6453GI,T14
+4938KI,T10
-3122OU,T13
+0036FU,T10
-2113KE,T11
+2524KY,T10
-3524GI,T1
+0016KE,T10
-7868TO,T12
+5868OU,T10
-5344GI,T11
+1624KE,T10
-2324KI,T3
+0016KE,T10
-5242KI,T11
+1624KE,T10
-0053KE,T10
+0067KA,T10
-0045KY,T10
+9182RY,T10
-6162FU,T6
+8281RY,T10
-8878TO,T1
+6878OU,T10
-4435GI,T0
+8151RY,T10
-4232KI,T0
+3635FU,T10
-5365KE,T0
+6745KA,T10
-6577NK,T0
+7877OU,T10
-3334FU,T0
+5162RY,T10
-3242KI,T0
+8642UM,T10
-2223OU,T0
+0032GI,T10
-2322OU,T0
+0021KI,T10
%TORYO
#RESIGN
#WIN
