LOGIN:tenuki OK
BEGIN Game_Summary
Protocol_Version:1.2
Protocol_Mode:Server
Format:Shogi 1.0
Declaration:Jishogi 1.1
Game_ID:dr1prd+sr1p-5_tenuki_hosshii-600-2F+tenuki+hosshii+20201121140219
Name+:tenuki
Name-:hosshii
Your_Turn:+
Rematch_On_Draw:NO
To_Move:+
Max_Moves:512
BEGIN Time
Time_Unit:1sec
Total_Time:600
Byoyomi:0
Increment:2
Least_Time_Per_Move:0
END Time
BEGIN Position
P1-KY-KE-GI-KI-OU-KI-GI-KE-KY
P2 * -HI *  *  *  *  * -KA * 
P3-FU-FU-FU-FU-FU-FU-FU-FU-FU
P4 *  *  *  *  *  *  *  *  * 
P5 *  *  *  *  *  *  *  *  * 
P6 *  *  *  *  *  *  *  *  * 
P7+FU+FU+FU+FU+FU+FU+FU+FU+FU
P8 * +KA *  *  *  *  * +HI * 
P9+KY+KE+GI+KI+OU+KI+GI+KE+KY
+
END Position
END Game_Summary
START:dr1prd+sr1p-5_tenuki_hosshii-600-2F+tenuki+hosshii+20201121140219
+5756FU,T0
-3334FU,T9
+2858HI,T0
-5142OU,T12
+7776FU,T10
-7162GI,T5
+5655FU,T10
-4232OU,T7
+5948OU,T10
-3142GI,T5
+3938GI,T10
-1314FU,T5
+4839OU,T10
-1415FU,T3
+5859HI,T10
-7374FU,T5
+3928OU,T10
-6152KI,T4
+5554FU,T10
-4344FU,T4
+5453TO,T10
-6253GI,T3
+0054FU,T10
-5364GI,T4
+7968GI,T10
-5243KI,T47
+6766FU,T10
-8252HI,T35
+8877KA,T10
-4354KI,T3
+7786KA,T10
-6455GI,T8
+6867GI,T10
-8384FU,T15
+6968KI,T10
-8485FU,T8
+8642UM,T10
-4142KI,T4
+7675FU,T10
-7475FU,T21
+8977KE,T10
-2213KA,T11
+6878KI,T10
-0056FU,T5
+0014GI,T10
-1335KA,T3
+6756GI,T10
-0058FU,T3
+5958HI,T10
-0057FU,T2
+0053FU,T10
-5453KI,T5
+5857HI,T10
-3557UM,T3
+5655GI,T10
-0069HI,T1
+7765KE,T10
-0039KA,T2
+2818OU,T10
-6949RY,T2
+1423NG,T10
-3223OU,T1
+0014GI,T10
-2314OU,T2
+3849GI,T10
-0028GI,T10
+0038HI,T10
-5343KI,T4
+0053FU,T10
-5251HI,T3
+7868KI,T10
-1516FU,T12
+2726FU,T10
-1617TO,T2
+2917KE,T10
-0029GI,T4
+1827OU,T10
-2938GI,T2
+4938GI,T10
-5768UM,T1
+5352TO,T10
-5152HI,T2
+0053FU,T10
-5251HI,T3
+5352TO,T10
-5152HI,T1
+0053FU,T10
-5251HI,T3
+5352TO,T10
-5152HI,T2
+5554GI,T10
-5254HI,T2
+0012FU,T10
-1112KY,T2
+0048GI,T10
-3948UM,T4
+1725KE,T10
-2819GI,T2
+2513NK,T10
-1413OU,T1
+4746FU,T10
-0028HI,T2
+2716OU,T10
-4838UM,T1
+1625OU,T10
-3837UM,T1
+2515OU,T10
-2826HI,T2
+6553NK,T10
-5453HI,T2
+6665FU,T10
-6886UM,T7
+8786FU,T10
-5355HI,T2
+4645FU,T10
-5545HI,T1
+0035KA,T10
-0024GI,T18
%TORYO
#RESIGN
#LOSE
