LOGIN:tenuki OK
BEGIN Game_Summary
Protocol_Version:1.2
Protocol_Mode:Server
Format:Shogi 1.0
Declaration:Jishogi 1.1
Game_ID:dr1prd+sr1p-8_tenuki_qinoa-600-2F+tenuki+qinoa+20201121162200
Name+:tenuki
Name-:qinoa
Your_Turn:+
Rematch_On_Draw:NO
To_Move:+
Max_Moves:512
BEGIN Time
Time_Unit:1sec
Total_Time:600
Byoyomi:0
Increment:2
Least_Time_Per_Move:0
END Time
BEGIN Position
P1-KY-KE-GI-KI-OU-KI-GI-KE-KY
P2 * -HI *  *  *  *  * -KA * 
P3-FU-FU-FU-FU-FU-FU-FU-FU-FU
P4 *  *  *  *  *  *  *  *  * 
P5 *  *  *  *  *  *  *  *  * 
P6 *  *  *  *  *  *  *  *  * 
P7+FU+FU+FU+FU+FU+FU+FU+FU+FU
P8 * +KA *  *  *  *  * +HI * 
P9+KY+KE+GI+KI+OU+KI+GI+KE+KY
+
END Position
END Game_Summary
START:dr1prd+sr1p-8_tenuki_qinoa-600-2F+tenuki+qinoa+20201121162200
+5756FU,T0
-3334FU,T21
+2858HI,T0
-5142OU,T21
+7776FU,T10
-4232OU,T20
+5655FU,T10
-7162GI,T21
+5948OU,T10
-1314FU,T21
+4838OU,T10
-6152KI,T21
+3828OU,T10
-8384FU,T21
+3938GI,T10
-8485FU,T20
+8877KA,T10
-1415FU,T20
+7968GI,T10
-7374FU,T21
+5554FU,T10
-8173KE,T20
+5453TO,T10
-5253KI,T20
+7722UM,T10
-3122GI,T20
+7675FU,T10
-8284HI,T19
+0095KA,T10
-0057FU,T18
+5857HI,T10
-8483HI,T16
+7574FU,T10
-7365KE,T15
+5755HI,T10
-4152KI,T15
+5565HI,T10
-8586FU,T15
+8977KE,T10
-8687TO,T14
+6585HI,T10
-8385HI,T13
+7785KE,T10
-0086KA,T12
+9586KA,T10
-8786TO,T11
+8573NK,T10
-6251GI,T11
+0082HI,T10
-0085HI,T10
+8285RY,T10
-8685TO,T9
+0081HI,T10
-0089HI,T10
+6979KI,T10
-8986RY,T9
+0054FU,T10
-5354KI,T8
+7363NK,T10
-0024KA,T8
+7473TO,T10
-1516FU,T7
+1716FU,T10
-0018FU,T7
+1918KY,T10
-0017FU,T7
+1817KY,T10
-1116KY,T6
+1716KY,T10
-8616RY,T7
+0019KY,T10
-1619RY,T6
+2819OU,T10
-0013KY,T5
+1928OU,T10
-0017FU,T5
+0019FU,T10
-0011KY,T5
+2839OU,T10
-1718TO,T5
+1918FU,T10
-1318NY,T4
+0082HI,T10
-2468UM,T5
+7968KI,T10
-0028GI,T4
+3948OU,T10
-2829GI,T3
+6352NK,T10
-0056KE,T4
+4857OU,T10
-5668NK,T4
+8151RY,T10
-6867NK,T3
+5767OU,T10
-0066FU,T3
+6766OU,T10
-0055KI,T3
+6657OU,T10
-5556KI,T2
+5756OU,T10
-0055FU,T2
+5646OU,T10
-5445KI,T0
+4645OU,T10
-4344FU,T1
+4554OU,T10
-2231GI,T0
+0042KA,T10
-3222OU,T0
+4231UM,T10
-2212OU,T0
+5261NK,T10
%TORYO
#RESIGN
#WIN
