LOGIN:tenuki OK
BEGIN Game_Summary
Protocol_Version:1.2
Protocol_Mode:Server
Format:Shogi 1.0
Declaration:Jishogi 1.1
Game_ID:dr1prd+sr1p-4_nozomi_tenuki-600-2F+nozomi+tenuki+20201121131526
Name+:nozomi
Name-:tenuki
Your_Turn:-
Rematch_On_Draw:NO
To_Move:+
Max_Moves:512
BEGIN Time
Time_Unit:1sec
Total_Time:600
Byoyomi:0
Increment:2
Least_Time_Per_Move:0
END Time
BEGIN Position
P1-KY-KE-GI-KI-OU-KI-GI-KE-KY
P2 * -HI *  *  *  *  * -KA * 
P3-FU-FU-FU-FU-FU-FU-FU-FU-FU
P4 *  *  *  *  *  *  *  *  * 
P5 *  *  *  *  *  *  *  *  * 
P6 *  *  *  *  *  *  *  *  * 
P7+FU+FU+FU+FU+FU+FU+FU+FU+FU
P8 * +KA *  *  *  *  * +HI * 
P9+KY+KE+GI+KI+OU+KI+GI+KE+KY
+
END Position
END Game_Summary
START:dr1prd+sr1p-4_nozomi_tenuki-600-2F+nozomi+tenuki+20201121131526
+2726FU,T0
-3334FU,T0
+7776FU,T4
-4132KI,T0
+2625FU,T8
-2233KA,T0
+8833UM,T5
-3233KI,T0
+9796FU,T9
-8222HI,T10
+6968KI,T28
-3142GI,T10
+5969OU,T33
-0065KA,T10
+3938GI,T7
-6576KA,T10
+6978OU,T0
-4344FU,T10
+4746FU,T23
-7665KA,T10
+3736FU,T8
-9394FU,T10
+4948KI,T8
-5162OU,T10
+3847GI,T0
-6272OU,T10
+5756FU,T4
-7282OU,T10
+8977KE,T9
-6554KA,T10
+4857KI,T31
-7172GI,T10
+5655FU,T19
-5443KA,T10
+2937KE,T4
-2324FU,T10
+2524FU,T8
-2224HI,T10
+0025FU,T0
-2422HI,T10
+4645FU,T7
-4445FU,T10
+3745KE,T10
-3344KI,T10
+4756GI,T6
-5354FU,T10
+5766KI,T12
-3435FU,T10
+5554FU,T13
-4354KA,T10
+5655GI,T0
-5445KA,T10
+5544GI,T11
-3536FU,T10
+2848HI,T8
-2225HI,T10
+0016KA,T11
-3637TO,T10
+4845HI,T13
-2545HI,T10
+1661UM,T0
-7261GI,T10
+0034KA,T0
-0074KE,T10
+6676KI,T10
-4544HI,T10
+3461UM,T21
-0072HI,T10
+0062KI,T1
-7262HI,T10
+0071GI,T0
-8293OU,T10
+7785KE,T0
-9392OU,T10
+0082KI,T0
-6282HI,T10
+7182NG,T0
-9282OU,T10
+0072HI,T0
%TORYO
#RESIGN
#LOSE
