LOGIN:tenuki OK
BEGIN Game_Summary
Protocol_Version:1.2
Protocol_Mode:Server
Format:Shogi 1.0
Declaration:Jishogi 1.1
Game_ID:dr1prd+sr2pb-8_nanashogi_tenuki-600-2F+nanashogi+tenuki+20201122161513
Name+:nanashogi
Name-:tenuki
Your_Turn:-
Rematch_On_Draw:NO
To_Move:+
Max_Moves:512
BEGIN Time
Time_Unit:1sec
Total_Time:600
Byoyomi:0
Increment:2
Least_Time_Per_Move:0
END Time
BEGIN Position
P1-KY-KE-GI-KI-OU-KI-GI-KE-KY
P2 * -HI *  *  *  *  * -KA * 
P3-FU-FU-FU-FU-FU-FU-FU-FU-FU
P4 *  *  *  *  *  *  *  *  * 
P5 *  *  *  *  *  *  *  *  * 
P6 *  *  *  *  *  *  *  *  * 
P7+FU+FU+FU+FU+FU+FU+FU+FU+FU
P8 * +KA *  *  *  *  * +HI * 
P9+KY+KE+GI+KI+OU+KI+GI+KE+KY
+
END Position
END Game_Summary
START:dr1prd+sr2pb-8_nanashogi_tenuki-600-2F+nanashogi+tenuki+20201122161513
+2726FU,T23
-8384FU,T0
+2625FU,T28
-8485FU,T0
+7776FU,T17
-3334FU,T0
+6978KI,T12
-4132KI,T0
+2524FU,T16
-2324FU,T0
+2824HI,T10
-8586FU,T0
+8786FU,T34
-8286HI,T0
+2426HI,T35
-8682HI,T10
+0087FU,T13
-2288UM,T10
+7988GI,T12
-3122GI,T10
+3938GI,T3
-0044KA,T10
+2628HI,T14
-0026FU,T10
+0077KA,T12
-4477UM,T10
+8977KE,T11
-0044KA,T10
+0066KA,T7
-4466KA,T10
+6766FU,T0
-2133KE,T10
+2826HI,T12
-0044KA,T10
+2628HI,T17
-4466KA,T10
+4958KI,T23
-6644KA,T10
+4746FU,T34
-0026FU,T10
+5968OU,T31
-0086FU,T10
+8786FU,T18
-8286HI,T10
+4645FU,T17
-3345KE,T10
+0046FU,T9
-4557KE,T10
+5857KI,T9
-8684HI,T10
+3847GI,T16
-4477UM,T10
+6877OU,T12
-0065KE,T10
+7768OU,T0
-6557KE,T10
+6857OU,T15
-8454HI,T10
+4756GI,T25
-0065KI,T10
+0068KE,T1
-0086FU,T10
+2826HI,T8
-5152OU,T10
+2625HI,T8
-6556KI,T10
+6856KE,T7
-0055GI,T10
+0067KI,T20
-0024FU,T10
+2524HI,T13
-7374FU,T10
+0066KE,T10
-2223GI,T10
+2428HI,T8
-5566GI,T10
+6766KI,T8
-0027FU,T10
+2827HI,T5
-0035KE,T10
+2728HI,T5
-7475FU,T10
+0064FU,T1
-8687TO,T10
+8887GI,T15
-7576FU,T10
+0055FU,T6
-0027FU,T10
+2858HI,T0
-5464HI,T10
+5664KE,T0
-6364FU,T10
+0074KA,T0
-0063KE,T10
+0021HI,T4
-7172GI,T10
+0024FU,T0
-2314GI,T10
+0041KA,T16
-5242OU,T10
+4132UM,T4
-4232OU,T10
+0023KI,T1
-3242OU,T10
+0033GI,T4
-4252OU,T10
+2122RY,T0
-0032KA,T10
+2232RY,T0
-5251OU,T10
+3242RY,T0
%TORYO
#RESIGN
#LOSE
