LOGIN:tenuki OK
BEGIN Game_Summary
Protocol_Version:1.2
Protocol_Mode:Server
Format:Shogi 1.0
Declaration:Jishogi 1.1
Game_ID:dr1prd+sr2pb-1_tenuki_cobra-600-2F+tenuki+cobra+20201122100042
Name+:tenuki
Name-:cobra
Your_Turn:+
Rematch_On_Draw:NO
To_Move:+
Max_Moves:512
BEGIN Time
Time_Unit:1sec
Total_Time:600
Byoyomi:0
Increment:2
Least_Time_Per_Move:0
END Time
BEGIN Position
P1-KY-KE-GI-KI-OU-KI-GI-KE-KY
P2 * -HI *  *  *  *  * -KA * 
P3-FU-FU-FU-FU-FU-FU-FU-FU-FU
P4 *  *  *  *  *  *  *  *  * 
P5 *  *  *  *  *  *  *  *  * 
P6 *  *  *  *  *  *  *  *  * 
P7+FU+FU+FU+FU+FU+FU+FU+FU+FU
P8 * +KA *  *  *  *  * +HI * 
P9+KY+KE+GI+KI+OU+KI+GI+KE+KY
+
END Position
END Game_Summary
START:dr1prd+sr2pb-1_tenuki_cobra-600-2F+tenuki+cobra+20201122100042
+2726FU,T0
-8384FU,T0
+7776FU,T0
-8485FU,T0
+2625FU,T0
-4132KI,T0
+8877KA,T0
-3334FU,T0
+7968GI,T0
-2277UM,T0
+6877GI,T0
-3122GI,T0
+6978KI,T0
-2233GI,T0
+3948GI,T0
-7162GI,T0
+5968OU,T0
-9394FU,T0
+3736FU,T10
-7374FU,T0
+2937KE,T10
-6273GI,T20
+4746FU,T10
-7364GI,T2
+3745KE,T10
-3322GI,T7
+2524FU,T10
-2324FU,T7
+6766FU,T10
-0054KA,T2
+2824HI,T10
-4344FU,T6
+4553KE,T10
-6453GI,T2
+4847GI,T10
-7475FU,T5
+7675FU,T10
-8586FU,T9
+7786GI,T10
-0088FU,T5
+8977KE,T10
-8889TO,T11
+7765KE,T10
-5364GI,T2
+2429HI,T10
-8988TO,T4
+7877KI,T10
-3435FU,T5
+7574FU,T10
-3536FU,T10
+7473TO,T10
-8173KE,T7
+6573NK,T10
-6473GI,T5
+0074FU,T10
-0076FU,T2
+7767KI,T10
-7364GI,T2
+7473TO,T10
-6473GI,T2
+0074FU,T10
-7364GI,T12
+7473TO,T10
-6473GI,T23
+0074FU,T10
-7364GI,T10
+6665FU,T10
-0055KE,T34
+6564FU,T10
-5567NK,T16
+6867OU,T10
-0055KE,T6
+6758OU,T10
-3637TO,T2
+0073KA,T10
-5142OU,T36
+0034KE,T10
-4233OU,T2
+0024GI,T10
-3334OU,T1
+0035FU,T10
-3443OU,T0
+7382UM,T10
-3747TO,T0
+5859OU,T10
-0067KE,T0
+5968OU,T10
-0078KI,T0
%TORYO
#RESIGN
#LOSE
