LOGIN:tenuki OK
BEGIN Game_Summary
Protocol_Version:1.2
Protocol_Mode:Server
Format:Shogi 1.0
Declaration:Jishogi 1.1
Game_ID:dr1prd+sr2pb-6_deepsawanyan_tenuki-600-2F+deepsawanyan+tenuki+20201122144518
Name+:deepsawanyan
Name-:tenuki
Your_Turn:-
Rematch_On_Draw:NO
To_Move:+
Max_Moves:512
BEGIN Time
Time_Unit:1sec
Total_Time:600
Byoyomi:0
Increment:2
Least_Time_Per_Move:0
END Time
BEGIN Position
P1-KY-KE-GI-KI-OU-KI-GI-KE-KY
P2 * -HI *  *  *  *  * -KA * 
P3-FU-FU-FU-FU-FU-FU-FU-FU-FU
P4 *  *  *  *  *  *  *  *  * 
P5 *  *  *  *  *  *  *  *  * 
P6 *  *  *  *  *  *  *  *  * 
P7+FU+FU+FU+FU+FU+FU+FU+FU+FU
P8 * +KA *  *  *  *  * +HI * 
P9+KY+KE+GI+KI+OU+KI+GI+KE+KY
+
END Position
END Game_Summary
START:dr1prd+sr2pb-6_deepsawanyan_tenuki-600-2F+deepsawanyan+tenuki+20201122144518
+2868HI,T12
-5142OU,T10
+5948OU,T14
-7162GI,T10
+4838OU,T10
-4232OU,T10
+3828OU,T15
-8384FU,T10
+7776FU,T15
-8485FU,T10
+8877KA,T10
-7374FU,T10
+6766FU,T11
-6152KI,T10
+7978GI,T3
-7475FU,T10
+7675FU,T14
-8272HI,T10
+7867GI,T8
-7275HI,T10
+6878HI,T8
-6251GI,T10
+7788KA,T9
-7578RY,T10
+6778GI,T13
-0082HI,T10
+7867GI,T13
-8586FU,T10
+8786FU,T13
-8286HI,T10
+6978KI,T11
-5162GI,T10
+0087FU,T12
-8684HI,T10
+1716FU,T11
-5251KI,T10
+1615FU,T9
-3334FU,T10
+8877KA,T12
-3142GI,T10
+3938GI,T11
-4131KI,T10
+7795KA,T6
-8482HI,T10
+5756FU,T11
-6364FU,T10
+9577KA,T11
-2233KA,T10
+0074FU,T6
-8284HI,T10
+0076HI,T7
-9394FU,T10
+7786KA,T7
-0075FU,T10
+7675HI,T6
-5152KI,T10
+8977KE,T6
-3141KI,T10
+5655FU,T8
-5263KI,T10
+7585HI,T8
-8485HI,T10
+7785KE,T10
-0084FU,T10
+8573NK,T10
-8173KE,T10
+7473TO,T6
-6373KI,T10
+0061HI,T9
-6251GI,T10
+6191RY,T9
-0069HI,T10
+0079FU,T9
-3355KA,T10
+0046KY,T7
-0054KE,T10
+4959KI,T7
-6959RY,T10
+8659KA,T9
-5446KE,T10
+4746FU,T9
-5546KA,T10
+9171RY,T8
-7363KI,T10
+0026KE,T8
-0035KI,T10
+5968KA,T8
-4668UM,T10
+7868KI,T8
-0045KY,T10
+1514FU,T8
-4548NY,T10
+0039KE,T8
-0083KA,T10
+0047KA,T7
-4847NY,T10
+3947KE,T7
-3526KI,T10
+1413TO,T4
-0036KE,T10
+3736FU,T7
-0046KA,T10
+0037KY,T4
-2113KE,T10
+6858KI,T5
-0018FU,T10
+2726FU,T5
-1819TO,T10
+2819OU,T7
-1325KE,T10
+1928OU,T7
-0018FU,T10
+2625FU,T7
-1819TO,T10
+0012FU,T7
-1929TO,T10
+2827OU,T6
-0055KE,T10
+1211TO,T5
-2928TO,T10
+2728OU,T4
-0026KY,T10
+0027KY,T2
-2627KY,T10
+2827OU,T2
-5567NK,T10
+5867KI,T4
-0049GI,T10
+0012HI,T6
-0022KY,T10
+0045KI,T4
-4938GI,T10
+2738OU,T3
-0049GI,T10
+3848OU,T2
-4958NG,T10
+4858OU,T2
-4637UM,T10
+0021GI,T5
-3233OU,T10
+1222RY,T3
-3322OU,T10
+1112TO,T1
-2233OU,T10
+0022GI,T1
%TORYO
#RESIGN
#LOSE
