LOGIN:tenuki OK
BEGIN Game_Summary
Protocol_Version:1.2
Protocol_Mode:Server
Format:Shogi 1.0
Declaration:Jishogi 1.1
Game_ID:dr1prd+sr2pb-5_hosshii_tenuki-600-2F+hosshii+tenuki+20201122140033
Name+:hosshii
Name-:tenuki
Your_Turn:-
Rematch_On_Draw:NO
To_Move:+
Max_Moves:512
BEGIN Time
Time_Unit:1sec
Total_Time:600
Byoyomi:0
Increment:2
Least_Time_Per_Move:0
END Time
BEGIN Position
P1-KY-KE-GI-KI-OU-KI-GI-KE-KY
P2 * -HI *  *  *  *  * -KA * 
P3-FU-FU-FU-FU-FU-FU-FU-FU-FU
P4 *  *  *  *  *  *  *  *  * 
P5 *  *  *  *  *  *  *  *  * 
P6 *  *  *  *  *  *  *  *  * 
P7+FU+FU+FU+FU+FU+FU+FU+FU+FU
P8 * +KA *  *  *  *  * +HI * 
P9+KY+KE+GI+KI+OU+KI+GI+KE+KY
+
END Position
END Game_Summary
START:dr1prd+sr2pb-5_hosshii_tenuki-600-2F+hosshii+tenuki+20201122140033
+2726FU,T8
-8384FU,T0
+7776FU,T1
-3334FU,T0
+6978KI,T1
-4132KI,T0
+2625FU,T2
-8485FU,T0
+2524FU,T1
-2324FU,T0
+2824HI,T0
-8586FU,T0
+8786FU,T1
-8286HI,T0
+2434HI,T18
-2233KA,T0
+3436HI,T45
-8684HI,T0
+3626HI,T3
-3122GI,T0
+0087FU,T6
-3388UM,T10
+7988GI,T9
-2133KE,T10
+0021KA,T67
-8482HI,T10
+2132KA,T24
-8232HI,T10
+0023KI,T5
-2223GI,T10
+2623RY,T4
-0031KI,T10
+3948GI,T35
-5162OU,T10
+8877GI,T20
-0014KA,T10
+2326RY,T13
-3345KE,T10
+0024FU,T42
-0044KA,T10
+2646RY,T8
-0088FU,T10
+7888KI,T33
-0028FU,T10
+4645RY,T23
-3235HI,T10
+4535RY,T6
-4435KA,T10
+0034HI,T1
-0032HI,T10
+0033GI,T7
-3544KA,T10
+3332NG,T6
-3132KI,T10
+0036KE,T18
-4433KA,T10
+1716FU,T10
-2829TO,T10
+1615FU,T7
-1425KA,T10
+3435HI,T7
-0034GI,T10
+3585HI,T21
-7172GI,T10
+2423TO,T4
-3223KI,T10
+0026FU,T6
-2919TO,T10
+2625FU,T3
-0084FU,T10
+8584HI,T5
-0083KY,T10
+8483HI,T3
-7283GI,T10
+2524FU,T0
-2322KI,T10
+0056KA,T5
-0079HI,T10
+0069HI,T6
-7969RY,T10
+5969OU,T5
-8372GI,T10
+5634KA,T6
-3377UM,T10
+8977KE,T5
-2233KI,T10
+3416KA,T6
-0018HI,T10
+2423TO,T5
-1816RY,T10
+2333TO,T5
-0064KE,T10
+0022HI,T8
-0052GI,T10
+3343TO,T4
-6476KE,T10
+4352TO,T5
-6152KI,T10
+0043KA,T2
-0042FU,T10
+4316UM,T5
-7688NK,T10
+4959KI,T10
-5251KI,T10
+0021HI,T6
-0031FU,T10
+2131HI,T7
-0041KI,T10
+0052KI,T11
-4152KI,T10
+1652UM,T3
-6252OU,T10
+3644KE,T3
-5243OU,T10
+0034KI,T5
-4354OU,T10
+0065GI,T2
-5455OU,T10
+2225HI,T3
-0045KA,T10
+6556GI,T2
-5564OU,T10
+2545HI,T2
-6474OU,T10
+3151HI,T5
-0054KA,T10
+5665GI,T3
-5465KA,T10
+4565HI,T2
-0076GI,T10
+0075KI,T2
-7483OU,T10
+7576KI,T1
-8392OU,T10
+5152HI,T4
-0061KI,T10
+5242HI,T2
-8899NK,T10
+6563HI,T6
-6171KI,T10
+6353HI,T2
-9989NK,T10
+6978OU,T3
-0082KY,T10
+0056KA,T4
-8283KY,T10
+7889OU,T1
-9394FU,T10
+8786FU,T2
-7374FU,T10
+5674KA,T2
-7182KI,T10
+8685FU,T4
-8173KE,T10
+8584FU,T2
-1112KY,T10
+4212HI,T3
-1918TO,T10
+0075KE,T4
-9293OU,T10
+8483FU,T2
-8281KI,T10
+1213HI,T10
-1828TO,T10
+0016KA,T3
-2827TO,T10
+1627KA,T2
-9495FU,T10
+4452NK,T3
-9384OU,T10
+7456KA,T4
-8493OU,T10
+5262NK,T2
-7263GI,T9
+5363HI,T2
-8192KI,T2
+6373HI,T2
-9596FU,T2
+9796FU,T1
-9384OU,T2
+7371HI,T2
-8494OU,T2
+8382TO,T1
-9282KI,T2
+7191HI,T1
-9484OU,T2
+7583NK,T2
-8283KI,T2
+7675KI,T3
-8475OU,T2
+1383HI,T1
-0097KE,T2
+8998OU,T1
-0088KI,T2
+8388HI,T1
-0087FU,T2
+8887HI,T0
-9789NK,T2
+8789HI,T1
-7564OU,T2
+3444KI,T5
-6475OU,T2
+6272NK,T1
-7576OU,T2
+7273NK,T1
-7675OU,T2
+7374NK,T1
-7576OU,T2
+7475NK,T0
-7675OU,T2
+4454KI,T1
-0086KE,T2
+9887OU,T0
-8678NK,T2
+8778OU,T0
-7576OU,T2
+5464KI,T0
-7675OU,T2
+6474KI,T0
-7576OU,T2
+7475KI,T0
-7675OU,T2
+9171HI,T1
-0072KI,T2
+7172HI,T2
-7564OU,T2
+7765KE,T0
-6455OU,T2
+6553NK,T2
-5544OU,T2
+5343NK,T0
-4443OU,T2
+4746FU,T0
-0042KE,T2
+4645FU,T0
-4334OU,T2
+4544FU,T0
-3424OU,T2
+7242HI,T1
-2415OU,T2
+4212RY,T1
-0013FU,T2
+1213RY,T1
-1526OU,T2
+1315RY,T1
-2615OU,T2
+7868OU,T5
-0098HI,T2
+6877OU,T7
-9897RY,T2
+7766OU,T2
-9796RY,T2
+6655OU,T0
-9695RY,T2
+5554OU,T0
-0016FU,T2
+5443OU,T5
-9555RY,T2
+8982HI,T3
-5525RY,T2
+8212HI,T1
-1526OU,T2
+2716KA,T2
-2516RY,T2
+0029KY,T0
-0028KA,T2
+2928KY,T0
-2617OU,T2
+0019KY,T4
-1728OU,T2
+1216HI,T1
-0041KY,T2
+4333OU,T2
-4144KY,T2
+3344OU,T0
-0043FU,T2
+4443OU,T1
-2827OU,T2
+4839GI,T1
-2737OU,T2
+3928GI,T0
-3728OU,T2
+5949KI,T0
-0034GI,T2
+4334OU,T0
-0033FU,T2
+3433OU,T0
-2827OU,T2
+4948KI,T0
-2728OU,T2
+4837KI,T2
-2839OU,T2
+3738KI,T1
-3949OU,T2
+3839KI,T0
-4939OU,T2
+1636HI,T0
-3948OU,T2
+3638HI,T1
-4859OU,T2
+5683UM,T2
-0058KI,T2
+8347UM,T1
-5968OU,T2
+4758UM,T5
-6878OU,T2
+5859UM,T0
-7887OU,T2
+5969UM,T2
-8786OU,T2
+6978UM,T1
-8695OU,T2
+3835HI,T3
-9594OU,T2
+6766FU,T0
-9493OU,T2
+6665FU,T0
-9382OU,T2
+6564FU,T0
-8272OU,T2
+6463TO,T0
-7263OU,T2
+5756FU,T0
-6372OU,T2
+5655FU,T0
-7282OU,T2
+5554FU,T0
-8281OU,T2
+5453TO,T5
-8182OU,T2
+5363TO,T0
-8292OU,T2
+6373TO,T0
-0032FU,T2
+3332OU,T0
-9293OU,T2
+7383TO,T0
-9383OU,T2
+3533RY,T0
-8394OU,T2
+3373RY,T1
-0031FU,T2
+3231OU,T1
-9495OU,T2
+7393RY,T1
-9586OU,T2
+9384RY,T1
-8676OU,T2
+1918KY,T4
-7665OU,T2
+8473RY,T1
-6555OU,T2
+7363RY,T0
-5546OU,T2
+6354RY,T0
-4637OU,T2
+5445RY,T2
-3738OU,T2
+7856UM,T1
-3828OU,T2
+4536RY,T1
-2818OU,T2
+3638RY,T0
-1819OU,T2
+5646UM,T1
-0028KY,T2
+3836RY,T4
-1918OU,T2
+3616RY,T1
-1829OU,T2
+4647UM,T0
-2939OU,T2
+1619RY,T0
-2829NY,T2
+4729UM,T0
-3948OU,T2
+2947UM,T0
-4847OU,T2
+1949RY,T0
-4736OU,T2
+4938RY,T2
-3645OU,T2
+3847RY,T0
-4554OU,T2
+4756RY,T0
-5463OU,T2
+5665RY,T0
-6373OU,T2
+3122OU,T2
-0088KA,T2
+2223OU,T1
-8877UM,T2
+6575RY,T1
-7362OU,T2
+7577RY,T0
-6263OU,T2
+7773RY,T1
-6373OU,T2
+2334OU,T0
-7372OU,T2
+3444OU,T0
-0048HI,T2
+4455OU,T0
-4858RY,T2
+5565OU,T0
-5867RY,T2
+6575OU,T1
-6777RY,T2
+7564OU,T0
-7773RY,T2
+6454OU,T0
-7363RY,T2
+5445OU,T0
-6365RY,T2
+0055KI,T2
-6563RY,T2
+0054KA,T2
-6354RY,T2
+5554KI,T0
-0018KA,T2
+4555OU,T1
-1854UM,T2
+5554OU,T0
-0063KI,T2
+5465OU,T1
-6362KI,T2
+6564OU,T0
-6263KI,T2
+6475OU,T0
-6362KI,T2
+0069KY,T2
-7271OU,T2
+6962KY,T1
-7162OU,T2
+7564OU,T1
-0063KY,T2
+6454OU,T1
-6271OU,T2
+5463OU,T1
-7181OU,T2
+6373OU,T1
-8192OU,T2
+0083HI,T1
-9291OU,T2
+8382HI,T1
%TORYO
#RESIGN
#LOSE
