LOGIN:tenuki OK
BEGIN Game_Summary
Protocol_Version:1.2
Protocol_Mode:Server
Format:Shogi 1.0
Declaration:Jishogi 1.1
Game_ID:dr1prd+sr1p-2_snns_tenuki-600-2F+snns+tenuki+20201121104528
Name+:snns
Name-:tenuki
Your_Turn:-
Rematch_On_Draw:NO
To_Move:+
Max_Moves:512
BEGIN Time
Time_Unit:1sec
Total_Time:600
Byoyomi:0
Increment:2
Least_Time_Per_Move:0
END Time
BEGIN Position
P1-KY-KE-GI-KI-OU-KI-GI-KE-KY
P2 * -HI *  *  *  *  * -KA * 
P3-FU-FU-FU-FU-FU-FU-FU-FU-FU
P4 *  *  *  *  *  *  *  *  * 
P5 *  *  *  *  *  *  *  *  * 
P6 *  *  *  *  *  *  *  *  * 
P7+FU+FU+FU+FU+FU+FU+FU+FU+FU
P8 * +KA *  *  *  *  * +HI * 
P9+KY+KE+GI+KI+OU+KI+GI+KE+KY
+
END Position
END Game_Summary
START:dr1prd+sr1p-2_snns_tenuki-600-2F+snns+tenuki+20201121104528
+2726FU,T6
-3334FU,T0
+2625FU,T6
-2233KA,T0
+7776FU,T6
-3142GI,T0
+3948GI,T6
-8384FU,T10
+8833KA,T6
-4233GI,T10
+7988GI,T6
-8485FU,T10
+8877GI,T6
-7162GI,T10
+3736FU,T6
-0055KA,T10
+4837GI,T6
-8586FU,T10
+8786FU,T6
-5577UM,T10
+8977KE,T6
-8286HI,T10
+0088FU,T6
-5142OU,T10
+6978KI,T6
-8682HI,T10
+3746GI,T6
-4132KI,T10
+3635FU,T6
-3435FU,T10
+4635GI,T6
-0034FU,T10
+2524FU,T6
-2324FU,T10
+3524GI,T6
-3324GI,T10
+2824HI,T6
-0023FU,T10
+2434HI,T6
-0033FU,T10
+3435HI,T6
-0089GI,T10
+7879KI,T6
-0078GI,T10
+7968KI,T6
-8288RY,T10
+3585HI,T6
-8885RY,T10
+7785KE,T6
-0025HI,T10
+2937KE,T6
-2585HI,T10
+5948OU,T6
-8588RY,T10
+3745KE,T6
-7867NG,T10
+6858KI,T6
-6758NG,T10
+4958KI,T6
-0036KE,T10
+4837OU,T6
-8858RY,T10
+3736OU,T6
-5838RY,T10
+3646OU,T6
-0035KI,T10
+4656OU,T6
-3545KI,T10
+5667OU,T6
-3878RY,T10
+6766OU,T0
-7374FU,T10
+6665OU,T6
-0064KI,T10
+6566OU,T0
-0054KE,T10
%TORYO
#RESIGN
#WIN
