LOGIN:tenuki OK
BEGIN Game_Summary
Protocol_Version:1.2
Protocol_Mode:Server
Format:Shogi 1.0
Declaration:Jishogi 1.1
Game_ID:dr1prd+sr2pb-9_tenuki_miacis-600-2F+tenuki+miacis+20201122170040
Name+:tenuki
Name-:miacis
Your_Turn:+
Rematch_On_Draw:NO
To_Move:+
Max_Moves:512
BEGIN Time
Time_Unit:1sec
Total_Time:600
Byoyomi:0
Increment:2
Least_Time_Per_Move:0
END Time
BEGIN Position
P1-KY-KE-GI-KI-OU-KI-GI-KE-KY
P2 * -HI *  *  *  *  * -KA * 
P3-FU-FU-FU-FU-FU-FU-FU-FU-FU
P4 *  *  *  *  *  *  *  *  * 
P5 *  *  *  *  *  *  *  *  * 
P6 *  *  *  *  *  *  *  *  * 
P7+FU+FU+FU+FU+FU+FU+FU+FU+FU
P8 * +KA *  *  *  *  * +HI * 
P9+KY+KE+GI+KI+OU+KI+GI+KE+KY
+
END Position
END Game_Summary
START:dr1prd+sr2pb-9_tenuki_miacis-600-2F+tenuki+miacis+20201122170040
+7776FU,T0
-8384FU,T9
+5756FU,T0
-3334FU,T8
+5655FU,T0
-8485FU,T8
+8877KA,T0
-5142OU,T8
+2858HI,T10
-1314FU,T8
+5948OU,T10
-1415FU,T8
+4838OU,T10
-7162GI,T8
+3828OU,T10
-3132GI,T8
+7968GI,T10
-6152KI,T8
+5554FU,T10
-4344FU,T8
+5453TO,T10
-6253GI,T8
+6857GI,T10
-5243KI,T8
+5766GI,T10
-2233KA,T8
+1918KY,T10
-5364GI,T8
+4938KI,T10
-4231OU,T8
+2819OU,T10
-3122OU,T8
+3928GI,T10
-7374FU,T8
+0054FU,T10
-8252HI,T8
+6655GI,T10
-6465GI,T8
+6968KI,T10
-6576GI,T8
+7795KA,T10
-9394FU,T8
+9584KA,T10
-5282HI,T8
+8466KA,T10
-0052FU,T7
+6878KI,T10
-8586FU,T7
+8786FU,T10
-8286HI,T7
+5859HI,T10
-0088FU,T7
+8977KE,T10
-7687GI,T7
+7887KI,T10
-8687RY,T7
+5453TO,T10
-5253FU,T7
+0054FU,T10
-8778RY,T7
+0039GI,T10
-5354FU,T7
+5554GI,T10
-0058FU,T7
+5443NG,T10
-5859TO,T7
+4333NG,T10
-2133KE,T7
+0096KA,T10
-7867RY,T7
+6644KA,T10
-5949TO,T7
+9674KA,T10
-0059HI,T7
+4433UM,T10
-3233GI,T7
+0045KE,T10
-3344GI,T7
+7765KE,T10
-0032GI,T7
+6553NK,T10
-4445GI,T7
+7463UM,T10
-6763RY,T7
+5363NK,T10
-0066KA,T7
+0048KI,T10
-4939TO,T7
+3839KI,T10
-0035KE,T7
+4849KI,T10
-0057KA,T7
+6352NK,T10
-5739UM,T6
+4939KI,T10
-6639UM,T6
+0077KA,T10
-0033GI,T6
+7733UM,T10
-3233GI,T6
+2839GI,T10
-3527KE,T0
+1928OU,T10
-5939RY,T0
+2827OU,T10
-0038GI,T0
+2726OU,T10
-0035KI,T0
%TORYO
#RESIGN
#LOSE
