LOGIN:tenuki OK
BEGIN Game_Summary
Protocol_Version:1.2
Protocol_Mode:Server
Format:Shogi 1.0
Declaration:Jishogi 1.1
Game_ID:dr1prd+sr2pb-7_sylwi_tenuki-600-2F+sylwi+tenuki+20201122153020
Name+:sylwi
Name-:tenuki
Your_Turn:-
Rematch_On_Draw:NO
To_Move:+
Max_Moves:512
BEGIN Time
Time_Unit:1sec
Total_Time:600
Byoyomi:0
Increment:2
Least_Time_Per_Move:0
END Time
BEGIN Position
P1-KY-KE-GI-KI-OU-KI-GI-KE-KY
P2 * -HI *  *  *  *  * -KA * 
P3-FU-FU-FU-FU-FU-FU-FU-FU-FU
P4 *  *  *  *  *  *  *  *  * 
P5 *  *  *  *  *  *  *  *  * 
P6 *  *  *  *  *  *  *  *  * 
P7+FU+FU+FU+FU+FU+FU+FU+FU+FU
P8 * +KA *  *  *  *  * +HI * 
P9+KY+KE+GI+KI+OU+KI+GI+KE+KY
+
END Position
END Game_Summary
START:dr1prd+sr2pb-7_sylwi_tenuki-600-2F+sylwi+tenuki+20201122153020
+2726FU,T0
-8384FU,T0
+7968GI,T0
-8485FU,T10
+6978KI,T1
-4132KI,T10
+2625FU,T1
-8586FU,T10
+8786FU,T10
-8286HI,T10
+0087FU,T9
-8682HI,T10
+2524FU,T16
-2324FU,T10
+2824HI,T1
-0023FU,T10
+2428HI,T1
-3334FU,T10
+3938GI,T39
-0086FU,T10
+8786FU,T3
-8286HI,T10
+0087FU,T8
-8682HI,T10
+3827GI,T22
-0086FU,T10
+8786FU,T5
-8286HI,T10
+0087FU,T1
-8682HI,T10
+2736GI,T13
-5162OU,T10
+6766FU,T7
-2266KA,T10
+4958KI,T1
-2133KE,T10
+4746FU,T23
-7172GI,T10
+6867GI,T3
-6655KA,T10
+5847KI,T30
-5564KA,T10
+7776FU,T5
-0086FU,T10
+8786FU,T6
-8286HI,T10
+0087FU,T4
-8685HI,T10
+8866KA,T3
-6455KA,T10
+6655KA,T7
-8555HI,T10
+0082KA,T1
-3435FU,T10
+3627GI,T1
-0088FU,T10
+7888KI,T5
-5565HI,T10
+0066FU,T3
-6564HI,T10
+8291UM,T1
-6424HI,T10
+0026FU,T5
-3142GI,T10
+5968OU,T6
-4344FU,T10
+8977KE,T4
-2434HI,T10
+8878KI,T12
-4445FU,T10
+4645FU,T1
-2324FU,T10
+2848HI,T14
-2425FU,T10
+2625FU,T4
-0024FU,T10
+0086KY,T20
-3345KE,T10
+8682NY,T1
-0046FU,T10
+4746KI,T1
-0039KA,T10
+4645KI,T1
-3948UM,T10
+4534KI,T1
-0049HI,T10
+0079HI,T1
-4979RY,T10
+7879KI,T1
-0049HI,T10
+8272NY,T4
-6172KI,T10
+0084KE,T1
-4859UM,T10
+6878OU,T1
-5977UM,T10
+7877OU,T1
-4979RY,T10
+6778GI,T1
-7271KI,T10
+0092HI,T4
-0082KY,T10
+9182UM,T1
-0085KE,T10
+7786OU,T0
-0061KI,T10
+8271UM,T0
-6251OU,T10
+7161UM,T0
-5141OU,T10
+0021KI,T0
-4251GI,T10
+0052KI,T0
-5152GI,T10
+6152UM,T0
%TORYO
#RESIGN
#LOSE
