LOGIN:tenuki OK
BEGIN Game_Summary
Protocol_Version:1.2
Protocol_Mode:Server
Format:Shogi 1.0
Declaration:Jishogi 1.1
Game_ID:dr1prd+sr1p-10_dolphin_tenuki-600-2F+dolphin+tenuki+20201121174525
Name+:dolphin
Name-:tenuki
Your_Turn:-
Rematch_On_Draw:NO
To_Move:+
Max_Moves:512
BEGIN Time
Time_Unit:1sec
Total_Time:600
Byoyomi:0
Increment:2
Least_Time_Per_Move:0
END Time
BEGIN Position
P1-KY-KE-GI-KI-OU-KI-GI-KE-KY
P2 * -HI *  *  *  *  * -KA * 
P3-FU-FU-FU-FU-FU-FU-FU-FU-FU
P4 *  *  *  *  *  *  *  *  * 
P5 *  *  *  *  *  *  *  *  * 
P6 *  *  *  *  *  *  *  *  * 
P7+FU+FU+FU+FU+FU+FU+FU+FU+FU
P8 * +KA *  *  *  *  * +HI * 
P9+KY+KE+GI+KI+OU+KI+GI+KE+KY
+
END Position
END Game_Summary
START:dr1prd+sr1p-10_dolphin_tenuki-600-2F+dolphin+tenuki+20201121174525
+2726FU,T0
-3334FU,T0
+7776FU,T0
-8242HI,T0
+9796FU,T0
-5162OU,T10
+9695FU,T0
-6272OU,T10
+2625FU,T9
-7282OU,T10
+5968OU,T0
-2233KA,T10
+8833UM,T1
-2133KE,T10
+7978GI,T11
-7172GI,T10
+4958KI,T14
-4222HI,T10
+3938GI,T22
-4132KI,T10
+6766FU,T11
-0088KA,T10
+0077KA,T4
-8877UM,T10
+6877OU,T1
-3142GI,T10
+4746FU,T12
-5354FU,T10
+7788OU,T28
-0055KA,T10
+5867KI,T4
-5546KA,T10
+5756FU,T10
-4635KA,T10
+3847GI,T1
-2221HI,T10
+3736FU,T5
-3571KA,T10
+7877GI,T25
-4344FU,T10
+7675FU,T1
-7153KA,T10
+6665FU,T1
-5375KA,T10
+7766GI,T1
-7584KA,T10
+6978KI,T6
-4253GI,T10
+0086KA,T5
-5362GI,T10
+6675GI,T5
-2141HI,T10
+7584GI,T19
-8384FU,T10
+2524FU,T1
-2324FU,T10
+2824HI,T1
-0023FU,T10
+2428HI,T32
-7283GI,T10
+3635FU,T5
-3435FU,T10
+0034FU,T1
-3345KE,T10
+2838HI,T1
-9394FU,T10
+3835HI,T5
-0024GI,T10
+3539HI,T7
-9495FU,T10
+0025FU,T4
-0038FU,T10
+3938HI,T1
-0037FU,T10
+3828HI,T1
-2435GI,T10
+8668KA,T1
-3738TO,T10
+2838HI,T5
-0037FU,T10
+3828HI,T4
-9596FU,T10
+6835KA,T12
-9697TO,T10
+9997KY,T1
-9197KY,T10
+8897OU,T5
-0093KY,T10
+9788OU,T4
-0097FU,T10
+0099KY,T4
-6172KI,T10
+3568KA,T5
-9798TO,T10
+9998KY,T5
-9398NY,T10
+8898OU,T1
-0094KY,T10
+0095FU,T4
-9495KY,T10
+6895KA,T1
-5455FU,T10
+5655FU,T5
-3738TO,T10
+2838HI,T4
-0037FU,T10
+3828HI,T3
-4151HI,T10
+9577KA,T14
-8193KE,T10
+0096KY,T5
-9385KE,T10
+7766KA,T1
-6364FU,T10
+6564FU,T2
-6253GI,T10
+0065KY,T4
-5364GI,T10
+0093GI,T1
-8271OU,T10
+6564KY,T13
-0063FU,T10
+0054KA,T1
-6364FU,T10
+5432UM,T1
-0065KY,T10
+3242UM,T0
-5161HI,T10
+4253UM,T0
-6162HI,T10
+0052KI,T0
-6566KY,T10
+5262KI,T0
-7262KI,T10
+0082GI,T0
-7172OU,T10
+0071HI,T0
%TORYO
#RESIGN
#LOSE
