LOGIN:tenuki OK
BEGIN Game_Summary
Protocol_Version:1.2
Protocol_Mode:Server
Format:Shogi 1.0
Declaration:Jishogi 1.1
Game_ID:WCSC33+L6_28-900-5F+auaushogi+tenuki+20230503153224
Name+:auaushogi
Name-:tenuki
Your_Turn:-
Rematch_On_Draw:NO
To_Move:+
Max_Moves:320
BEGIN Time
Time_Unit:1sec
Total_Time:900
Increment:5
END Time
BEGIN Position
P1-KY-KE-GI-KI-OU-KI-GI-KE-KY
P2 * -HI *  *  *  *  * -KA * 
P3-FU-FU-FU-FU-FU-FU-FU-FU-FU
P4 *  *  *  *  *  *  *  *  * 
P5 *  *  *  *  *  *  *  *  * 
P6 *  *  *  *  *  *  *  *  * 
P7+FU+FU+FU+FU+FU+FU+FU+FU+FU
P8 * +KA *  *  *  *  * +HI * 
P9+KY+KE+GI+KI+OU+KI+GI+KE+KY
P+
P-
+
END Position
END Game_Summary
START:WCSC33+L6_28-900-5F+auaushogi+tenuki+20230503153224
+9796FU,T0
-9394FU,T0
+8897KA,T0
-7162GI,T16
+7988GI,T0
-9495FU,T18
+9695FU,T0
-9195KY,T16
+9786KA,T1
-9599NY,T16
+8899GI,T3
-8292HI,T16
+0094FU,T7
-9294HI,T16
+9988GI,T14
-9498RY,T16
+0099KY,T6
-9889RY,T16
+6979KI,T4
-8979RY,T16
+8879GI,T39
-3334FU,T17
+9992NY,T9
-0074KE,T35
+7988GI,T5
-7486KE,T16
+8786FU,T2
-0064KY,T16
+9281NY,T8
-6467NY,T16
+0097HI,T20
-2266KA,T16
+0074KE,T11
-7374FU,T16
+7776FU,T15
-6657UM,T16
+8879GI,T7
-0056KE,T29
+9767HI,T2
-5767UM,T16
+0069KE,T17
-0089HI,T26
+4958KI,T5
-0077KA,T26
+5949OU,T0
-8979RY,T16
+4938OU,T2
-7969RY,T16
+2726FU,T7
-6958RY,T22
+3827OU,T2
-0035KE,T16
+2716OU,T0
-0015KI,T19
+1615OU,T0
-0024GI,T16
+1516OU,T0
-0015KI,T16
#ILLEGAL_MOVE
#WIN
