LOGIN:tenuki OK
BEGIN Game_Summary
Protocol_Version:1.2
Protocol_Mode:Server
Format:Shogi 1.0
Declaration:Jishogi 1.1
Game_ID:WCSC33+L5_28-900-5F+tenuki+ari+20230503143605
Name+:tenuki
Name-:ari
Your_Turn:+
Rematch_On_Draw:NO
To_Move:+
Max_Moves:320
BEGIN Time
Time_Unit:1sec
Total_Time:900
Increment:5
END Time
BEGIN Position
P1-KY-KE-GI-KI-OU-KI-GI-KE-KY
P2 * -HI *  *  *  *  * -KA * 
P3-FU-FU-FU-FU-FU-FU-FU-FU-FU
P4 *  *  *  *  *  *  *  *  * 
P5 *  *  *  *  *  *  *  *  * 
P6 *  *  *  *  *  *  *  *  * 
P7+FU+FU+FU+FU+FU+FU+FU+FU+FU
P8 * +KA *  *  *  *  * +HI * 
P9+KY+KE+GI+KI+OU+KI+GI+KE+KY
P+
P-
+
END Position
END Game_Summary
START:WCSC33+L5_28-900-5F+tenuki+ari+20230503143605
+7776FU,T0
-8384FU,T0
+2868HI,T0
-8485FU,T0
+8877KA,T0
-1314FU,T0
+1716FU,T0
-3334FU,T0
+6766FU,T0
-5354FU,T0
+3938GI,T0
-5142OU,T32
+7978GI,T16
-7162GI,T18
+6958KI,T0
-6152KI,T34
+5948OU,T16
-6253GI,T28
+4746FU,T31
-7374FU,T24
+4839OU,T16
-4232OU,T11
+3928OU,T16
-2233KA,T0
+3736FU,T34
-3222OU,T0
+2937KE,T16
-4344FU,T0
+7867GI,T46
-1112KY,T0
+6878HI,T28
-2211OU,T33
+7768KA,T21
-3122GI,T93
+7675FU,T16
-7475FU,T18
+7875HI,T24
-5362GI,T15
+8977KE,T16
-8586FU,T36
+8786FU,T17
-3342KA,T17
+7585HI,T16
-8285HI,T18
+7785KE,T16
-3435FU,T18
+3635FU,T27
-0069HI,T33
+0061HI,T16
-6251GI,T53
+6181RY,T22
-0036FU,T23
+0034KE,T16
-4264KA,T23
+5756FU,T29
-6968RY,T22
+5868KI,T16
-6446KA,T10
+3422NK,T24
-1122OU,T0
+6858KI,T35
-3637TO,T20
+3837GI,T16
-0036KE,T10
+2838OU,T16
-0029KA,T11
+3829OU,T16
-4637UM,T10
+0038HI,T19
-0028GI,T19
+2918OU,T16
-2819NG,T70
+1817OU,T16
-0025KE,T0
%TORYO,T0
#RESIGN
#LOSE
