LOGIN:tenuki OK
BEGIN Game_Summary
Protocol_Version:1.2
Protocol_Mode:Server
Format:Shogi 1.0
Declaration:Jishogi 1.1
Game_ID:WCSC33+L3_28-900-5F+ariga+tenuki+20230503121112
Name+:ariga
Name-:tenuki
Your_Turn:-
Rematch_On_Draw:NO
To_Move:+
Max_Moves:320
BEGIN Time
Time_Unit:1sec
Total_Time:900
Increment:5
END Time
BEGIN Position
P1-KY-KE-GI-KI-OU-KI-GI-KE-KY
P2 * -HI *  *  *  *  * -KA * 
P3-FU-FU-FU-FU-FU-FU-FU-FU-FU
P4 *  *  *  *  *  *  *  *  * 
P5 *  *  *  *  *  *  *  *  * 
P6 *  *  *  *  *  *  *  *  * 
P7+FU+FU+FU+FU+FU+FU+FU+FU+FU
P8 * +KA *  *  *  *  * +HI * 
P9+KY+KE+GI+KI+OU+KI+GI+KE+KY
P+
P-
+
END Position
END Game_Summary
START:WCSC33+L3_28-900-5F+ariga+tenuki+20230503121112
+7776FU,T0
-8384FU,T0
+2726FU,T0
-4132KI,T0
+6978KI,T1
-8485FU,T0
+8877KA,T2
-3334FU,T0
+7968GI,T2
-4344FU,T0
+4746FU,T2
-3142GI,T16
+3938GI,T2
-5354FU,T16
+3736FU,T1
-7162GI,T16
+9796FU,T5
-7374FU,T16
+2625FU,T32
-2233KA,T16
+2937KE,T5
-6273GI,T16
+4645FU,T75
-4445FU,T16
+4948KI,T76
-4546FU,T32
+2524FU,T33
-2324FU,T16
+6766FU,T5
-7475FU,T30
+7675FU,T37
-0076FU,T29
+7788KA,T27
-7364GI,T21
+7574FU,T29
-4243GI,T16
+3745KE,T84
-3342KA,T19
+6665FU,T26
-6455GI,T16
+7473TO,T5
-8173KE,T16
+0074FU,T5
-6162KI,T16
+7473TO,T25
-6273KI,T16
+0016KE,T5
-3222KI,T26
+2824HI,T77
-0023FU,T16
+2429HI,T25
-2133KE,T16
+4533NK,T65
-4233KA,T16
+8897KA,T5
-0066KE,T25
+7888KI,T24
-4647TO,T16
+3847GI,T18
-8586FU,T16
+9786KA,T16
-0046FU,T16
+4738GI,T14
-3315KA,T33
+8695KA,T49
-7384KI,T16
+9586KA,T13
-4647TO,T22
+3847GI,T12
-0046FU,T16
+4738GI,T12
-5152OU,T16
+8631UM,T16
-2232KI,T16
+3197UM,T18
-8272HI,T23
+0026FU,T32
-1542KA,T16
+6564FU,T5
-4264KA,T21
+9764UM,T5
-6364FU,T26
+0067FU,T5
-0047KA,T19
+6766FU,T26
-4774UM,T17
+8878KI,T17
-8475KI,T17
+2625FU,T32
-4647TO,T49
+4847KI,T10
-0088FU,T17
+7888KI,T9
-7566KI,T16
+0075FU,T26
-7475UM,T16
+0067FU,T26
-0046FU,T16
+4748KI,T5
-6665KI,T17
+2524FU,T18
-2324FU,T16
+2924HI,T5
-0023FU,T16
+2427HI,T5
-7574UM,T16
+0024FU,T21
-2324FU,T16
+1624KE,T5
-3242KI,T16
+2412NK,T20
-4647TO,T16
+3847GI,T5
-0046FU,T16
+4738GI,T5
-7271HI,T16
+2722RY,T18
-1112KY,T16
+2212RY,T14
-0047KE,T20
+5969OU,T13
-4739NK,T16
+3837GI,T14
-4647TO,T16
+4847KI,T4
-3938NK,T16
+0015KA,T6
-4232KI,T16
+0024KE,T12
-6575KI,T31
+2432NK,T12
-7447UM,T16
+0058KY,T5
-3837NK,T16
+0059KE,T5
-5263OU,T16
+1213RY,T5
-0052GI,T20
+3242NK,T5
-4746UM,T16
+1323RY,T5
-0053KI,T26
+4243NK,T5
-5343KI,T5
+0044FU,T5
-5544GI,T5
+0082GI,T5
-7172HI,T5
+0083KI,T4
-7677TO,T5
+8877KI,T5
-0076KE,T5
+8372KI,T3
-6372OU,T5
+0073HI,T5
-7282OU,T5
+7375RY,T5
-7668NK,T5
+6968OU,T5
-0072KI,T5
+0073FU,T5
-7273KI,T5
+0074FU,T5
-0062GI,T5
+7473TO,T3
-6273GI,T5
+0083KI,T5
-8283OU,T5
+0095KE,T5
-8372OU,T5
+0083KI,T5
-7261OU,T5
+8373KI,T5
-5253GI,T5
+2343RY,T9
-0079GI,T5
+6879OU,T2
-4657UM,T5
+5857KY,T3
-0078FU,T5
+7778KI,T5
-0068KI,T5
+7868KI,T5
-0078FU,T5
+6878KI,T5
-0042FU,T5
+0052KI,T11
-6171OU,T5
+0072KI,T5
%TORYO,T0
#RESIGN
#LOSE
