LOGIN:tenuki OK
BEGIN Game_Summary
Protocol_Version:1.2
Protocol_Mode:Server
Format:Shogi 1.0
Declaration:Jishogi 1.1
Game_ID:WCSC33+L4_28-900-5F+tenuki+narikin+20230503134047
Name+:tenuki
Name-:narikin
Your_Turn:+
Rematch_On_Draw:NO
To_Move:+
Max_Moves:320
BEGIN Time
Time_Unit:1sec
Total_Time:900
Increment:5
END Time
BEGIN Position
P1-KY-KE-GI-KI-OU-KI-GI-KE-KY
P2 * -HI *  *  *  *  * -KA * 
P3-FU-FU-FU-FU-FU-FU-FU-FU-FU
P4 *  *  *  *  *  *  *  *  * 
P5 *  *  *  *  *  *  *  *  * 
P6 *  *  *  *  *  *  *  *  * 
P7+FU+FU+FU+FU+FU+FU+FU+FU+FU
P8 * +KA *  *  *  *  * +HI * 
P9+KY+KE+GI+KI+OU+KI+GI+KE+KY
P+
P-
+
END Position
END Game_Summary
START:WCSC33+L4_28-900-5F+tenuki+narikin+20230503134047
+2726FU,T0
-3334FU,T0
+7776FU,T0
-8384FU,T0
+2625FU,T0
-8485FU,T0
+2524FU,T0
-2324FU,T11
+2824HI,T0
-2288UM,T11
+7988GI,T0
-0033KA,T11
+2428HI,T0
-8586FU,T11
+8786FU,T0
-8286HI,T11
+0087FU,T18
-8684HI,T8
+6978KI,T16
-0024FU,T11
+8877GI,T16
-5152OU,T11
+3948GI,T25
-8485HI,T11
+3736FU,T26
-8545HI,T11
+2937KE,T16
-4565HI,T9
+0083KA,T18
-6585HI,T11
+8356UM,T16
-8595HI,T11
+4746FU,T18
-9594HI,T11
+5968OU,T16
-9464HI,T11
+7766GI,T25
-4132KI,T11
+8977KE,T18
-3222KI,T11
+3745KE,T16
-3342KA,T11
+7765KE,T16
-7162GI,T11
+0025FU,T19
-2425FU,T11
+2825HI,T17
-0023FU,T12
+4553NK,T16
-6253GI,T12
+6553NK,T16
-5253OU,T12
+2585HI,T16
-0084FU,T12
+8555HI,T16
-5362OU,T12
+6675GI,T16
-6444HI,T10
+4645FU,T16
-0064KE,T12
+4544FU,T16
-6456KE,T12
+5556HI,T16
-0064KE,T9
+7564GI,T17
-4264KA,T12
+4443TO,T16
-0095KA,T11
+6858OU,T22
-0055GI,T12
+0053GI,T16
-6272OU,T12
+5364NG,T16
-5556GI,T12
+0075KE,T16
-5667NG,T12
+7867KI,T16
-0078HI,T12
+5847OU,T16
-0046FU,T12
+4746OU,T16
-7848RY,T12
+4948KI,T16
-0037GI,T12
+4837KI,T16
-6364FU,T12
+0083GI,T28
-7262OU,T12
+0053KA,T16
-6251OU,T12
+0042GI,T16
-3142GI,T0
+4342TO,T16
%TORYO,T0
#RESIGN
#WIN
