LOGIN:tenuki OK
BEGIN Game_Summary
Protocol_Version:1.2
Protocol_Mode:Server
Format:Shogi 1.0
Declaration:Jishogi 1.1
Game_ID:WCSC33+L1_28-900-5F+HoneyWaffle+tenuki+20230503104030
Name+:HoneyWaffle
Name-:tenuki
Your_Turn:-
Rematch_On_Draw:NO
To_Move:+
Max_Moves:320
BEGIN Time
Time_Unit:1sec
Total_Time:900
Increment:5
END Time
BEGIN Position
P1-KY-KE-GI-KI-OU-KI-GI-KE-KY
P2 * -HI *  *  *  *  * -KA * 
P3-FU-FU-FU-FU-FU-FU-FU-FU-FU
P4 *  *  *  *  *  *  *  *  * 
P5 *  *  *  *  *  *  *  *  * 
P6 *  *  *  *  *  *  *  *  * 
P7+FU+FU+FU+FU+FU+FU+FU+FU+FU
P8 * +KA *  *  *  *  * +HI * 
P9+KY+KE+GI+KI+OU+KI+GI+KE+KY
P+
P-
+
END Position
END Game_Summary
START:WCSC33+L1_28-900-5F+HoneyWaffle+tenuki+20230503104030
+2878HI,T0
-3334FU,T0
+1716FU,T0
-8384FU,T16
+1615FU,T0
-8485FU,T16
+7776FU,T0
-2288UM,T20
+7988GI,T26
-0045KA,T16
+5756FU,T10
-4527UM,T16
+0036KA,T3
-2736UM,T16
+3736FU,T3
-4132KI,T16
+7828HI,T3
-0064KA,T16
+0055KA,T3
-6455KA,T16
+5655FU,T3
-0057KA,T20
+3948GI,T29
-5724UM,T20
+4837GI,T22
-4344FU,T20
+8877GI,T28
-3142GI,T16
+4958KI,T16
-4243GI,T16
+6978KI,T3
-7162GI,T16
+5969OU,T7
-6152KI,T16
+3746GI,T49
-7374FU,T17
+9796FU,T29
-6364FU,T18
+6766FU,T27
-8173KE,T21
+6979OU,T11
-9394FU,T16
+7988OU,T35
-6263GI,T19
+5867KI,T28
-8281HI,T16
+2937KE,T10
-5162OU,T16
+2838HI,T17
-2442UM,T16
+3858HI,T44
-6272OU,T16
+9998KY,T16
-7262OU,T17
+8899OU,T29
-6251OU,T16
+5828HI,T18
-6465FU,T16
+6665FU,T23
-5141OU,T20
+6766KI,T0
-4131OU,T19
+3635FU,T0
-3435FU,T30
+3725KE,T0
-9495FU,T16
+9695FU,T24
-2324FU,T18
+0033FU,T27
-3222KI,T17
+0023FU,T27
-2223KI,T16
+0056KA,T0
-3122OU,T24
+6564FU,T25
-6364GI,T16
+5623UM,T21
-2223OU,T16
+4635GI,T0
-0057KA,T16
+2513NK,T21
-2313OU,T16
+3524GI,T0
-5724UM,T16
+0014KI,T0
-1322OU,T16
+1424KI,T0
-0097FU,T16
+9897KY,T0
-8586FU,T18
+7786GI,T26
-0027FU,T16
+2838HI,T23
-0096FU,T51
+9796KY,T21
-0023GI,T18
+2423KI,T21
-2223OU,T16
+0032GI,T0
-4332GI,T16
+0024FU,T25
-2322OU,T16
+3332TO,T20
-4232UM,T16
+0023GI,T0
-3223UM,T16
+2423TO,T0
-2223OU,T16
+0034KA,T0
-2322OU,T16
+3452UM,T21
-0098FU,T16
+9998OU,T20
-0032GI,T25
+3832RY,T0
-2232OU,T16
+0043KA,T0
-3222OU,T16
+0023FU,T0
-2212OU,T16
+0022KI,T0
-1213OU,T16
+0014GI,T0
-1324OU,T16
+4334UM,T0
%TORYO,T0
#RESIGN
#LOSE
