LOGIN:tenuki OK
BEGIN Game_Summary
Protocol_Version:1.2
Protocol_Mode:Server
Format:Shogi 1.0
Declaration:Jishogi 1.1
Game_ID:WCSC33+L8_24-900-5F+tenuki+Nanoha2023+20230503173533
Name+:tenuki
Name-:Nanoha2023
Your_Turn:+
Rematch_On_Draw:NO
To_Move:+
Max_Moves:320
BEGIN Time
Time_Unit:1sec
Total_Time:900
Increment:5
END Time
BEGIN Position
P1-KY-KE-GI-KI-OU-KI-GI-KE-KY
P2 * -HI *  *  *  *  * -KA * 
P3-FU-FU-FU-FU-FU-FU-FU-FU-FU
P4 *  *  *  *  *  *  *  *  * 
P5 *  *  *  *  *  *  *  *  * 
P6 *  *  *  *  *  *  *  *  * 
P7+FU+FU+FU+FU+FU+FU+FU+FU+FU
P8 * +KA *  *  *  *  * +HI * 
P9+KY+KE+GI+KI+OU+KI+GI+KE+KY
P+
P-
+
END Position
END Game_Summary
START:WCSC33+L8_24-900-5F+tenuki+Nanoha2023+20230503173533
+7776FU,T0
-8384FU,T0
+2868HI,T0
-3334FU,T0
+6766FU,T0
-7162GI,T0
+7978GI,T0
-5142OU,T0
+5948OU,T0
-4232OU,T0
+1716FU,T16
-1314FU,T0
+3938GI,T16
-6152KI,T0
+7867GI,T23
-5354FU,T0
+4839OU,T0
-2324FU,T0
+8877KA,T16
-7374FU,T19
+6958KI,T24
-8485FU,T0
+3736FU,T39
-3223OU,T35
+2937KE,T16
-6253GI,T89
+2726FU,T16
-3132GI,T25
+4746FU,T48
-8272HI,T0
+5756FU,T31
-7475FU,T104
+7675FU,T16
-7275HI,T83
+6869HI,T16
-7574HI,T39
+2625FU,T16
-2425FU,T33
+7768KA,T16
-5342GI,T27
+3948OU,T21
-4233GI,T73
+6979HI,T16
-7479RY,T25
+6879KA,T16
-8586FU,T0
+0071HI,T30
-8687TO,T13
+1615FU,T24
-1415FU,T14
+7181RY,T16
-0069HI,T10
+8171RY,T16
-0077FU,T23
+7957KA,T16
-6989RY,T23
+7191RY,T16
-7778TO,T7
+0012FU,T16
-1112KY,T44
+3725KE,T16
-3324GI,T11
+0029KY,T34
-8777TO,T48
+6778GI,T16
-8978RY,T10
+0079FU,T16
-7888RY,T11
+7978FU,T21
-8878RY,T26
+2513NK,T22
-2213KA,T56
+1915KY,T28
-0014FU,T19
+0079FU,T16
-7888RY,T7
+1514KY,T24
-2314OU,T1
+0015FU,T36
-2415GI,T9
+9141RY,T16
-3241GI,T0
+0025KI,T16
-1423OU,T0
+2515KI,T16
-2332OU,T10
+0024KE,T18
-1324KA,T8
+1524KI,T16
-7767TO,T12
+0033GI,T22
-2133KE,T8
+2423KI,T23
-3242OU,T13
+2333KI,T16
-4233OU,T10
+0045KE,T16
-3332OU,T22
+0023KA,T16
-3242OU,T75
+5768KA,T17
-6768TO,T7
+2312UM,T42
-6858TO,T5
+4958KI,T17
-0057GI,T0
+4857OU,T30
-0067HI,T0
+5767OU,T19
-0076KA,T7
+6776OU,T16
-0077KI,T20
+7665OU,T16
-0064KI,T0
%TORYO,T0
#RESIGN
#LOSE
