LOGIN:tenuki OK
BEGIN Game_Summary
Protocol_Version:1.2
Protocol_Mode:Server
Format:Shogi 1.0
Declaration:Jishogi 1.1
Game_ID:WCSC33+L7_28-900-5F+MattariYuchan+tenuki+20230503162704
Name+:MattariYuchan
Name-:tenuki
Your_Turn:-
Rematch_On_Draw:NO
To_Move:+
Max_Moves:320
BEGIN Time
Time_Unit:1sec
Total_Time:900
Increment:5
END Time
BEGIN Position
P1-KY-KE-GI-KI-OU-KI-GI-KE-KY
P2 * -HI *  *  *  *  * -KA * 
P3-FU-FU-FU-FU-FU-FU-FU-FU-FU
P4 *  *  *  *  *  *  *  *  * 
P5 *  *  *  *  *  *  *  *  * 
P6 *  *  *  *  *  *  *  *  * 
P7+FU+FU+FU+FU+FU+FU+FU+FU+FU
P8 * +KA *  *  *  *  * +HI * 
P9+KY+KE+GI+KI+OU+KI+GI+KE+KY
P+
P-
+
END Position
END Game_Summary
START:WCSC33+L7_28-900-5F+MattariYuchan+tenuki+20230503162704
+7776FU,T0
-3334FU,T0
+2726FU,T0
-8242HI,T0
+2625FU,T0
-2288UM,T0
+7988GI,T0
-3122GI,T0
+8877GI,T0
-2233GI,T16
+3948GI,T0
-9394FU,T20
+5968OU,T35
-9495FU,T16
+6878OU,T35
-4132KI,T19
+6766FU,T54
-6172KI,T30
+5756FU,T55
-7162GI,T16
+6958KI,T49
-7374FU,T16
+5867KI,T55
-6364FU,T16
+4958KI,T51
-6263GI,T16
+3736FU,T33
-4344FU,T17
+4857GI,T34
-8173KE,T16
+3635FU,T36
-3435FU,T16
+5746GI,T27
-3536FU,T16
+2826HI,T25
-8384FU,T17
+2636HI,T30
-0049KA,T16
+5868KI,T20
-4927UM,T16
+3635HI,T21
-0034FU,T16
+3539HI,T42
-2728UM,T16
+3959HI,T49
-2819UM,T16
+2524FU,T49
-2324FU,T16
+2937KE,T31
-1918UM,T16
+0025FU,T19
-5162OU,T27
+2524FU,T24
-3324GI,T16
+5969HI,T44
-1836UM,T17
+6959HI,T41
-4241HI,T37
+5655FU,T44
-3647UM,T16
+6857KI,T35
-4736UM,T16
+5756KI,T10
-2435GI,T16
+4635GI,T25
-3435FU,T16
+7675FU,T12
-0058GI,T16
+5958HI,T13
-3658UM,T16
+7574FU,T12
-0059HI,T21
+7473TO,T5
-7273KI,T16
+6768KI,T16
-0076FU,T16
+7776GI,T6
-5876UM,T16
+5657KI,T4
-0077FU,T17
+8977KE,T3
-0089GI,T25
+7888OU,T4
-5957RY,T16
+0071GI,T13
-4171HI,T16
+0051GI,T3
-6251OU,T16
+0024KA,T6
-5161OU,T16
+2451UM,T8
-6151OU,T16
+0043KE,T8
-5162OU,T29
+4331NK,T8
-5768RY,T16
+8889OU,T0
-0088KI,T16
%TORYO,T0
#RESIGN
#WIN
