LOGIN:tenuki OK
BEGIN Game_Summary
Protocol_Version:1.2
Protocol_Mode:Server
Format:Shogi 1.0
Declaration:Jishogi 1.1
Game_ID:WCSC33+L2_28-900-5F+tenuki+gakkari+20230503112719
Name+:tenuki
Name-:gakkari
Your_Turn:+
Rematch_On_Draw:NO
To_Move:+
Max_Moves:320
BEGIN Time
Time_Unit:1sec
Total_Time:900
Increment:5
END Time
BEGIN Position
P1-KY-KE-GI-KI-OU-KI-GI-KE-KY
P2 * -HI *  *  *  *  * -KA * 
P3-FU-FU-FU-FU-FU-FU-FU-FU-FU
P4 *  *  *  *  *  *  *  *  * 
P5 *  *  *  *  *  *  *  *  * 
P6 *  *  *  *  *  *  *  *  * 
P7+FU+FU+FU+FU+FU+FU+FU+FU+FU
P8 * +KA *  *  *  *  * +HI * 
P9+KY+KE+GI+KI+OU+KI+GI+KE+KY
P+
P-
+
END Position
END Game_Summary
START:WCSC33+L2_28-900-5F+tenuki+gakkari+20230503112719
+2726FU,T0
-8384FU,T0
+2625FU,T0
-3334FU,T0
+2524FU,T16
-2324FU,T60
+2824HI,T16
-8485FU,T43
+6978KI,T16
-4132KI,T43
+2434HI,T0
-5142OU,T44
+3424HI,T16
-0023FU,T45
+2428HI,T17
-7162GI,T45
+3948GI,T19
-7374FU,T25
+4746FU,T16
-8173KE,T45
+4847GI,T16
-7475FU,T28
+7776FU,T17
-8586FU,T40
+8786FU,T16
-7576FU,T23
+7887KI,T16
-6364FU,T40
+0074FU,T16
-7365KE,T23
+5968OU,T16
-0085FU,T23
+8685FU,T16
-8285HI,T23
+0086FU,T16
-8575HI,T23
+8822UM,T16
-3122GI,T40
+7988GI,T17
-7574HI,T22
+0082KA,T20
-0085FU,T40
+8291UM,T16
-8586FU,T13
+8786KI,T16
-0077KA,T13
+8977KE,T16
-7677TO,T30
+6858OU,T16
-7788TO,T30
+0075KY,T16
-7484HI,T30
+0085FU,T16
-8494HI,T13
+9796FU,T16
-8899TO,T30
+5848OU,T19
-0035KE,T30
+0083KA,T17
-0027GI,T30
+2827HI,T16
-3527NK,T13
+8361UM,T16
-0088HI,T13
+0058GI,T16
-0054KY,T13
+5756FU,T16
-8886RY,T30
+6162UM,T16
-5456KY,T25
+0052KI,T17
-4231OU,T7
+6253UM,T16
-0042KI,T25
+9164UM,T16
-2233GI,T8
+6465UM,T23
-4253KI,T25
+5253KI,T16
-5658NY,T3
+4958KI,T16
-0028GI,T3
+4857OU,T24
-2829NG,T20
+0095GI,T30
-0039KA,T0
+0048KY,T16
-0064FU,T20
+9586GI,T16
-6465FU,T0
+0035KE,T22
-0079KA,T0
+5756OU,T16
-9496HI,T20
+3543NK,T16
-9686HI,T15
+0076FU,T19
-0042GI,T6
+4332NK,T16
-3132OU,T0
+0062HI,T16
-0031KE,T9
+5342KI,T37
-3342GI,T6
+0041GI,T20
-3241OU,T0
+0052KI,T16
-4132OU,T0
+5242KI,T16
-3233OU,T0
+0035GI,T16
-8676HI,T15
+5665OU,T16
-7675HI,T0
+6575OU,T16
-7997UM,T0
+7584OU,T16
-3948UM,T15
+5848KI,T16
-0081KY,T0
+8474OU,T16
-0083GI,T15
+7465OU,T16
-0074KI,T0
+6556OU,T16
-0055KY,T9
+5645OU,T16
-0053KE,T6
+4536OU,T16
-2726NK,T0
+3626OU,T24
-2324FU,T0
+0034KI,T16
-3322OU,T0
+0032HI,T16
%TORYO,T0
#RESIGN
#WIN
