LOGIN:tenuki OK
BEGIN Game_Summary
Protocol_Version:1.2
Protocol_Mode:Server
Format:Shogi 1.0
Declaration:Jishogi 1.1
Game_ID:WCSO1_P6_TEN_KRN
Name+:tenuki
Name-:koron
Your_Turn:+
Rematch_On_Draw:NO
To_Move:+
Max_Moves:320
BEGIN Time
Time_Unit:1sec
Total_Time:900
Increment:5
END Time
BEGIN Position
P1-KY-KE-GI-KI-OU-KI-GI-KE-KY
P2 * -HI *  *  *  *  * -KA * 
P3-FU-FU-FU-FU-FU-FU-FU-FU-FU
P4 *  *  *  *  *  *  *  *  * 
P5 *  *  *  *  *  *  *  *  * 
P6 *  *  *  *  *  *  *  *  * 
P7+FU+FU+FU+FU+FU+FU+FU+FU+FU
P8 * +KA *  *  *  *  * +HI * 
P9+KY+KE+GI+KI+OU+KI+GI+KE+KY
P+
P-
+
END Position
END Game_Summary
START:WCSO1_P6_TEN_KRN
+7776FU,T0
-8384FU,T0
+5756FU,T0
-3334FU,T0
+1716FU,T0
-8485FU,T0
+2858HI,T0
-1314FU,T0
+5948OU,T20
-7162GI,T0
+6978KI,T20
-5142OU,T0
+4838OU,T20
-2288UM,T0
+7988GI,T20
-4232OU,T1
+5859HI,T20
-3142GI,T13
+8877GI,T20
-6152KI,T1
+3828OU,T20
-4233GI,T8
+3938GI,T20
-6364FU,T2
+7768GI,T20
-4344FU,T21
+8977KE,T20
-6263GI,T1
+6766FU,T20
-3222OU,T1
+6665FU,T20
-6465FU,T6
+7765KE,T20
-4142KI,T5
+5655FU,T20
-0032KA,T13
+0066FU,T20
-0064FU,T1
+6553KE,T20
-5253KI,T1
+6867GI,T20
-3435FU,T1
+2726FU,T20
-2324FU,T12
+3827GI,T20
-8586FU,T20
+8786FU,T20
-8286HI,T1
+0062KA,T20
-3223KA,T9
+4938KI,T20
-5352KI,T34
+6271UM,T20
-0057FU,T2
+5957HI,T20
-8689RY,T21
+5554FU,T20
-8999RY,T2
+5453TO,T20
-4253KI,T53
+7153UM,T20
-0056FU,T22
+5756HI,T20
-2356KA,T16
+5363UM,T20
-0059HI,T1
+6352UM,T20
-5929RY,T45
+2817OU,T20
-0015KE,T44
+6756GI,T20
-1527NK,T0
+3827KI,T20
-2927RY,T0
+1727OU,T20
-9929RY,T0
+0028GI,T20
-0038GI,T0
+2717OU,T20
-0027KI,T0
+2827GI,T20
-2927RY,T0
%TORYO,T0
#RESIGN
#LOSE
