LOGIN:tenuki OK
BEGIN Game_Summary
Protocol_Version:1.2
Protocol_Mode:Server
Format:Shogi 1.0
Declaration:Jishogi 1.1
Game_ID:WCSO1_P4_KFW_TEN
Name+:kifuwarabe
Name-:tenuki
Your_Turn:-
Rematch_On_Draw:NO
To_Move:+
Max_Moves:320
BEGIN Time
Time_Unit:1sec
Total_Time:900
Increment:5
END Time
BEGIN Position
P1-KY-KE-GI-KI-OU-KI-GI-KE-KY
P2 * -HI *  *  *  *  * -KA * 
P3-FU-FU-FU-FU-FU-FU-FU-FU-FU
P4 *  *  *  *  *  *  *  *  * 
P5 *  *  *  *  *  *  *  *  * 
P6 *  *  *  *  *  *  *  *  * 
P7+FU+FU+FU+FU+FU+FU+FU+FU+FU
P8 * +KA *  *  *  *  * +HI * 
P9+KY+KE+GI+KI+OU+KI+GI+KE+KY
P+
P-
+
END Position
END Game_Summary
START:WCSO1_P4_KFW_TEN
+5756FU,T39
-8384FU,T0
+3736FU,T38
-8485FU,T20
+2937KE,T29
-8586FU,T20
+8786FU,T47
-8286HI,T20
+0087FU,T48
-8687RY,T20
+3948GI,T43
-8785RY,T20
+6766FU,T31
-0087FU,T20
+7968GI,T42
-8788TO,T20
+5958OU,T43
-8899TO,T20
+5859OU,T35
-9989TO,T20
+6879GI,T32
-8979TO,T20
+3745KE,T38
-7969TO,T20
+5969OU,T33
-8588RY,T20
+4938KI,T27
-0058GI,T20
%TORYO,T0
#RESIGN
#WIN
