LOGIN:tenuki OK
BEGIN Game_Summary
Protocol_Version:1.2
Protocol_Mode:Server
Format:Shogi 1.0
Declaration:Jishogi 1.1
Game_ID:WCSO1_P_YUU_TEN
Name+:yuchan
Name-:tenuki
Your_Turn:-
Rematch_On_Draw:NO
To_Move:+
Max_Moves:320
BEGIN Time
Time_Unit:1sec
Total_Time:900
Increment:5
END Time
BEGIN Position
P1-KY-KE-GI-KI-OU-KI-GI-KE-KY
P2 * -HI *  *  *  *  * -KA * 
P3-FU-FU-FU-FU-FU-FU-FU-FU-FU
P4 *  *  *  *  *  *  *  *  * 
P5 *  *  *  *  *  *  *  *  * 
P6 *  *  *  *  *  *  *  *  * 
P7+FU+FU+FU+FU+FU+FU+FU+FU+FU
P8 * +KA *  *  *  *  * +HI * 
P9+KY+KE+GI+KI+OU+KI+GI+KE+KY
P+
P-
+
END Position
END Game_Summary
START:WCSO1_P_YUU_TEN
+7776FU,T0
-3334FU,T0
+2726FU,T0
-5354FU,T0
+3948GI,T0
-8252HI,T20
+2625FU,T0
-5455FU,T0
+6978KI,T0
-2233KA,T20
+5969OU,T0
-5162OU,T20
+7968GI,T13
-6272OU,T20
+4959KI,T20
-7282OU,T20
+6979OU,T17
-3142GI,T20
+5969KI,T20
-4131KI,T20
+8877KA,T52
-4253GI,T20
+1716FU,T22
-7172GI,T20
+1615FU,T18
-9394FU,T20
+6766FU,T12
-7374FU,T20
+3736FU,T38
-5364GI,T20
+7988OU,T44
-7475FU,T20
+6867GI,T28
-7576FU,T20
+6776GI,T19
-9495FU,T20
+0074FU,T39
-0075FU,T20
+7667GI,T14
-8384FU,T20
+8786FU,T41
-7283GI,T20
+4837GI,T14
-8374GI,T20
+3746GI,T17
-6473GI,T20
+4645GI,T21
-3342KA,T20
+4534GI,T12
-4264KA,T20
+4746FU,T15
-5232HI,T20
+3635FU,T18
-5556FU,T20
+5756FU,T19
-6446KA,T20
+2818HI,T40
-4657UM,T20
+1838HI,T16
-5747UM,T20
+3839HI,T36
-4748UM,T20
+3936HI,T33
-4847UM,T20
+3639HI,T50
-4748UM,T20
+3936HI,T34
-4847UM,T20
+3639HI,T50
-4748UM,T20
+3936HI,T33
-4847UM,T20
+3639HI,T50
#SENNICHITE
#DRAW
