LOGIN:tenuki OK
BEGIN Game_Summary
Protocol_Version:1.2
Protocol_Mode:Server
Format:Shogi 1.0
Declaration:Jishogi 1.1
Game_ID:WCSO1_P2_TEN_OKR
Name+:tenuki
Name-:Ayame
Your_Turn:+
Rematch_On_Draw:NO
To_Move:+
Max_Moves:320
BEGIN Time
Time_Unit:1sec
Total_Time:900
Increment:5
END Time
BEGIN Position
P1-KY-KE-GI-KI-OU-KI-GI-KE-KY
P2 * -HI *  *  *  *  * -KA * 
P3-FU-FU-FU-FU-FU-FU-FU-FU-FU
P4 *  *  *  *  *  *  *  *  * 
P5 *  *  *  *  *  *  *  *  * 
P6 *  *  *  *  *  *  *  *  * 
P7+FU+FU+FU+FU+FU+FU+FU+FU+FU
P8 * +KA *  *  *  *  * +HI * 
P9+KY+KE+GI+KI+OU+KI+GI+KE+KY
P+
P-
+
END Position
END Game_Summary
START:WCSO1_P2_TEN_OKR
+5756FU,T0
-8384FU,T3
+7776FU,T0
-3334FU,T2
+1716FU,T0
-8485FU,T2
+2858HI,T0
-7162GI,T3
+5655FU,T0
-5142OU,T0
+8877KA,T0
-7374FU,T1
+5948OU,T0
-6273GI,T0
+4838OU,T0
-7364GI,T0
+7978GI,T20
-1314FU,T5
+3828OU,T20
-4232OU,T0
+3938GI,T20
-6152KI,T22
+5554FU,T20
-4344FU,T7
+5453TO,T20
-6453GI,T29
+0054FU,T20
-5364GI,T7
+6766FU,T20
-8173KE,T14
+7795KA,T20
-3142GI,T27
+6959KI,T20
-4445FU,T24
+7867GI,T20
-9394FU,T11
+9568KA,T20
-0055FU,T24
+4746FU,T20
-4546FU,T8
+7675FU,T20
-8284HI,T0
+6846KA,T20
-0045FU,T34
+4668KA,T20
-4243GI,T22
+7574FU,T20
-8474HI,T0
+6857KA,T20
-0076FU,T25
+5878HI,T20
-6475GI,T18
+6665FU,T20
-5556FU,T27
+5775KA,T20
-7475HI,T0
+6776GI,T20
-7574HI,T0
+7667GI,T20
-7478RY,T0
+6778GI,T20
-2299UM,T5
+0053GI,T20
-9955UM,T17
+0044FU,T20
-4344GI,T18
+0072HI,T20
-0051KY,T13
+6564FU,T20
-6364FU,T11
+5352GI,T20
-5152KY,T0
+0053KI,T20
-1415FU,T44
+0042FU,T20
-4151KI,T28
+7273RY,T20
-1516FU,T3
+5343KI,T20
-3222OU,T0
+0014FU,T20
-1114KY,T10
+0036KE,T20
-4435GI,T29
+7371RY,T20
-0017GI,T32
+2917KE,T20
-1617TO,T0
+1917KY,T20
-1417NY,T0
+2817OU,T20
-0025KE,T0
+1716OU,T20
-0013KY,T29
+0015FU,T20
-0017HI,T0
+1625OU,T20
-0016KA,T0
%TORYO,T0
#RESIGN
#LOSE
