LOGIN:tenuki OK
BEGIN Game_Summary
Protocol_Version:1.2
Protocol_Mode:Server
Format:Shogi 1.0
Declaration:Jishogi 1.1
Game_ID:WCSO1_P7_OKI_TEN
Name+:oki
Name-:tenuki
Your_Turn:-
Rematch_On_Draw:NO
To_Move:+
Max_Moves:320
BEGIN Time
Time_Unit:1sec
Total_Time:900
Increment:5
END Time
BEGIN Position
P1-KY-KE-GI-KI-OU-KI-GI-KE-KY
P2 * -HI *  *  *  *  * -KA * 
P3-FU-FU-FU-FU-FU-FU-FU-FU-FU
P4 *  *  *  *  *  *  *  *  * 
P5 *  *  *  *  *  *  *  *  * 
P6 *  *  *  *  *  *  *  *  * 
P7+FU+FU+FU+FU+FU+FU+FU+FU+FU
P8 * +KA *  *  *  *  * +HI * 
P9+KY+KE+GI+KI+OU+KI+GI+KE+KY
P+
P-
+
END Position
END Game_Summary
START:WCSO1_P7_OKI_TEN
+7776FU,T0
-8384FU,T0
+7968GI,T0
-3334FU,T0
+6766FU,T0
-7162GI,T0
+5756FU,T0
-8485FU,T0
+6877GI,T0
-6364FU,T0
+6978KI,T0
-2233KA,T20
+3948GI,T0
-7374FU,T20
+4958KI,T0
-8173KE,T20
+5969OU,T0
-6152KI,T20
+5867KI,T0
-5142OU,T20
+8879KA,T0
-6465FU,T20
+9796FU,T0
-6566FU,T20
+7766GI,T0
-8586FU,T20
+8786FU,T0
-8286HI,T20
+0087FU,T0
-8684HI,T20
+4857GI,T0
-3132GI,T20
+8977KE,T4
-0065FU,T20
+6655GI,T1
-7475FU,T20
+7675FU,T2
-6263GI,T20
+2726FU,T2
-4231OU,T20
+2625FU,T1
-6364GI,T20
+5564GI,T13
-8464HI,T20
+3736FU,T0
-6566FU,T20
+0065GI,T35
-6667TO,T20
+6564GI,T28
-6777TO,T20
+5655FU,T40
-7778TO,T20
+6978OU,T23
-0076GI,T20
+9695FU,T40
-0067KI,T20
+7869OU,T5
-7365KE,T20
+0056HI,T39
-6557KE,T20
+5657HI,T1
-0068FU,T20
%TORYO,T4
#RESIGN
#WIN
