LOGIN:tenuki OK
BEGIN Game_Summary
Protocol_Version:1.2
Protocol_Mode:Server
Format:Shogi 1.0
Declaration:Jishogi 1.1
Game_ID:dr2prod+dr2prdy1-10_shiny_tenuki-600-2F+shiny+tenuki+20211120174534
Name+:shiny
Name-:tenuki
Your_Turn:-
Rematch_On_Draw:NO
To_Move:+
Max_Moves:512
BEGIN Time
Time_Unit:1sec
Total_Time:600
Byoyomi:0
Increment:2
Least_Time_Per_Move:0
END Time
BEGIN Position
P1-KY-KE-GI-KI-OU-KI-GI-KE-KY
P2 * -HI *  *  *  *  * -KA * 
P3-FU-FU-FU-FU-FU-FU-FU-FU-FU
P4 *  *  *  *  *  *  *  *  * 
P5 *  *  *  *  *  *  *  *  * 
P6 *  *  *  *  *  *  *  *  * 
P7+FU+FU+FU+FU+FU+FU+FU+FU+FU
P8 * +KA *  *  *  *  * +HI * 
P9+KY+KE+GI+KI+OU+KI+GI+KE+KY
+
END Position
END Game_Summary
START:dr2prod+dr2prdy1-10_shiny_tenuki-600-2F+shiny+tenuki+20211120174534
+2726FU,T7
-3334FU,T0
+2625FU,T1
-2233KA,T0
+7776FU,T1
-3142GI,T0
+3948GI,T1
-4132KI,T12
+5756FU,T6
-8384FU,T12
+8833UM,T17
-4233GI,T12
+7968GI,T1
-7162GI,T12
+6877GI,T3
-7374FU,T12
+6978KI,T7
-6152KI,T12
+5968OU,T5
-6364FU,T12
+6766FU,T2
-5142OU,T12
+4958KI,T2
-1314FU,T12
+6879OU,T3
-6263GI,T12
+5867KI,T7
-8173KE,T12
+3736FU,T3
-9394FU,T12
+9796FU,T1
-6354GI,T12
+0046KA,T7
-5263KI,T12
+2937KE,T2
-4344FU,T12
+7988OU,T3
-0058KA,T12
+6768KI,T145
-5849UM,T12
+6869KI,T33
-4445FU,T12
+4679KA,T4
-7385KE,T12
+7786GI,T11
-4976UM,T12
+4857GI,T11
-6465FU,T12
+6665FU,T17
-7665UM,T12
+6958KI,T16
-9495FU,T12
+9695FU,T2
-0098FU,T12
+9998KY,T4
-3435FU,T12
+2826HI,T3
-0097FU,T12
+9897KY,T9
-6564UM,T12
+5748GI,T8
-3536FU,T12
+2636HI,T2
-8597KE,T12
+8697GI,T2
-0034FU,T12
+4746FU,T40
-0035KY,T12
+3626HI,T2
-3537NY,T12
+4837GI,T1
-0066KE,T12
+5867KI,T5
-9195KY,T12
+0096FU,T3
-6678NK,T12
+8878OU,T1
-9596KY,T12
+9796GI,T5
-0066FU,T12
+6766KI,T5
-0065FU,T12
+6667KI,T4
-8485FU,T12
+0059KY,T60
-8586FU,T12
+0055KE,T15
-8687TO,T12
+9687GI,T1
-5455GI,T12
+5655FU,T1
-0075KE,T12
+0088FU,T26
-7567KE,T12
+7867OU,T3
-0086FU,T12
+8778GI,T3
-0047KI,T12
+0048GI,T8
-6566FU,T12
+6768OU,T24
-8687TO,T12
+8887FU,T9
-0067KI,T12
+7867GI,T1
-6667TO,T12
+6867OU,T2
-8287RY,T12
+0077FU,T5
-8789RY,T12
+7968KA,T12
-0066FU,T12
+6756OU,T5
-4737KI,T12
+4837GI,T3
-0067GI,T12
+5647OU,T28
-6768GI,T12
+0048KI,T20
-6859GI,T12
+0056KE,T29
-0035KE,T12
+4736OU,T5
-0069KA,T12
+0047KY,T10
-5948NG,T8
+3748GI,T2
-3547NK,T2
+4847GI,T3
-0035GI,T2
+3637OU,T4
-6947UM,T2
+3747OU,T3
-4546FU,T2
+4757OU,T3
-8959RY,T2
+0058KI,T3
-0067KI,T2
%TORYO
#RESIGN
#WIN
