LOGIN:tenuki OK
BEGIN Game_Summary
Protocol_Version:1.2
Protocol_Mode:Server
Format:Shogi 1.0
Declaration:Jishogi 1.1
Game_ID:dr2prod+dr2prdb-2_tenuki_suishoo-600-2F+tenuki+suishoo+20211121091019
Name+:tenuki
Name-:suishoo
Your_Turn:+
Rematch_On_Draw:NO
To_Move:+
Max_Moves:512
BEGIN Time
Time_Unit:1sec
Total_Time:600
Byoyomi:0
Increment:2
Least_Time_Per_Move:0
END Time
BEGIN Position
P1-KY-KE-GI-KI-OU-KI-GI-KE-KY
P2 * -HI *  *  *  *  * -KA * 
P3-FU-FU-FU-FU-FU-FU-FU-FU-FU
P4 *  *  *  *  *  *  *  *  * 
P5 *  *  *  *  *  *  *  *  * 
P6 *  *  *  *  *  *  *  *  * 
P7+FU+FU+FU+FU+FU+FU+FU+FU+FU
P8 * +KA *  *  *  *  * +HI * 
P9+KY+KE+GI+KI+OU+KI+GI+KE+KY
+
END Position
END Game_Summary
START:dr2prod+dr2prdb-2_tenuki_suishoo-600-2F+tenuki+suishoo+20211121091019
+7776FU,T0
-8384FU,T0
+7978GI,T0
-3334FU,T0
+6766FU,T0
-7162GI,T0
+2868HI,T0
-1314FU,T0
+1716FU,T12
-5142OU,T0
+7867GI,T12
-6152KI,T16
+3938GI,T12
-5354FU,T16
+3736FU,T12
-8485FU,T15
+8877KA,T12
-7374FU,T15
+6978KI,T12
-6253GI,T15
+3837GI,T12
-3132GI,T15
+3746GI,T12
-4344FU,T7
+3635FU,T12
-4445FU,T8
+4645GI,T12
-3435FU,T1
+6665FU,T12
-2277UM,T13
+8977KE,T12
-7475FU,T8
+0066KA,T12
-0055KA,T7
+6655KA,T12
-5455FU,T6
+0066KA,T12
-7576FU,T3
+6776GI,T12
-8272HI,T11
+0075FU,T12
-2133KE,T1
+4534GI,T12
-5344GI,T5
+1615FU,T12
-1415FU,T11
+0014FU,T12
-1114KY,T13
+9796FU,T12
-2324FU,T9
+7574FU,T12
-0012KA,T10
+6675KA,T12
-5253KI,T13
+6564FU,T12
-6364FU,T11
+6864HI,T12
-5364KI,T11
+7564KA,T12
-4453GI,T1
+0023KI,T12
-5364GI,T9
+2312KI,T12
-0089KA,T1
+0097KA,T12
-8978UM,T12
+9764KA,T12
-4251OU,T1
+7473TO,T12
-8173KE,T12
+7765KE,T12
-7365KE,T12
+7665GI,T12
-7869UM,T1
+5969OU,T12
-0067HI,T0
+0068FU,T12
-0078KI,T0
+6958OU,T12
-6768RY,T0
%TORYO
#RESIGN
#LOSE
