LOGIN:tenuki OK
BEGIN Game_Summary
Protocol_Version:1.2
Protocol_Mode:Server
Format:Shogi 1.0
Declaration:Jishogi 1.1
Game_ID:dr2prod+dr2prdb-13_tenuki_qhapaq-600-2F+tenuki+qhapaq+20211121171515
Name+:tenuki
Name-:qhapaq
Your_Turn:+
Rematch_On_Draw:NO
To_Move:+
Max_Moves:512
BEGIN Time
Time_Unit:1sec
Total_Time:600
Byoyomi:0
Increment:2
Least_Time_Per_Move:0
END Time
BEGIN Position
P1-KY-KE-GI-KI-OU-KI-GI-KE-KY
P2 * -HI *  *  *  *  * -KA * 
P3-FU-FU-FU-FU-FU-FU-FU-FU-FU
P4 *  *  *  *  *  *  *  *  * 
P5 *  *  *  *  *  *  *  *  * 
P6 *  *  *  *  *  *  *  *  * 
P7+FU+FU+FU+FU+FU+FU+FU+FU+FU
P8 * +KA *  *  *  *  * +HI * 
P9+KY+KE+GI+KI+OU+KI+GI+KE+KY
+
END Position
END Game_Summary
START:dr2prod+dr2prdb-13_tenuki_qhapaq-600-2F+tenuki+qhapaq+20211121171515
+2726FU,T0
-3334FU,T0
+7776FU,T0
-2288UM,T0
+7988GI,T12
-3122GI,T0
+3948GI,T12
-2233GI,T0
+4746FU,T12
-7162GI,T16
+3736FU,T12
-4132KI,T16
+8877GI,T12
-6364FU,T15
+1716FU,T12
-1314FU,T10
+5968OU,T12
-9394FU,T11
+9796FU,T12
-7374FU,T15
+2937KE,T12
-8173KE,T1
+2625FU,T12
-6152KI,T1
+6978KI,T12
-5142OU,T2
+4938KI,T12
-6263GI,T13
+4847GI,T12
-8281HI,T14
+3745KE,T12
-3322GI,T10
+0066KA,T12
-0044KA,T14
+2524FU,T12
-2324FU,T1
+2824HI,T12
-2223GI,T1
+2429HI,T12
-0024FU,T14
+4756GI,T12
-4466KA,T4
+7766GI,T12
-4344FU,T5
+3848KI,T12
-4445FU,T10
+4645FU,T12
-5354FU,T1
+4544FU,T12
-8141HI,T10
+0022FU,T12
-3222KI,T9
+2949HI,T12
-2232KI,T13
+0082KA,T12
-0062KA,T12
+0022FU,T12
-2133KE,T12
+1615FU,T12
-1415FU,T9
+4858KI,T12
-4181HI,T7
+1915KY,T12
-1115KY,T9
+4443TO,T12
-5243KI,T9
+0044FU,T12
-4353KI,T12
+8291UM,T12
-8191HI,T1
+0047KY,T12
-0027KA,T12
+4443TO,T12
-3243KI,T12
+4743NY,T12
-5343KI,T11
+4939HI,T12
-2718UM,T1
+6877OU,T12
-6217UM,T9
+3949HI,T12
-1836UM,T8
+5868KI,T12
-6465FU,T11
+5665GI,T12
-0045KY,T2
+4919HI,T12
-7365KE,T11
+7788OU,T12
-1744UM,T1
+1915HI,T12
-0014KY,T1
+0073KI,T12
-6352GI,T9
+8977KE,T12
-6577NK,T11
+6677GI,T12
-0085KE,T8
+0056KE,T12
-4477UM,T10
+6877KI,T12
-1415KY,T1
+0044KY,T12
-0097GI,T0
+9997KY,T12
-8597NK,T0
+8897OU,T12
-0085KE,T0
+9788OU,T12
-0097GI,T0
+8899OU,T12
-0098KY,T0
+9989OU,T12
-0099HI,T0
%TORYO
#RESIGN
#LOSE
