LOGIN:tenuki OK
BEGIN Game_Summary
Protocol_Version:1.2
Protocol_Mode:Server
Format:Shogi 1.0
Declaration:Jishogi 1.1
Game_ID:dr2prod+dr2prdb-3_sdg48_tenuki-600-2F+sdg48+tenuki+20211121095028
Name+:sdg48
Name-:tenuki
Your_Turn:-
Rematch_On_Draw:NO
To_Move:+
Max_Moves:512
BEGIN Time
Time_Unit:1sec
Total_Time:600
Byoyomi:0
Increment:2
Least_Time_Per_Move:0
END Time
BEGIN Position
P1-KY-KE-GI-KI-OU-KI-GI-KE-KY
P2 * -HI *  *  *  *  * -KA * 
P3-FU-FU-FU-FU-FU-FU-FU-FU-FU
P4 *  *  *  *  *  *  *  *  * 
P5 *  *  *  *  *  *  *  *  * 
P6 *  *  *  *  *  *  *  *  * 
P7+FU+FU+FU+FU+FU+FU+FU+FU+FU
P8 * +KA *  *  *  *  * +HI * 
P9+KY+KE+GI+KI+OU+KI+GI+KE+KY
+
END Position
END Game_Summary
START:dr2prod+dr2prdb-3_sdg48_tenuki-600-2F+sdg48+tenuki+20211121095028
+2726FU,T2
-3334FU,T0
+7776FU,T2
-4344FU,T0
+2625FU,T2
-2233KA,T0
+3948GI,T2
-8242HI,T0
+5968OU,T2
-3132GI,T0
+9796FU,T3
-9394FU,T12
+5756FU,T3
-5162OU,T0
+6878OU,T3
-7172GI,T0
+4958KI,T3
-6271OU,T0
+3736FU,T3
-4152KI,T0
+4857GI,T3
-3243GI,T12
+8877KA,T3
-7374FU,T12
+5746GI,T3
-4445FU,T12
+7733UM,T3
-2133KE,T12
+4637GI,T3
-0044KA,T12
+2524FU,T3
-2324FU,T12
+2824HI,T3
-4546FU,T12
+3746GI,T3
-4499UM,T12
+7988GI,T3
-9988UM,T12
+7888OU,T3
-0022FU,T12
+2428HI,T3
-4344GI,T12
+3635FU,T3
-9495FU,T12
+3534FU,T3
-9596FU,T12
+3433TO,T3
-9697TO,T12
+8878OU,T3
-9787TO,T12
+7887OU,T3
-0098GI,T12
+8778OU,T3
-4433GI,T12
+0055KA,T3
-0045FU,T12
+4657GI,T3
-9889GI,T12
+7889OU,T3
-4546FU,T12
+5746GI,T3
-0045FU,T12
+4657GI,T3
-4546FU,T12
+5746GI,T3
-8173KE,T12
+5533UM,T3
-0045FU,T12
+4655GI,T3
-4546FU,T12
+5546GI,T3
-0044KY,T12
+0086KE,T3
-4446KY,T12
+8674KE,T3
-0082GI,T12
+3342UM,T3
-5242KI,T12
+0031HI,T3
-0077KE,T12
+8978OU,T3
-0096KA,T12
+7877OU,T3
-9674KA,T12
+2822RY,T3
-4647NY,T12
+2242RY,T3
-7385KE,T12
+7766OU,T3
-0054KE,T12
+6655OU,T3
-0041FU,T12
+3141RY,T3
-8273GI,T12
+0093KA,T3
-9193KY,T12
+0081KI,T2
-7181OU,T12
+4161RY,T2
-7261GI,T12
+0092GI,T2
-8171OU,T12
+0081KI,T2
%TORYO
#RESIGN
#LOSE
