LOGIN:tenuki OK
BEGIN Game_Summary
Protocol_Version:1.2
Protocol_Mode:Server
Format:Shogi 1.0
Declaration:Jishogi 1.1
Game_ID:dr2prod+dr2prdy1-9_toarubaito_tenuki-600-2F+toarubaito+tenuki+20211120170032
Name+:toarubaito
Name-:tenuki
Your_Turn:-
Rematch_On_Draw:NO
To_Move:+
Max_Moves:512
BEGIN Time
Time_Unit:1sec
Total_Time:600
Byoyomi:0
Increment:2
Least_Time_Per_Move:0
END Time
BEGIN Position
P1-KY-KE-GI-KI-OU-KI-GI-KE-KY
P2 * -HI *  *  *  *  * -KA * 
P3-FU-FU-FU-FU-FU-FU-FU-FU-FU
P4 *  *  *  *  *  *  *  *  * 
P5 *  *  *  *  *  *  *  *  * 
P6 *  *  *  *  *  *  *  *  * 
P7+FU+FU+FU+FU+FU+FU+FU+FU+FU
P8 * +KA *  *  *  *  * +HI * 
P9+KY+KE+GI+KI+OU+KI+GI+KE+KY
+
END Position
END Game_Summary
START:dr2prod+dr2prdy1-9_toarubaito_tenuki-600-2F+toarubaito+tenuki+20211120170032
+7776FU,T4
-3334FU,T0
+2726FU,T1
-8242HI,T0
+5968OU,T2
-2288UM,T0
+7988GI,T1
-3122GI,T0
+3948GI,T2
-2233GI,T12
+6878OU,T2
-6162KI,T12
+4958KI,T11
-5161OU,T12
+8877GI,T13
-9394FU,T12
+9796FU,T2
-7182GI,T12
+7675FU,T21
-4222HI,T12
+4746FU,T21
-2324FU,T12
+4847GI,T2
-8384FU,T12
+3736FU,T15
-6172OU,T12
+2937KE,T6
-3344GI,T12
+4645FU,T47
-4455GI,T12
+7776GI,T5
-5564GI,T12
+0077KA,T21
-2212HI,T12
+2625FU,T11
-7374FU,T12
+7574FU,T21
-3435FU,T12
+3635FU,T9
-2425FU,T12
+2825HI,T11
-4131KI,T12
+0022FU,T27
-0075FU,T12
+7675GI,T4
-6475GI,T12
+2221TO,T1
-0064KA,T12
+5848KI,T33
-7576GI,T12
+7733UM,T12
-3142KI,T12
+3366UM,T21
-0065GI,T12
+6688UM,T3
-1232HI,T12
+2111TO,T38
-5354FU,T12
+0034KY,T10
-7667GI,T12
+7867OU,T6
-0033FU,T12
+0066FU,T34
-6574GI,T12
+2521RY,T19
-3334FU,T12
+0051GI,T12
-8273GI,T12
+5162NG,T20
-7362GI,T12
+0075FU,T3
-7475GI,T12
+0076FU,T4
-7576GI,T12
+6776OU,T1
-3435FU,T12
+0074GI,T32
-0075GI,T12
+7667OU,T3
-0051KY,T12
+6665FU,T9
-6453KA,T12
+4544FU,T18
-4344FU,T12
+0043KE,T10
-0073FU,T12
+0083KI,T6
-7261OU,T12
+4351NK,T4
-6251GI,T12
+7463NG,T2
-0066FU,T12
+6758OU,T5
-6667TO,T12
+5867OU,T3
-0066FU,T12
+6758OU,T2
-6667TO,T12
+5867OU,T1
-0066FU,T12
+6758OU,T1
-6667TO,T12
+5867OU,T1
-0066FU,T12
+6758OU,T2
-6667TO,T12
+5867OU,T2
-0055KE,T12
+8855UM,T3
-4243KI,T12
+2132RY,T4
-7576GI,T12
+6776OU,T1
-5152GI,T12
+3252RY,T7
-6171OU,T12
+8372KI,T1
%TORYO
#RESIGN
#LOSE
