LOGIN:tenuki OK
BEGIN Game_Summary
Protocol_Version:1.2
Protocol_Mode:Server
Format:Shogi 1.0
Declaration:Jishogi 1.1
Game_ID:dr2prod+dr2prdy1-8_tenuki_usapyon-600-2F+tenuki+usapyon+20211120161735
Name+:tenuki
Name-:usapyon
Your_Turn:+
Rematch_On_Draw:NO
To_Move:+
Max_Moves:512
BEGIN Time
Time_Unit:1sec
Total_Time:600
Byoyomi:0
Increment:2
Least_Time_Per_Move:0
END Time
BEGIN Position
P1-KY-KE-GI-KI-OU-KI-GI-KE-KY
P2 * -HI *  *  *  *  * -KA * 
P3-FU-FU-FU-FU-FU-FU-FU-FU-FU
P4 *  *  *  *  *  *  *  *  * 
P5 *  *  *  *  *  *  *  *  * 
P6 *  *  *  *  *  *  *  *  * 
P7+FU+FU+FU+FU+FU+FU+FU+FU+FU
P8 * +KA *  *  *  *  * +HI * 
P9+KY+KE+GI+KI+OU+KI+GI+KE+KY
+
END Position
END Game_Summary
START:dr2prod+dr2prdy1-8_tenuki_usapyon-600-2F+tenuki+usapyon+20211120161735
+5756FU,T0
-3334FU,T0
+2858HI,T0
-5354FU,T0
+7776FU,T12
-7162GI,T0
+5948OU,T12
-5142OU,T0
+4838OU,T12
-4232OU,T0
+1716FU,T12
-1314FU,T0
+5655FU,T12
-5455FU,T10
+3948GI,T12
-8384FU,T10
+7978GI,T12
-6253GI,T15
+8855KA,T12
-2255KA,T15
+5855HI,T12
-3242OU,T13
+5559HI,T12
-5364GI,T11
+6766FU,T12
-4232OU,T11
+8977KE,T12
-0044KA,T12
+7867GI,T12
-6152KI,T15
+6978KI,T12
-3242OU,T15
+4857GI,T12
-4471KA,T15
+0054FU,T12
-6455GI,T15
+7765KE,T12
-5544GI,T13
+5746GI,T12
-6364FU,T15
+5453TO,T12
-4453GI,T15
+6553NK,T12
-5253KI,T15
+0054GI,T12
-5352KI,T11
+6665FU,T12
-0053FU,T11
+5445GI,T12
-6465FU,T15
+6756GI,T12
-4344FU,T11
+4544GI,T12
-0043FU,T15
+4455GI,T12
-4232OU,T15
+5665GI,T12
-3222OU,T12
+5969HI,T12
-4132KI,T15
+6556GI,T12
-0062FU,T15
+3736FU,T12
-5242KI,T15
+0077KA,T12
-7374FU,T11
+0054FU,T12
-5354FU,T11
+5554GI,T12
-2133KE,T10
+3635FU,T12
-0044KE,T16
+3534FU,T12
-4456KE,T10
+3433TO,T12
-4233KI,T10
+0034FU,T12
-3344KI,T13
+5445GI,T12
-0048GI,T15
+4948KI,T12
-5648NK,T15
+3848OU,T12
-2212OU,T15
+0025KE,T12
-3122GI,T15
+0033GI,T12
-0031KI,T10
+1615FU,T12
-2324FU,T13
+1514FU,T12
-2425FU,T15
+1413TO,T12
-2213GI,T15
+0024KE,T12
-1223OU,T12
+1913NY,T12
-2313OU,T15
+2432NK,T12
-0023KY,T15
+0015FU,T12
-3132KI,T15
+0014KI,T12
-1312OU,T8
+3332NG,T12
-0021KE,T1
+0022KI,T12
%TORYO
#RESIGN
#WIN
