LOGIN:tenuki OK
BEGIN Game_Summary
Protocol_Version:1.2
Protocol_Mode:Server
Format:Shogi 1.0
Declaration:Jishogi 1.1
Game_ID:dr2prod+dr2prdy1-1_tenuki_tanuki-600-2F+tenuki+tanuki+20211120100030
Name+:tenuki
Name-:tanuki
Your_Turn:+
Rematch_On_Draw:NO
To_Move:+
Max_Moves:512
BEGIN Time
Time_Unit:1sec
Total_Time:600
Byoyomi:0
Increment:2
Least_Time_Per_Move:0
END Time
BEGIN Position
P1-KY-KE-GI-KI-OU-KI-GI-KE-KY
P2 * -HI *  *  *  *  * -KA * 
P3-FU-FU-FU-FU-FU-FU-FU-FU-FU
P4 *  *  *  *  *  *  *  *  * 
P5 *  *  *  *  *  *  *  *  * 
P6 *  *  *  *  *  *  *  *  * 
P7+FU+FU+FU+FU+FU+FU+FU+FU+FU
P8 * +KA *  *  *  *  * +HI * 
P9+KY+KE+GI+KI+OU+KI+GI+KE+KY
+
END Position
END Game_Summary
START:dr2prod+dr2prdy1-1_tenuki_tanuki-600-2F+tenuki+tanuki+20211120100030
+5756FU,T0
-3334FU,T7
+2858HI,T0
-5142OU,T3
+7776FU,T12
-1314FU,T12
+3736FU,T12
-8384FU,T9
+6766FU,T12
-8485FU,T8
+8877KA,T12
-7162GI,T1
+7968GI,T12
-7374FU,T7
+6978KI,T12
-6152KI,T14
+6867GI,T12
-3132GI,T11
+3948GI,T12
-8272HI,T5
+4857GI,T12
-4231OU,T1
+5746GI,T12
-7475FU,T5
+7675FU,T12
-7275HI,T1
+0076FU,T12
-7574HI,T1
+5838HI,T12
-4344FU,T3
+3635FU,T12
-4445FU,T3
+4645GI,T12
-3435FU,T1
+3835HI,T12
-5243KI,T1
+1716FU,T12
-2133KE,T2
+4536GI,T12
-0045FU,T1
+0034FU,T12
-4334KI,T2
+3534HI,T12
-7434HI,T1
+0035KI,T12
-3435HI,T3
+3635GI,T12
-0028HI,T1
+4939KI,T12
-2827RY,T1
+0034FU,T12
-3325KE,T3
+0082HI,T12
-2736RY,T8
+3949KI,T12
-0071KI,T1
+8285RY,T12
-3635RY,T1
+1615FU,T12
-8173KE,T2
+7768KA,T12
-3526RY,T2
+8545RY,T12
-2629RY,T1
+3433TO,T12
-2233KA,T2
+0034FU,T12
-3322KA,T3
+3433TO,T12
-2233KA,T14
+5958OU,T12
-2537NK,T3
+0039FU,T12
-0048FU,T14
+4959KI,T12
-2939RY,T1
+1514FU,T12
-4849TO,T3
+1413TO,T12
-4959TO,T3
+6859KA,T12
-0057GI,T0
+5857OU,T12
-3959RY,T0
+6758GI,T12
-0048KA,T0
+5746OU,T12
-3736NK,T0
+4536RY,T12
-0054KE,T0
+4635OU,T12
-0024KI,T0
+3545OU,T12
-0044FU,T0
+4555OU,T12
-4866UM,T0
%TORYO
#RESIGN
#LOSE
