LOGIN:tenuki OK
BEGIN Game_Summary
Protocol_Version:1.2
Protocol_Mode:Server
Format:Shogi 1.0
Declaration:Jishogi 1.1
Game_ID:dr2prod+dr2prdy1-3_katsudon_tenuki-600-2F+katsudon+tenuki+20211120113031
Name+:katsudon
Name-:tenuki
Your_Turn:-
Rematch_On_Draw:NO
To_Move:+
Max_Moves:512
BEGIN Time
Time_Unit:1sec
Total_Time:600
Byoyomi:0
Increment:2
Least_Time_Per_Move:0
END Time
BEGIN Position
P1-KY-KE-GI-KI-OU-KI-GI-KE-KY
P2 * -HI *  *  *  *  * -KA * 
P3-FU-FU-FU-FU-FU-FU-FU-FU-FU
P4 *  *  *  *  *  *  *  *  * 
P5 *  *  *  *  *  *  *  *  * 
P6 *  *  *  *  *  *  *  *  * 
P7+FU+FU+FU+FU+FU+FU+FU+FU+FU
P8 * +KA *  *  *  *  * +HI * 
P9+KY+KE+GI+KI+OU+KI+GI+KE+KY
+
END Position
END Game_Summary
START:dr2prod+dr2prdy1-3_katsudon_tenuki-600-2F+katsudon+tenuki+20211120113031
+6978KI,T0
-8384FU,T12
+2858HI,T0
-8485FU,T12
+9998KY,T1
-7162GI,T12
+7968GI,T1
-1314FU,T12
+1716FU,T0
-8586FU,T12
+8786FU,T0
-8286HI,T12
+0087FU,T0
-8682HI,T12
+6766FU,T0
-3334FU,T12
+6867GI,T0
-6152KI,T12
+5756FU,T0
-5142OU,T12
+7776FU,T0
-3132GI,T12
+5948OU,T0
-7374FU,T12
+5859HI,T0
-6273GI,T12
+4838OU,T0
-7364GI,T12
+3948GI,T0
-4231OU,T12
+8879KA,T0
-7475FU,T12
+6665FU,T0
-6465GI,T12
+7946KA,T0
-6364FU,T12
+5655FU,T0
-8283HI,T12
+7675FU,T0
-0086FU,T12
+8786FU,T0
-8386HI,T12
+4668KA,T0
-0077FU,T12
+6877KA,T0
-8682HI,T12
+0087FU,T0
-0076FU,T12
+7788KA,T0
-8173KE,T12
+0066FU,T0
-8281HI,T12
+6665FU,T0
-7365KE,T12
+6776GI,T0
-0086FU,T12
+0066FU,T0
-8687TO,T12
+7687GI,T0
-0077FU,T12
+8977KE,T0
-8187RY,T12
+7887KI,T0
-0068GI,T12
+6665FU,T0
-6859GI,T12
+4959KI,T0
-6465FU,T12
+7765KE,T0
-0086FU,T12
+5554FU,T0
-5354FU,T12
+0026KE,T0
-8687TO,T12
+8822KA,T0
-3122OU,T12
+2634KE,T0
-2233OU,T12
+0022KA,T0
-3334OU,T12
+0035HI,T0
-3435OU,T12
+0036GI,T0
-3534OU,T12
+0025GI,T0
%TORYO
#RESIGN
#LOSE
