LOGIN:tenuki OK
BEGIN Game_Summary
Protocol_Version:1.2
Protocol_Mode:Server
Format:Shogi 1.0
Declaration:Jishogi 1.1
Game_ID:dr2prod+dr2prdb-6_arakippe_tenuki-600-2F+arakippe+tenuki+20211121115025
Name+:arakippe
Name-:tenuki
Your_Turn:-
Rematch_On_Draw:NO
To_Move:+
Max_Moves:512
BEGIN Time
Time_Unit:1sec
Total_Time:600
Byoyomi:0
Increment:2
Least_Time_Per_Move:0
END Time
BEGIN Position
P1-KY-KE-GI-KI-OU-KI-GI-KE-KY
P2 * -HI *  *  *  *  * -KA * 
P3-FU-FU-FU-FU-FU-FU-FU-FU-FU
P4 *  *  *  *  *  *  *  *  * 
P5 *  *  *  *  *  *  *  *  * 
P6 *  *  *  *  *  *  *  *  * 
P7+FU+FU+FU+FU+FU+FU+FU+FU+FU
P8 * +KA *  *  *  *  * +HI * 
P9+KY+KE+GI+KI+OU+KI+GI+KE+KY
+
END Position
END Game_Summary
START:dr2prod+dr2prdb-6_arakippe_tenuki-600-2F+arakippe+tenuki+20211121115025
+2726FU,T3
-8384FU,T0
+2625FU,T1
-8485FU,T0
+7776FU,T1
-4132KI,T0
+8877KA,T1
-3334FU,T0
+7968GI,T1
-2277UM,T0
+6877GI,T0
-3122GI,T0
+3948GI,T2
-2233GI,T12
+3736FU,T1
-7162GI,T12
+4746FU,T1
-6364FU,T12
+2937KE,T3
-5142OU,T12
+6978KI,T3
-1314FU,T12
+1716FU,T1
-6263GI,T12
+5968OU,T2
-7374FU,T12
+4847GI,T1
-8173KE,T12
+2829HI,T3
-6354GI,T12
+4948KI,T15
-4344FU,T12
+9796FU,T2
-6162KI,T12
+4756GI,T11
-8281HI,T12
+9695FU,T16
-4231OU,T12
+4838KI,T3
-7365KE,T12
+7766GI,T4
-3122OU,T12
+4645FU,T40
-7475FU,T12
+6675GI,T42
-3435FU,T12
+6766FU,T178
-6557NK,T12
+6857OU,T1
-3536FU,T12
+0034FU,T11
-3334GI,T12
+0046KE,T2
-0035KA,T12
+5747OU,T30
-3637TO,T12
+3837KI,T1
-3445GI,T12
+4654KE,T1
-0036FU,T12
+3738KI,T41
-5354FU,T12
+5645GI,T4
-4445FU,T12
+4736OU,T12
-0034FU,T12
+0037GI,T27
-8141HI,T12
+0047FU,T67
-3557UM,T12
+0048GI,T17
-5756UM,T12
+7868KI,T3
-4546FU,T12
+6858KI,T13
-1415FU,T12
+3626OU,T69
-0055KE,T12
+3736GI,T6
-5547NK,T12
+4847GI,T1
-4647TO,T12
+5847KI,T2
-0035GI,T12
+3635GI,T2
-5647UM,T12
+3847KI,T5
-4147RY,T12
%TORYO
#RESIGN
#WIN
