LOGIN:tenuki OK
BEGIN Game_Summary
Protocol_Version:1.2
Protocol_Mode:Server
Format:Shogi 1.0
Declaration:Jishogi 1.1
Game_ID:dr2prod+dr2prdb-7_wanderer_tenuki-600-2F+wanderer+tenuki+20211121131524
Name+:wanderer
Name-:tenuki
Your_Turn:-
Rematch_On_Draw:NO
To_Move:+
Max_Moves:512
BEGIN Time
Time_Unit:1sec
Total_Time:600
Byoyomi:0
Increment:2
Least_Time_Per_Move:0
END Time
BEGIN Position
P1-KY-KE-GI-KI-OU-KI-GI-KE-KY
P2 * -HI *  *  *  *  * -KA * 
P3-FU-FU-FU-FU-FU-FU-FU-FU-FU
P4 *  *  *  *  *  *  *  *  * 
P5 *  *  *  *  *  *  *  *  * 
P6 *  *  *  *  *  *  *  *  * 
P7+FU+FU+FU+FU+FU+FU+FU+FU+FU
P8 * +KA *  *  *  *  * +HI * 
P9+KY+KE+GI+KI+OU+KI+GI+KE+KY
+
END Position
END Game_Summary
START:dr2prod+dr2prdb-7_wanderer_tenuki-600-2F+wanderer+tenuki+20211121131524
+2726FU,T0
-8384FU,T0
+2625FU,T0
-8485FU,T0
+6978KI,T0
-4132KI,T0
+3938GI,T0
-7172GI,T0
+9796FU,T0
-5152OU,T12
+4746FU,T0
-8586FU,T12
+8786FU,T0
-8286HI,T12
+3847GI,T0
-8684HI,T12
+0087FU,T0
-3334FU,T12
+2524FU,T2
-2324FU,T12
+2824HI,T5
-7374FU,T12
+2428HI,T9
-7475FU,T12
+0024FU,T4
-2244KA,T12
+2423TO,T3
-0027FU,T12
+2827HI,T6
-0026FU,T12
+2332TO,T4
-2627TO,T12
+3231TO,T4
-2133KE,T12
+7776FU,T3
-4488UM,T12
+7888KI,T4
-0014KA,T12
+0095KA,T7
-1447UM,T12
+0058GI,T5
-2738TO,T12
+5847GI,T4
-3849TO,T12
+5949OU,T3
-0069HI,T12
+0059KI,T3
-6979RY,T12
+9584KA,T4
-0039KI,T12
+4939OU,T6
-7959RY,T12
+0049KI,T4
-0048KI,T12
+3928OU,T1
-0039GI,T12
+2827OU,T3
-3928NG,T12
+2716OU,T2
-0025GI,T12
+1615OU,T0
-2514GI,T12
+1524OU,T0
-7273GI,T12
+0022HI,T0
-5251OU,T12
+3141TO,T0
-5141OU,T12
+2433OU,T0
-5949RY,T12
+2242RY,T0
%TORYO
#RESIGN
#LOSE
