LOGIN:tenuki OK
BEGIN Game_Summary
Protocol_Version:1.2
Protocol_Mode:Server
Format:Shogi 1.0
Declaration:Jishogi 1.1
Game_ID:dr2prod+dr2prdy1-5_vtuber_tenuki-600-2F+vtuber+tenuki+20211120140024
Name+:vtuber
Name-:tenuki
Your_Turn:-
Rematch_On_Draw:NO
To_Move:+
Max_Moves:512
BEGIN Time
Time_Unit:1sec
Total_Time:600
Byoyomi:0
Increment:2
Least_Time_Per_Move:0
END Time
BEGIN Position
P1-KY-KE-GI-KI-OU-KI-GI-KE-KY
P2 * -HI *  *  *  *  * -KA * 
P3-FU-FU-FU-FU-FU-FU-FU-FU-FU
P4 *  *  *  *  *  *  *  *  * 
P5 *  *  *  *  *  *  *  *  * 
P6 *  *  *  *  *  *  *  *  * 
P7+FU+FU+FU+FU+FU+FU+FU+FU+FU
P8 * +KA *  *  *  *  * +HI * 
P9+KY+KE+GI+KI+OU+KI+GI+KE+KY
+
END Position
END Game_Summary
START:dr2prod+dr2prdy1-5_vtuber_tenuki-600-2F+vtuber+tenuki+20211120140024
+7776FU,T4
-8384FU,T0
+2868HI,T4
-3334FU,T0
+1716FU,T2
-1314FU,T12
+5948OU,T2
-8485FU,T12
+8822UM,T2
-3122GI,T12
+7988GI,T1
-7162GI,T12
+8877GI,T1
-5142OU,T12
+4838OU,T1
-4232OU,T12
+3828OU,T1
-2233GI,T12
+3938GI,T1
-6364FU,T12
+6766FU,T5
-6263GI,T12
+6958KI,T4
-6152KI,T12
+4746FU,T1
-7374FU,T12
+3736FU,T2
-3222OU,T12
+2937KE,T2
-4132KI,T12
+2726FU,T2
-6354GI,T12
+5847KI,T7
-4344FU,T12
+2625FU,T2
-5242KI,T12
+3827GI,T3
-9394FU,T12
+4938KI,T1
-9495FU,T12
+2839OU,T7
-7475FU,T12
+7675FU,T3
-9596FU,T12
+9796FU,T20
-8586FU,T12
+7786GI,T13
-0076KA,T12
+8677GI,T273
-7687UM,T12
+0088FU,T1
-0076FU,T12
+8887FU,T23
-7677TO,T12
+8977KE,T25
-8287RY,T12
+3928OU,T2
-0076FU,T12
+7785KE,T14
-7677TO,T12
+6869HI,T1
-7767TO,T12
+3635FU,T22
-6757TO,T12
+4757KI,T9
-8757RY,T12
+0039KA,T2
-5758RY,T12
+0047KA,T3
-5847RY,T12
+3847KI,T3
-0058KA,T12
+0067HI,T2
-0076GI,T12
+4748KI,T10
-7667GI,T12
+4858KI,T2
-6758GI,T12
+3534FU,T0
-3334GI,T12
+0035FU,T1
-0036FU,T12
+2736GI,T2
-0026KI,T12
+3627GI,T6
-2627KI,T12
+2827OU,T1
-3435GI,T12
+0026KI,T7
-0029HI,T12
+0028KA,T3
-3526GI,T12
+2726OU,T1
-5869GI,T12
+0038GI,T1
-2919RY,T12
+2819KA,T1
-0068HI,T12
+3827GI,T14
-0038GI,T12
+3957KA,T21
-3827GI,T12
+2627OU,T2
-6858RY,T12
+0048GI,T12
-0035GI,T12
+0026HI,T10
-3526GI,T12
+2726OU,T1
-0029HI,T12
+0028GI,T1
-0035FU,T12
+2635OU,T3
-4233KI,T12
+0034FU,T2
-3334KI,T12
+3526OU,T4
-0088KY,T12
+0035FU,T2
-3435KI,T12
+2635OU,T1
-0034FU,T12
+3526OU,T1
-0038KI,T6
+0039KI,T17
-3828KI,T2
+1928KA,T2
-2939RY,T2
+2839KA,T1
-0035GI,T2
+2617OU,T4
-0026KI,T2
+1728OU,T1
-0027KI,T2
+2829OU,T1
-5848RY,T2
+5748KA,T9
-0018GI,T2
%TORYO
#RESIGN
#WIN
