LOGIN:tenuki OK
BEGIN Game_Summary
Protocol_Version:1.2
Protocol_Mode:Server
Format:Shogi 1.0
Declaration:Jishogi 1.1
Game_ID:dr2prod+dr2prdy1-7_tenuki_qinoa-600-2F+tenuki+qinoa+20211120153027
Name+:tenuki
Name-:qinoa
Your_Turn:+
Rematch_On_Draw:NO
To_Move:+
Max_Moves:512
BEGIN Time
Time_Unit:1sec
Total_Time:600
Byoyomi:0
Increment:2
Least_Time_Per_Move:0
END Time
BEGIN Position
P1-KY-KE-GI-KI-OU-KI-GI-KE-KY
P2 * -HI *  *  *  *  * -KA * 
P3-FU-FU-FU-FU-FU-FU-FU-FU-FU
P4 *  *  *  *  *  *  *  *  * 
P5 *  *  *  *  *  *  *  *  * 
P6 *  *  *  *  *  *  *  *  * 
P7+FU+FU+FU+FU+FU+FU+FU+FU+FU
P8 * +KA *  *  *  *  * +HI * 
P9+KY+KE+GI+KI+OU+KI+GI+KE+KY
+
END Position
END Game_Summary
START:dr2prod+dr2prdy1-7_tenuki_qinoa-600-2F+tenuki+qinoa+20211120153027
+7776FU,T0
-3334FU,T2
+2726FU,T0
-4344FU,T0
+2625FU,T0
-2233KA,T0
+3948GI,T0
-9394FU,T0
+5968OU,T12
-8242HI,T0
+9796FU,T0
-7172GI,T0
+5756FU,T12
-5162OU,T13
+4958KI,T12
-6271OU,T12
+6878OU,T12
-3132GI,T0
+3736FU,T0
-7182OU,T0
+8877KA,T12
-6364FU,T13
+7988GI,T12
-3243GI,T12
+8786FU,T12
-4152KI,T13
+8887GI,T12
-7374FU,T13
+7888OU,T12
-8384FU,T13
+9998KY,T12
-5263KI,T13
+8899OU,T12
-7283GI,T13
+5868KI,T12
-6172KI,T12
+6878KI,T12
-1314FU,T13
+6979KI,T12
-4354GI,T13
+3635FU,T12
-3435FU,T13
+2838HI,T12
-5443GI,T12
+3835HI,T12
-0034FU,T13
+3536HI,T12
-8173KE,T13
+7988KI,T12
-4222HI,T12
+2937KE,T12
-5354FU,T12
+4859GI,T12
-2324FU,T13
+5968GI,T12
-2425FU,T13
+0035FU,T12
-2224HI,T12
+3534FU,T12
-4334GI,T13
+0035FU,T12
-3443GI,T12
+5655FU,T12
-2526FU,T13
+5554FU,T12
-2627TO,T12
+3745KE,T12
-4445FU,T12
+7733UM,T12
-2133KE,T13
+3534FU,T12
-2737TO,T13
+3433TO,T12
-3736TO,T12
+3343TO,T12
-2454HI,T12
+0061GI,T12
-7262KI,T12
+0041KA,T12
-0051FU,T12
+7675FU,T12
-7475FU,T13
+0053FU,T12
-0058HI,T12
+0066KE,T12
-5455HI,T12
+5352TO,T12
-5152FU,T12
+4352TO,T12
-6252KI,T12
+6152GI,T12
-5552HI,T11
+0054KI,T12
-6362KI,T10
+4152UM,T12
-6252KI,T10
+0074FU,T12
-0063GI,T10
+0032HI,T12
-8372GI,T9
+5463KI,T12
-5263KI,T9
+0052GI,T12
-6362KI,T9
+7473TO,T12
-6273KI,T8
+0074KE,T12
-8283OU,T8
+7462NK,T12
-0065KA,T7
+6272NK,T12
-7372KI,T6
+3233RY,T12
-0073KI,T7
+0063GI,T12
-7271KI,T7
+8977KE,T12
-6547UM,T6
+3331RY,T12
-0044KA,T5
+9695FU,T12
-9495FU,T6
+3141RY,T12
-4435KA,T4
+4111RY,T12
-0096KE,T4
+8796GI,T12
-0076KE,T4
+0085KE,T12
-8485FU,T5
+7785KE,T12
-7384KI,T5
+1171RY,T4
-3571KA,T3
+8573NK,T2
-8373OU,T4
+0074FU,T2
-7383OU,T3
+7473TO,T2
-8373OU,T4
+9685GI,T2
-0039HI,T3
+0089KY,T2
-8485KI,T2
+0072KI,T2
-7384OU,T3
+8685FU,T2
-8485OU,T3
+0086KI,T2
-8584OU,T3
+7271KI,T2
-7688NK,T3
+7888KI,T2
-0076KE,T3
+0062KA,T2
-0073KE,T3
+6273UM,T2
-8473OU,T2
+7172KI,T2
-7384OU,T2
+8676KI,T2
-7576FU,T2
+0059KE,T2
-4783UM,T2
+7282KI,T2
-8338UM,T2
+0077KE,T2
-0085FU,T2
+8878KI,T2
-7677TO,T2
+7877KI,T2
-5868RY,T2
+6374NG,T2
-3874UM,T2
+6674KE,T2
-0088GI,T0
+8988KY,T2
-6859RY,T0
+0069KE,T2
-5969RY,T0
+0079GI,T2
-6979RY,T0
+0089FU,T2
-7989RY,T0
%TORYO
#RESIGN
#LOSE
