LOGIN:tenuki OK
BEGIN Game_Summary
Protocol_Version:1.2
Protocol_Mode:Server
Format:Shogi 1.0
Declaration:Jishogi 1.1
Game_ID:dr2prod+dr2prdy1-2_lightweight_tenuki-600-2F+lightweight+tenuki+20211120104544
Name+:lightweight
Name-:tenuki
Your_Turn:-
Rematch_On_Draw:NO
To_Move:+
Max_Moves:512
BEGIN Time
Time_Unit:1sec
Total_Time:600
Byoyomi:0
Increment:2
Least_Time_Per_Move:0
END Time
BEGIN Position
P1-KY-KE-GI-KI-OU-KI-GI-KE-KY
P2 * -HI *  *  *  *  * -KA * 
P3-FU-FU-FU-FU-FU-FU-FU-FU-FU
P4 *  *  *  *  *  *  *  *  * 
P5 *  *  *  *  *  *  *  *  * 
P6 *  *  *  *  *  *  *  *  * 
P7+FU+FU+FU+FU+FU+FU+FU+FU+FU
P8 * +KA *  *  *  *  * +HI * 
P9+KY+KE+GI+KI+OU+KI+GI+KE+KY
+
END Position
END Game_Summary
START:dr2prod+dr2prdy1-2_lightweight_tenuki-600-2F+lightweight+tenuki+20211120104544
+2726FU,T0
-8384FU,T0
+2625FU,T0
-8485FU,T0
+6978KI,T0
-4132KI,T0
+3938GI,T0
-7172GI,T0
+9796FU,T0
-5152OU,T12
+4746FU,T0
-8586FU,T12
+8786FU,T0
-8286HI,T12
+3847GI,T0
-0087FU,T12
+8897KA,T0
-8684HI,T12
+0086FU,T13
-9394FU,T12
+7887KI,T11
-9495FU,T12
+9695FU,T15
-9195KY,T12
+0096FU,T16
-9596KY,T12
+8796KI,T3
-3334FU,T12
+8685FU,T19
-8494HI,T12
+0095FU,T12
-9454HI,T12
+5968OU,T64
-2233KA,T12
+4958KI,T20
-7374FU,T12
+6878OU,T51
-3142GI,T12
+4756GI,T23
-7475FU,T12
+9775KA,T41
-5474HI,T12
+9686KI,T10
-7475HI,T12
+8675KI,T4
-0086FU,T12
+7988GI,T9
-5241OU,T12
+7576KI,T13
-0054KA,T12
+5665GI,T2
-5465KA,T12
+7665KI,T2
-0076FU,T12
+5868KI,T2
-7677TO,T12
+6877KI,T4
-0087GI,T12
+8887GI,T10
-8687TO,T12
+7887OU,T2
-8173KE,T12
+6566KI,T2
-0074GI,T12
+0088GI,T19
-7485GI,T12
+0086FU,T11
-0076FU,T12
+7776KI,T45
-8576GI,T12
+6676KI,T2
-0065KI,T12
+7677KI,T31
-0085FU,T12
+8685FU,T4
-6575KI,T12
+0076FU,T9
-7585KI,T12
+0086FU,T7
-8584KI,T12
+6766FU,T12
-0085FU,T12
+8685FU,T6
-7385KE,T12
+7767KI,T1
-6364FU,T12
+0086FU,T7
-0098FU,T12
+9998KY,T11
-6465FU,T12
+6665FU,T11
-4131OU,T12
+8685FU,T7
-8485KI,T12
+0086FU,T1
-8584KI,T12
+9594FU,T7
-1314FU,T12
+9493TO,T5
-0085FU,T12
+8685FU,T7
-8485KI,T12
+0086FU,T1
-8584KI,T12
+9394TO,T6
-8474KI,T12
+0075KY,T8
-7475KI,T12
+7675FU,T1
-0066FU,T12
+6777KI,T21
-6667TO,T12
+7767KI,T1
-0066KY,T12
+6777KI,T8
-6151KI,T12
+0071HI,T21
-5161KI,T12
+7191RY,T3
-3355KA,T12
+0064KE,T17
-5546KA,T12
+6472NK,T13
-4691KA,T12
+7261NK,T0
-9146KA,T12
+7766KI,T11
-4657UM,T10
+6676KI,T12
-0097FU,T2
+9897KY,T8
-0049HI,T2
+6564FU,T11
-4989RY,T2
+6463TO,T9
-5779UM,T2
+0099KI,T3
-7969UM,T2
+0078KY,T3
-6978UM,T2
+2878HI,T2
-8978RY,T2
+8778OU,T1
-0096FU,T2
+9796KY,T3
-0026HI,T2
+7887OU,T3
-2625HI,T2
+6352TO,T3
-4233GI,T2
+0013GI,T0
-2113KE,T2
+0041HI,T0
-3122OU,T2
+0021KI,T0
-2212OU,T2
+2111KI,T0
-1222OU,T2
+4121RY,T0
%TORYO
#RESIGN
#LOSE
